[18:21:48] [main/INFO] (FabricLoader/GameProvider) Loading Minecraft 1.20.1 with Fabric Loader 0.16.5
[18:21:48] [main/INFO] (FabricLoader) Loading 61 mods:
	- country 1.0.1
	- fabric-api 0.92.2+1.20.1
	- fabric-api-base 0.4.31+1802ada577
	- fabric-api-lookup-api-v1 1.6.36+1802ada577
	- fabric-biome-api-v1 13.0.13+1802ada577
	- fabric-block-api-v1 1.0.11+1802ada577
	- fabric-block-view-api-v2 1.0.1+1802ada577
	- fabric-blockrenderlayer-v1 1.1.41+1802ada577
	- fabric-client-tags-api-v1 1.1.2+1802ada577
	- fabric-command-api-v1 1.2.34+f71b366f77
	- fabric-command-api-v2 2.2.13+1802ada577
	- fabric-commands-v0 0.2.51+df3654b377
	- fabric-containers-v0 0.1.64+df3654b377
	- fabric-content-registries-v0 4.0.11+1802ada577
	- fabric-convention-tags-v1 1.5.5+1802ada577
	- fabric-crash-report-info-v1 0.2.19+1802ada577
	- fabric-data-attachment-api-v1 1.0.0+de0fd6d177
	- fabric-data-generation-api-v1 12.3.4+1802ada577
	- fabric-dimensions-v1 2.1.54+1802ada577
	- fabric-entity-events-v1 1.6.0+1c78457f77
	- fabric-events-interaction-v0 0.6.2+1802ada577
	- fabric-events-lifecycle-v0 0.2.63+df3654b377
	- fabric-game-rule-api-v1 1.0.40+1802ada577
	- fabric-gametest-api-v1 1.2.13+1802ada577
	- fabric-item-api-v1 2.1.28+1802ada577
	- fabric-item-group-api-v1 4.0.12+1802ada577
	- fabric-key-binding-api-v1 1.0.37+1802ada577
	- fabric-keybindings-v0 0.2.35+df3654b377
	- fabric-lifecycle-events-v1 2.2.22+1802ada577
	- fabric-loot-api-v2 1.2.1+1802ada577
	- fabric-loot-tables-v1 1.1.45+9e7660c677
	- fabric-message-api-v1 5.1.9+1802ada577
	- fabric-mining-level-api-v1 2.1.50+1802ada577
	- fabric-model-loading-api-v1 1.0.3+1802ada577
	- fabric-models-v0 0.4.2+9386d8a777
	- fabric-networking-api-v1 1.3.11+1802ada577
	- fabric-networking-v0 0.3.51+df3654b377
	- fabric-object-builder-api-v1 11.1.3+1802ada577
	- fabric-particles-v1 1.1.2+1802ada577
	- fabric-recipe-api-v1 1.0.21+1802ada577
	- fabric-registry-sync-v0 2.3.3+1802ada577
	- fabric-renderer-api-v1 3.2.1+1802ada577
	- fabric-renderer-indigo 1.5.2+85287f9f77
	- fabric-renderer-registries-v1 3.2.46+df3654b377
	- fabric-rendering-data-attachment-v1 0.3.37+92a0d36777
	- fabric-rendering-fluids-v1 3.0.28+1802ada577
	- fabric-rendering-v0 1.1.49+df3654b377
	- fabric-rendering-v1 3.0.8+1802ada577
	- fabric-resource-conditions-api-v1 2.3.8+1802ada577
	- fabric-resource-loader-v0 0.11.10+1802ada577
	- fabric-screen-api-v1 2.0.8+1802ada577
	- fabric-screen-handler-api-v1 1.3.30+1802ada577
	- fabric-sound-api-v1 1.0.13+1802ada577
	- fabric-transfer-api-v1 3.3.5+8dd72ea377
	- fabric-transitive-access-wideners-v1 4.3.1+1802ada577
	- fabricloader 0.16.5
	- java 17
	- minecraft 1.20.1
	- mixinextras 0.4.1
	- neat 1.20-35-FABRIC
	   \-- fiber 0.23.0-2
[18:21:57] [main/INFO] (FabricLoader/Mixin) SpongePowered MIXIN Subsystem Version=0.8.7 Source=file:/C:/Users/abc/.gradle/caches/modules-2/files-2.1/net.fabricmc/sponge-mixin/0.15.3+mixin.0.8.7/51ee0a44ab05f6fddd66b09e66b3a16904f9c55d/sponge-mixin-0.15.3+mixin.0.8.7.jar Service=Knot/Fabric Env=CLIENT
[18:21:58] [main/INFO] (FabricLoader/Mixin) Loaded Fabric development mappings for mixin remapper!
[18:21:58] [main/INFO] (FabricLoader/Mixin) Compatibility level set to JAVA_16
[18:21:58] [main/INFO] (FabricLoader/Mixin) Compatibility level set to JAVA_17
[18:22:03] [main/INFO] (FabricLoader/MixinExtras|Service) Initializing MixinExtras via com.llamalad7.mixinextras.service.MixinExtrasServiceImpl(version=0.4.1).
[18:22:18] [Datafixer Bootstrap/INFO] (Minecraft) 188 Datafixer optimizations took 252 milliseconds
[18:22:23] [Render thread/INFO] (Minecraft) Environment: authHost='https://authserver.mojang.com', accountsHost='https://api.mojang.com', sessionHost='https://sessionserver.mojang.com', servicesHost='https://api.minecraftservices.com', name='PROD'
[18:22:24] [Render thread/ERROR] (Minecraft) Failed to verify authentication
com.mojang.authlib.exceptions.InvalidCredentialsException: Status: 401
	at com.mojang.authlib.exceptions.MinecraftClientHttpException.toAuthenticationException(MinecraftClientHttpException.java:56) ~[authlib-4.0.43.jar:?]
	at com.mojang.authlib.yggdrasil.YggdrasilUserApiService.fetchProperties(YggdrasilUserApiService.java:156) ~[authlib-4.0.43.jar:?]
	at com.mojang.authlib.yggdrasil.YggdrasilUserApiService.<init>(YggdrasilUserApiService.java:55) ~[authlib-4.0.43.jar:?]
	at com.mojang.authlib.yggdrasil.YggdrasilAuthenticationService.createUserApiService(YggdrasilAuthenticationService.java:124) ~[authlib-4.0.43.jar:?]
	at net.minecraft.client.MinecraftClient.createUserApiService(MinecraftClient.java:737) ~[minecraft-clientOnly-7787b014d4-1.20.1-net.fabricmc.yarn.1_20_1.1.20.1+build.10-v2.jar:?]
	at net.minecraft.client.MinecraftClient.<init>(MinecraftClient.java:502) ~[minecraft-clientOnly-7787b014d4-1.20.1-net.fabricmc.yarn.1_20_1.1.20.1+build.10-v2.jar:?]
	at net.minecraft.client.main.Main.main(Main.java:188) ~[minecraft-clientOnly-7787b014d4-1.20.1-net.fabricmc.yarn.1_20_1.1.20.1+build.10-v2.jar:?]
	at net.fabricmc.loader.impl.game.minecraft.MinecraftGameProvider.launch(MinecraftGameProvider.java:480) ~[fabric-loader-0.16.5.jar:?]
	at net.fabricmc.loader.impl.launch.knot.Knot.launch(Knot.java:74) ~[fabric-loader-0.16.5.jar:?]
	at net.fabricmc.loader.impl.launch.knot.KnotClient.main(KnotClient.java:23) ~[fabric-loader-0.16.5.jar:?]
	at net.fabricmc.devlaunchinjector.Main.main(Main.java:86) ~[dev-launch-injector-0.2.1+build.8.jar:?]
Caused by: com.mojang.authlib.exceptions.MinecraftClientHttpException: Status: 401
	at com.mojang.authlib.minecraft.client.MinecraftClient.readInputStream(MinecraftClient.java:85) ~[authlib-4.0.43.jar:?]
	at com.mojang.authlib.minecraft.client.MinecraftClient.get(MinecraftClient.java:48) ~[authlib-4.0.43.jar:?]
	at com.mojang.authlib.yggdrasil.YggdrasilUserApiService.fetchProperties(YggdrasilUserApiService.java:129) ~[authlib-4.0.43.jar:?]
	... 9 more
[18:22:24] [Render thread/INFO] (Minecraft) Setting user: Player282
[18:22:24] [Render thread/INFO] (Indigo) [Indigo] Registering Indigo renderer!
[18:22:25] [Render thread/WARN] (ModNioResourcePack) Fabric NioResourcePack: ignored invalid namespace: Razier in mod ID country
[18:22:25] [Render thread/INFO] (Minecraft) Backend library: LWJGL version 3.3.1 SNAPSHOT
[18:22:25] [Render thread/WARN] (ModNioResourcePack) Fabric NioResourcePack: ignored invalid namespace: Razier in mod ID country
[18:22:27] [Render thread/INFO] (Minecraft) Reloading ResourceManager: vanilla, fabric (fabric-commands-v0, fabric-loot-tables-v1, fabric-registry-sync-v0, fabric-object-builder-api-v1, fabric-api-base, fabric-command-api-v2, fabric-rendering-fluids-v1, fabric-item-group-api-v1, fabric-events-interaction-v0, fabric-networking-v0, fabric-game-rule-api-v1, fabric-renderer-registries-v1, fabric-resource-conditions-api-v1, fabric-message-api-v1, fabric-rendering-v0, fabric-command-api-v1, fabric-renderer-api-v1, fabric-loot-api-v2, fabric-blockrenderlayer-v1, fabric-crash-report-info-v1, fabric-data-attachment-api-v1, fabric-sound-api-v1, fabric-item-api-v1, fabric-keybindings-v0, fabric-api-lookup-api-v1, fabricloader, fabric-convention-tags-v1, fabric-mining-level-api-v1, fabric-key-binding-api-v1, fabric-data-generation-api-v1, fabric-rendering-v1, fabric-particles-v1, fabric-transitive-access-wideners-v1, fabric-block-api-v1, fabric-content-registries-v0, neat, fabric-gametest-api-v1, fabric-models-v0, fabric-entity-events-v1, fabric-screen-api-v1, fabric-screen-handler-api-v1, fabric-containers-v0, fabric-model-loading-api-v1, fabric-biome-api-v1, fabric-block-view-api-v2, fabric-client-tags-api-v1, fabric-api, fabric-events-lifecycle-v0, fabric-recipe-api-v1, fabric-rendering-data-attachment-v1, fabric-dimensions-v1, fabric-resource-loader-v0, fabric-lifecycle-events-v1, country, fabric-renderer-indigo, fabric-networking-api-v1, fabric-transfer-api-v1)
[18:22:28] [Worker-Main-13/INFO] (Minecraft) Found unifont_all_no_pua-15.0.06.hex, loading
[18:22:30] [Realms Notification Availability checker #1/INFO] (Minecraft) Could not authorize you against Realms server: Invalid session id
[18:22:31] [Worker-Main-7/WARN] (Minecraft) Unable to load model: 'country:farmer_spawn_egg#inventory' referenced from: country:farmer_spawn_egg#inventory: java.io.FileNotFoundException: country:models/item/farmer_spawn_egg.json
[18:22:31] [Worker-Main-7/WARN] (Minecraft) Unable to load model: 'country:killer_spawn_egg#inventory' referenced from: country:killer_spawn_egg#inventory: java.io.FileNotFoundException: country:models/item/killer_spawn_egg.json
[18:22:32] [Render thread/WARN] (Minecraft) Missing sound for event: minecraft:item.goat_horn.play
[18:22:32] [Render thread/WARN] (Minecraft) Missing sound for event: minecraft:entity.goat.screaming.horn_break
[18:22:32] [Render thread/INFO] (Minecraft) OpenAL initialized on device OpenAL Soft on 扬声器 (Realtek(R) Audio)
[18:22:32] [Render thread/INFO] (Minecraft) Sound engine started
[18:22:32] [Render thread/INFO] (Minecraft) Created: 1024x512x4 minecraft:textures/atlas/blocks.png-atlas
[18:22:32] [Render thread/INFO] (Minecraft) Created: 256x256x4 minecraft:textures/atlas/signs.png-atlas
[18:22:32] [Render thread/INFO] (Minecraft) Created: 512x512x4 minecraft:textures/atlas/banner_patterns.png-atlas
[18:22:32] [Render thread/INFO] (Minecraft) Created: 512x512x4 minecraft:textures/atlas/shield_patterns.png-atlas
[18:22:32] [Render thread/INFO] (Minecraft) Created: 1024x1024x4 minecraft:textures/atlas/armor_trims.png-atlas
[18:22:32] [Render thread/INFO] (Minecraft) Created: 256x256x4 minecraft:textures/atlas/chest.png-atlas
[18:22:32] [Render thread/INFO] (Minecraft) Created: 128x64x4 minecraft:textures/atlas/decorated_pot.png-atlas
[18:22:32] [Render thread/INFO] (Minecraft) Created: 512x256x4 minecraft:textures/atlas/shulker_boxes.png-atlas
[18:22:32] [Render thread/INFO] (Minecraft) Created: 512x256x4 minecraft:textures/atlas/beds.png-atlas
[18:22:33] [Render thread/WARN] (Minecraft) Shader rendertype_entity_translucent_emissive could not find sampler named Sampler2 in the specified shader program.
[18:22:33] [Render thread/INFO] (Minecraft) Created: 256x256x0 minecraft:textures/atlas/particles.png-atlas
[18:22:33] [Render thread/INFO] (Minecraft) Created: 256x256x0 minecraft:textures/atlas/paintings.png-atlas
[18:22:33] [Render thread/INFO] (Minecraft) Created: 128x128x0 minecraft:textures/atlas/mob_effects.png-atlas
[19:24:22] [Render thread/WARN] (ModNioResourcePack) Fabric NioResourcePack: ignored invalid namespace: Razier in mod ID country
[19:24:25] [Render thread/INFO] (Minecraft) Loaded 7 recipes
[19:24:25] [Render thread/INFO] (Minecraft) Loaded 1271 advancements
[19:24:25] [Render thread/INFO] (BiomeModificationImpl) Applied 0 biome modifications to 0 of 64 new biomes in 2.149 ms
[19:24:25] [Server thread/INFO] (Minecraft) Starting integrated minecraft server version 1.20.1
[19:24:25] [Server thread/INFO] (Minecraft) Generating keypair
[19:24:26] [Server thread/INFO] (Minecraft) Preparing start region for dimension minecraft:overworld
[19:24:29] [Render thread/INFO] (Minecraft) 准备生成区域中：0%
[19:24:29] [Render thread/INFO] (Minecraft) 准备生成区域中：0%
[19:24:29] [Render thread/INFO] (Minecraft) 准备生成区域中：0%
[19:24:29] [Render thread/INFO] (Minecraft) 准备生成区域中：0%
[19:24:29] [Render thread/INFO] (Minecraft) 准备生成区域中：0%
[19:24:29] [Render thread/INFO] (Minecraft) 准备生成区域中：0%
[19:24:29] [Render thread/INFO] (Minecraft) 准备生成区域中：0%
[19:24:30] [Render thread/INFO] (Minecraft) 准备生成区域中：0%
[19:24:30] [Render thread/INFO] (Minecraft) 准备生成区域中：29%
[19:24:31] [Render thread/INFO] (Minecraft) 准备生成区域中：93%
[19:24:31] [Render thread/INFO] (Minecraft) Time elapsed: 4594 ms
[19:24:31] [Server thread/INFO] (Minecraft) Changing view distance to 8, from 10
[19:24:31] [Server thread/INFO] (Minecraft) Changing simulation distance to 8, from 0
[19:24:33] [Server thread/INFO] (Minecraft) Player282[local:E:69ae8c09] logged in with entity id 1 at (388.0075123507488, -57.0, 17.80309116961254)
[19:24:33] [Server thread/INFO] (Minecraft) Player282加入了游戏
[19:24:35] [Server thread/INFO] (Minecraft) [STDOUT]: 



创建成功




[19:24:35] [Server thread/INFO] (Minecraft) [STDOUT]: 2024-11-17-19-24-35-768(0):使用了Start  创建成功

[19:24:38] [Render thread/INFO] (Minecraft) Loaded 5 advancements
[19:24:38] [Render thread/INFO] (Minecraft) [STDOUT]: 



创建成功




[19:24:38] [Render thread/INFO] (Minecraft) [STDOUT]: 2024-11-17-19-24-38-946(0):使用了Start  创建成功

[19:24:45] [Server thread/ERROR] (Minecraft) Encountered an unexpected exception
net.minecraft.util.crash.CrashException: Ticking entity
	at net.minecraft.server.MinecraftServer.tickWorlds(MinecraftServer.java:933) ~[minecraft-common-7787b014d4-1.20.1-net.fabricmc.yarn.1_20_1.1.20.1+build.10-v2.jar:?]
	at net.minecraft.server.MinecraftServer.tick(MinecraftServer.java:864) ~[minecraft-common-7787b014d4-1.20.1-net.fabricmc.yarn.1_20_1.1.20.1+build.10-v2.jar:?]
	at net.minecraft.server.integrated.IntegratedServer.tick(IntegratedServer.java:98) ~[minecraft-clientOnly-7787b014d4-1.20.1-net.fabricmc.yarn.1_20_1.1.20.1+build.10-v2.jar:?]
	at net.minecraft.server.MinecraftServer.runServer(MinecraftServer.java:723) ~[minecraft-common-7787b014d4-1.20.1-net.fabricmc.yarn.1_20_1.1.20.1+build.10-v2.jar:?]
	at net.minecraft.server.MinecraftServer.method_29739(MinecraftServer.java:268) ~[minecraft-common-7787b014d4-1.20.1-net.fabricmc.yarn.1_20_1.1.20.1+build.10-v2.jar:?]
	at java.lang.Thread.run(Thread.java:840) ~[?:?]
Caused by: java.lang.ClassCastException: class net.minecraft.entity.ItemEntity cannot be cast to class net.minecraft.entity.LivingEntity (net.minecraft.entity.ItemEntity and net.minecraft.entity.LivingEntity are in unnamed module of loader net.fabricmc.loader.impl.launch.knot.KnotClassLoader @76329302)
	at net.minecraft.world.World.method_47576(World.java:762) ~[minecraft-common-7787b014d4-1.20.1-net.fabricmc.yarn.1_20_1.1.20.1+build.10-v2.jar:?]
	at net.minecraft.world.entity.EntityTrackingSection.forEach(EntityTrackingSection.java:51) ~[minecraft-common-7787b014d4-1.20.1-net.fabricmc.yarn.1_20_1.1.20.1+build.10-v2.jar:?]
	at net.minecraft.world.entity.SectionedEntityCache.method_31778(SectionedEntityCache.java:128) ~[minecraft-common-7787b014d4-1.20.1-net.fabricmc.yarn.1_20_1.1.20.1+build.10-v2.jar:?]
	at net.minecraft.world.entity.SectionedEntityCache.forEachInBox(SectionedEntityCache.java:67) ~[minecraft-common-7787b014d4-1.20.1-net.fabricmc.yarn.1_20_1.1.20.1+build.10-v2.jar:?]
	at net.minecraft.world.entity.SectionedEntityCache.forEachIntersects(SectionedEntityCache.java:128) ~[minecraft-common-7787b014d4-1.20.1-net.fabricmc.yarn.1_20_1.1.20.1+build.10-v2.jar:?]
	at net.minecraft.world.entity.SimpleEntityLookup.forEachIntersects(SimpleEntityLookup.java:57) ~[minecraft-common-7787b014d4-1.20.1-net.fabricmc.yarn.1_20_1.1.20.1+build.10-v2.jar:?]
	at net.minecraft.world.World.collectEntitiesByType(World.java:761) ~[minecraft-common-7787b014d4-1.20.1-net.fabricmc.yarn.1_20_1.1.20.1+build.10-v2.jar:?]
	at net.minecraft.world.World.collectEntitiesByType(World.java:750) ~[minecraft-common-7787b014d4-1.20.1-net.fabricmc.yarn.1_20_1.1.20.1+build.10-v2.jar:?]
	at net.minecraft.world.World.getEntitiesByType(World.java:745) ~[minecraft-common-7787b014d4-1.20.1-net.fabricmc.yarn.1_20_1.1.20.1+build.10-v2.jar:?]
	at net.minecraft.world.EntityView.getEntitiesByClass(EntityView.java:46) ~[minecraft-common-7787b014d4-1.20.1-net.fabricmc.yarn.1_20_1.1.20.1+build.10-v2.jar:?]
	at net.minecraft.entity.ai.goal.ActiveTargetGoal.findClosestTarget(ActiveTargetGoal.java:75) ~[minecraft-common-7787b014d4-1.20.1-net.fabricmc.yarn.1_20_1.1.20.1+build.10-v2.jar:?]
	at net.minecraft.entity.ai.goal.ActiveTargetGoal.canStart(ActiveTargetGoal.java:61) ~[minecraft-common-7787b014d4-1.20.1-net.fabricmc.yarn.1_20_1.1.20.1+build.10-v2.jar:?]
	at net.minecraft.entity.ai.goal.PrioritizedGoal.canStart(PrioritizedGoal.java:22) ~[minecraft-common-7787b014d4-1.20.1-net.fabricmc.yarn.1_20_1.1.20.1+build.10-v2.jar:?]
	at net.minecraft.entity.ai.goal.GoalSelector.tick(GoalSelector.java:116) ~[minecraft-common-7787b014d4-1.20.1-net.fabricmc.yarn.1_20_1.1.20.1+build.10-v2.jar:?]
	at net.minecraft.entity.mob.MobEntity.tickNewAi(MobEntity.java:763) ~[minecraft-common-7787b014d4-1.20.1-net.fabricmc.yarn.1_20_1.1.20.1+build.10-v2.jar:?]
	at net.minecraft.entity.LivingEntity.tickMovement(LivingEntity.java:2670) ~[minecraft-common-7787b014d4-1.20.1-net.fabricmc.yarn.1_20_1.1.20.1+build.10-v2.jar:?]
	at net.minecraft.entity.mob.MobEntity.tickMovement(MobEntity.java:555) ~[minecraft-common-7787b014d4-1.20.1-net.fabricmc.yarn.1_20_1.1.20.1+build.10-v2.jar:?]
	at Razier.country.entity.KillerEntity.tickMovement(KillerEntity.java:200) ~[main/:?]
	at net.minecraft.entity.LivingEntity.tick(LivingEntity.java:2407) ~[minecraft-common-7787b014d4-1.20.1-net.fabricmc.yarn.1_20_1.1.20.1+build.10-v2.jar:?]
	at net.minecraft.entity.mob.MobEntity.tick(MobEntity.java:361) ~[minecraft-common-7787b014d4-1.20.1-net.fabricmc.yarn.1_20_1.1.20.1+build.10-v2.jar:?]
	at net.minecraft.server.world.ServerWorld.tickEntity(ServerWorld.java:754) ~[minecraft-common-7787b014d4-1.20.1-net.fabricmc.yarn.1_20_1.1.20.1+build.10-v2.jar:?]
	at net.minecraft.world.World.tickEntity(World.java:516) ~[minecraft-common-7787b014d4-1.20.1-net.fabricmc.yarn.1_20_1.1.20.1+build.10-v2.jar:?]
	at net.minecraft.server.world.ServerWorld.method_31420(ServerWorld.java:400) ~[minecraft-common-7787b014d4-1.20.1-net.fabricmc.yarn.1_20_1.1.20.1+build.10-v2.jar:?]
	at net.minecraft.world.EntityList.forEach(EntityList.java:76) ~[minecraft-common-7787b014d4-1.20.1-net.fabricmc.yarn.1_20_1.1.20.1+build.10-v2.jar:?]
	at net.minecraft.server.world.ServerWorld.tick(ServerWorld.java:381) ~[minecraft-common-7787b014d4-1.20.1-net.fabricmc.yarn.1_20_1.1.20.1+build.10-v2.jar:?]
	at net.minecraft.server.MinecraftServer.tickWorlds(MinecraftServer.java:929) ~[minecraft-common-7787b014d4-1.20.1-net.fabricmc.yarn.1_20_1.1.20.1+build.10-v2.jar:?]
	... 5 more
[19:24:45] [Server thread/ERROR] (Minecraft) This crash report has been saved to: D:\code\Country1.0.0.3\run\crash-reports\crash-2024-11-17_19.24.45-server.txt
[19:24:45] [Server thread/INFO] (Minecraft) Stopping server
[19:24:45] [Server thread/INFO] (Minecraft) Saving players
