2024-11-09-13-00-16-398(0):使用了canStart  FFFFF  distance:23.71830753401591   cooldown:1   movingtime:0
2024-11-09-13-00-16-439(0):使用了canStart  FFFFF  distance:0.770481736943446   cooldown:2   movingtime:0
2024-11-09-13-00-16-501(0):使用了canStart  FFFFF  distance:0.770481736943446   cooldown:3   movingtime:0
2024-11-09-13-00-16-606(0):使用了canStart  FFFFF  distance:0.770481736943446   cooldown:4   movingtime:0
2024-11-09-13-00-16-723(0):使用了canStart  FFFFF  distance:0.770481736943446   cooldown:5   movingtime:0
2024-11-09-13-00-16-841(0):使用了canStart  FFFFF  distance:0.770481736943446   cooldown:6   movingtime:0
2024-11-09-13-00-16-941(0):使用了canStart  FFFFF  distance:0.770481736943446   cooldown:7   movingtime:0
2024-11-09-13-00-17-051(0):使用了canStart  FFFFF  distance:0.770481736943446   cooldown:8   movingtime:0
2024-11-09-13-00-17-149(0):使用了canStart  FFFFF  distance:0.770481736943446   cooldown:9   movingtime:0
2024-11-09-13-00-17-241(0):使用了canStart  FFFFF  distance:0.770481736943446   cooldown:10   movingtime:0
2024-11-09-13-00-17-341(0):使用了canStart  FFFFF  distance:0.770481736943446   cooldown:11   movingtime:0
2024-11-09-13-00-17-452(0):使用了canStart  FFFFF  distance:0.770481736943446   cooldown:12   movingtime:0
2024-11-09-13-00-17-546(0):使用了canStart  FFFFF  distance:0.770481736943446   cooldown:13   movingtime:0
2024-11-09-13-00-17-643(0):使用了canStart  FFFFF  distance:0.770481736943446   cooldown:14   movingtime:0
2024-11-09-13-00-17-742(0):使用了canStart  FFFFF  distance:0.770481736943446   cooldown:15   movingtime:0
2024-11-09-13-00-17-849(0):使用了canStart  FFFFF  distance:0.770481736943446   cooldown:16   movingtime:0
2024-11-09-13-00-17-944(0):使用了canStart  FFFFF  distance:0.770481736943446   cooldown:17   movingtime:0
2024-11-09-13-00-18-042(0):使用了canStart  FFFFF  distance:0.770481736943446   cooldown:18   movingtime:0
2024-11-09-13-00-19-636(0):使用了canStart  FFFFF  distance:0.770481736943446   cooldown:19   movingtime:0
2024-11-09-13-00-20-861(0):使用了canStart  FFFFF  distance:0.770481736943446   cooldown:20   movingtime:0
2024-11-09-13-00-21-012(0):使用了canStart  FFFFF  distance:0.770481736943446   cooldown:21   movingtime:0
2024-11-09-13-00-21-209(0):使用了canStart  FFFFF  distance:0.770481736943446   cooldown:22   movingtime:0
2024-11-09-13-00-21-383(0):使用了canStart  FFFFF  distance:0.770481736943446   cooldown:23   movingtime:0
2024-11-09-13-00-21-553(0):使用了canStart  FFFFF  distance:0.770481736943446   cooldown:24   movingtime:0
2024-11-09-13-00-21-717(0):使用了canStart  FFFFF  distance:0.770481736943446   cooldown:25   movingtime:0
2024-11-09-13-00-21-884(0):使用了canStart  FFFFF  distance:0.770481736943446   cooldown:26   movingtime:0
2024-11-09-13-00-22-073(0):使用了canStart  FFFFF  distance:0.770481736943446   cooldown:27   movingtime:0
2024-11-09-13-00-22-273(0):使用了canStart  FFFFF  distance:0.770481736943446   cooldown:28   movingtime:0
2024-11-09-13-00-22-524(0):使用了canStart  FFFFF  distance:0.770481736943446   cooldown:29   movingtime:0
2024-11-09-13-00-22-699(0):使用了canStart  FFFFF  distance:0.770481736943446   cooldown:30   movingtime:0
2024-11-09-13-00-22-892(0):使用了canStart  FFFFF  distance:0.770481736943446   cooldown:31   movingtime:0
2024-11-09-13-00-23-054(0):使用了canStart  FFFFF  distance:0.770481736943446   cooldown:32   movingtime:0
2024-11-09-13-00-23-222(0):使用了canStart  FFFFF  distance:0.770481736943446   cooldown:33   movingtime:0
2024-11-09-13-00-23-422(0):使用了canStart  FFFFF  distance:0.770481736943446   cooldown:34   movingtime:0
2024-11-09-13-00-23-615(0):使用了canStart  FFFFF  distance:0.770481736943446   cooldown:35   movingtime:0
2024-11-09-13-00-23-793(0):使用了canStart  FFFFF  distance:0.770481736943446   cooldown:36   movingtime:0
2024-11-09-13-00-23-902(0):使用了canStart  FFFFF  distance:0.770481736943446   cooldown:37   movingtime:0
2024-11-09-13-00-24-044(0):使用了canStart  FFFFF  distance:0.770481736943446   cooldown:38   movingtime:0
2024-11-09-13-00-24-170(0):使用了canStart  FFFFF  distance:0.770481736943446   cooldown:39   movingtime:0
2024-11-09-13-00-24-351(0):使用了canStart  FFFFF  distance:0.770481736943446   cooldown:40   movingtime:0
2024-11-09-13-00-24-516(0):使用了canStart  FFFFF  distance:0.770481736943446   cooldown:41   movingtime:0
2024-11-09-13-00-24-654(0):使用了canStart  FFFFF  distance:0.770481736943446   cooldown:42   movingtime:0
2024-11-09-13-00-24-789(0):使用了canStart  FFFFF  distance:0.770481736943446   cooldown:43   movingtime:0
2024-11-09-13-00-24-939(0):使用了canStart  FFFFF  distance:0.770481736943446   cooldown:44   movingtime:0
2024-11-09-13-00-25-087(0):使用了canStart  FFFFF  distance:0.770481736943446   cooldown:45   movingtime:0
2024-11-09-13-00-25-229(0):使用了canStart  FFFFF  distance:0.770481736943446   cooldown:46   movingtime:0
2024-11-09-13-00-25-387(0):使用了canStart  FFFFF  distance:0.770481736943446   cooldown:47   movingtime:0
2024-11-09-13-00-25-544(0):使用了canStart  FFFFF  distance:0.770481736943446   cooldown:48   movingtime:0
2024-11-09-13-00-25-696(0):使用了canStart  FFFFF  distance:0.770481736943446   cooldown:49   movingtime:0
2024-11-09-13-00-25-843(0):使用了canStart  FFFFF  distance:0.770481736943446   cooldown:50   movingtime:0
2024-11-09-13-00-25-990(0):使用了canStart  FFFFF  distance:0.770481736943446   cooldown:51   movingtime:0
2024-11-09-13-00-26-134(0):使用了canStart  FFFFF  distance:0.770481736943446   cooldown:52   movingtime:0
2024-11-09-13-00-26-353(0):使用了canStart  FFFFF  distance:0.770481736943446   cooldown:53   movingtime:0
2024-11-09-13-00-26-535(0):使用了canStart  FFFFF  distance:0.770481736943446   cooldown:54   movingtime:0
2024-11-09-13-00-26-765(0):使用了canStart  FFFFF  distance:0.770481736943446   cooldown:55   movingtime:0
2024-11-09-13-00-26-924(0):使用了canStart  FFFFF  distance:0.770481736943446   cooldown:56   movingtime:0
2024-11-09-13-00-27-068(0):使用了canStart  FFFFF  distance:0.770481736943446   cooldown:57   movingtime:0
2024-11-09-13-00-27-202(0):使用了canStart  FFFFF  distance:0.770481736943446   cooldown:58   movingtime:0
2024-11-09-13-00-27-341(0):使用了canStart  FFFFF  distance:0.770481736943446   cooldown:59   movingtime:0
2024-11-09-13-00-27-510(0):使用了canStart  FFFFF  distance:0.770481736943446   cooldown:60   movingtime:0
2024-11-09-13-00-27-645(0):使用了canStart  FFFFF  distance:0.770481736943446   cooldown:61   movingtime:0
2024-11-09-13-00-27-758(0):使用了canStart  FFFFF  distance:0.770481736943446   cooldown:62   movingtime:0
2024-11-09-13-00-27-846(0):使用了canStart  FFFFF  distance:0.770481736943446   cooldown:63   movingtime:0
2024-11-09-13-00-27-932(0):使用了canStart  FFFFF  distance:0.770481736943446   cooldown:64   movingtime:0
2024-11-09-13-00-28-038(0):使用了canStart  FFFFF  distance:0.770481736943446   cooldown:65   movingtime:0
2024-11-09-13-00-28-092(0):使用了canStart  FFFFF  distance:0.770481736943446   cooldown:66   movingtime:0
2024-11-09-13-00-28-133(0):使用了canStart  FFFFF  distance:0.770481736943446   cooldown:67   movingtime:0
2024-11-09-13-00-28-170(0):使用了canStart  FFFFF  distance:0.770481736943446   cooldown:68   movingtime:0
2024-11-09-13-00-28-214(0):使用了canStart  FFFFF  distance:0.770481736943446   cooldown:69   movingtime:0
2024-11-09-13-00-28-252(0):使用了canStart  FFFFF  distance:0.770481736943446   cooldown:70   movingtime:0
2024-11-09-13-00-28-274(0):使用了canStart  FFFFF  distance:0.770481736943446   cooldown:71   movingtime:0
2024-11-09-13-00-28-319(0):使用了canStart  FFFFF  distance:0.770481736943446   cooldown:72   movingtime:0
2024-11-09-13-00-28-358(0):使用了canStart  FFFFF  distance:0.770481736943446   cooldown:73   movingtime:0
2024-11-09-13-00-28-403(0):使用了canStart  FFFFF  distance:0.770481736943446   cooldown:74   movingtime:0
2024-11-09-13-00-28-436(0):使用了canStart  FFFFF  distance:0.770481736943446   cooldown:75   movingtime:0
2024-11-09-13-00-28-495(0):使用了canStart  FFFFF  distance:0.770481736943446   cooldown:76   movingtime:0
2024-11-09-13-00-28-540(0):使用了canStart  FFFFF  distance:0.770481736943446   cooldown:77   movingtime:0
2024-11-09-13-00-28-628(0):使用了canStart  FFFFF  distance:0.770481736943446   cooldown:78   movingtime:0
2024-11-09-13-00-28-740(0):使用了canStart  FFFFF  distance:0.770481736943446   cooldown:79   movingtime:0
2024-11-09-13-00-28-820(0):使用了canStart  FFFFF  distance:0.770481736943446   cooldown:80   movingtime:0
2024-11-09-13-00-28-940(0):使用了canStart  FFFFF  distance:0.770481736943446   cooldown:81   movingtime:0
2024-11-09-13-00-29-041(0):使用了canStart  FFFFF  distance:0.770481736943446   cooldown:82   movingtime:0
2024-11-09-13-00-29-162(0):使用了canStart  FFFFF  distance:0.770481736943446   cooldown:83   movingtime:0
2024-11-09-13-00-29-241(0):使用了canStart  FFFFF  distance:0.770481736943446   cooldown:84   movingtime:0
2024-11-09-13-00-29-330(0):使用了canStart  FFFFF  distance:0.770481736943446   cooldown:85   movingtime:0
2024-11-09-13-00-29-434(0):使用了canStart  FFFFF  distance:0.770481736943446   cooldown:86   movingtime:0
2024-11-09-13-00-29-549(0):使用了canStart  FFFFF  distance:0.770481736943446   cooldown:87   movingtime:0
2024-11-09-13-00-29-639(0):使用了canStart  FFFFF  distance:0.770481736943446   cooldown:88   movingtime:0
2024-11-09-13-00-29-726(0):使用了canStart  FFFFF  distance:0.770481736943446   cooldown:89   movingtime:0
2024-11-09-13-00-29-826(0):使用了canStart  FFFFF  distance:0.770481736943446   cooldown:90   movingtime:0
2024-11-09-13-00-29-906(0):使用了canStart  FFFFF  distance:0.770481736943446   cooldown:91   movingtime:0
2024-11-09-13-00-29-998(0):使用了canStart  FFFFF  distance:0.770481736943446   cooldown:92   movingtime:0
2024-11-09-13-00-30-094(0):使用了canStart  FFFFF  distance:0.770481736943446   cooldown:93   movingtime:0
2024-11-09-13-00-30-203(0):使用了canStart  FFFFF  distance:0.770481736943446   cooldown:94   movingtime:0
2024-11-09-13-00-30-300(0):使用了canStart  FFFFF  distance:0.770481736943446   cooldown:95   movingtime:0
2024-11-09-13-00-30-408(0):使用了canStart  FFFFF  distance:0.770481736943446   cooldown:96   movingtime:0
2024-11-09-13-00-30-512(0):使用了canStart  FFFFF  distance:0.770481736943446   cooldown:97   movingtime:0
2024-11-09-13-00-30-614(0):使用了canStart  FFFFF  distance:0.770481736943446   cooldown:98   movingtime:0
2024-11-09-13-00-30-710(0):使用了canStart  FFFFF  distance:0.770481736943446   cooldown:99   movingtime:0
2024-11-09-13-00-30-812(0):使用了canStart  FFFFF  distance:0.770481736943446   cooldown:100   movingtime:0
2024-11-09-13-00-30-902(0):使用了canStart  FFFFF  distance:0.770481736943446   cooldown:101   movingtime:0
2024-11-09-13-00-31-014(0):使用了canStart  FFFFF  distance:0.770481736943446   cooldown:102   movingtime:0
2024-11-09-13-00-31-130(0):使用了canStart  FFFFF  distance:0.770481736943446   cooldown:103   movingtime:0
2024-11-09-13-00-31-220(0):使用了canStart  FFFFF  distance:0.770481736943446   cooldown:104   movingtime:0
2024-11-09-13-00-31-318(0):使用了canStart  FFFFF  distance:0.770481736943446   cooldown:105   movingtime:0
2024-11-09-13-00-31-412(0):使用了canStart  FFFFF  distance:0.770481736943446   cooldown:106   movingtime:0
2024-11-09-13-00-31-521(0):使用了canStart  FFFFF  distance:0.770481736943446   cooldown:107   movingtime:0
2024-11-09-13-00-31-605(0):使用了canStart  FFFFF  distance:0.770481736943446   cooldown:108   movingtime:0
2024-11-09-13-00-31-702(0):使用了canStart  FFFFF  distance:0.770481736943446   cooldown:109   movingtime:0
2024-11-09-13-00-31-821(0):使用了canStart  FFFFF  distance:0.770481736943446   cooldown:110   movingtime:0
2024-11-09-13-00-31-923(0):使用了canStart  FFFFF  distance:0.770481736943446   cooldown:111   movingtime:0
2024-11-09-13-00-32-032(0):使用了canStart  FFFFF  distance:0.770481736943446   cooldown:112   movingtime:0
2024-11-09-13-00-32-142(0):使用了canStart  FFFFF  distance:0.770481736943446   cooldown:113   movingtime:0
2024-11-09-13-00-32-205(0):使用了canStart  FFFFF  distance:0.770481736943446   cooldown:114   movingtime:0
2024-11-09-13-00-32-314(0):使用了canStart  FFFFF  distance:0.770481736943446   cooldown:115   movingtime:0
2024-11-09-13-00-32-429(0):使用了canStart  FFFFF  distance:0.770481736943446   cooldown:116   movingtime:0
2024-11-09-13-00-32-517(0):使用了canStart  FFFFF  distance:0.770481736943446   cooldown:117   movingtime:0
2024-11-09-13-00-32-627(0):使用了canStart  FFFFF  distance:0.770481736943446   cooldown:118   movingtime:0
2024-11-09-13-00-32-733(0):使用了canStart  FFFFF  distance:0.770481736943446   cooldown:119   movingtime:0
2024-11-09-13-00-32-804(0):使用了canStart  FFFFF  distance:0.770481736943446   cooldown:120   movingtime:0
2024-11-09-13-00-32-907(0):使用了canStart  FFFFF  distance:0.770481736943446   cooldown:121   movingtime:0
2024-11-09-13-00-33-012(0):使用了canStart  FFFFF  distance:0.770481736943446   cooldown:122   movingtime:0
2024-11-09-13-00-33-123(0):使用了canStart  FFFFF  distance:0.770481736943446   cooldown:123   movingtime:0
2024-11-09-13-00-33-213(0):使用了canStart  FFFFF  distance:0.770481736943446   cooldown:124   movingtime:0
2024-11-09-13-00-33-313(0):使用了canStart  FFFFF  distance:0.770481736943446   cooldown:125   movingtime:0
2024-11-09-13-00-33-413(0):使用了canStart  FFFFF  distance:0.770481736943446   cooldown:126   movingtime:0
2024-11-09-13-00-33-514(0):使用了canStart  FFFFF  distance:0.770481736943446   cooldown:127   movingtime:0
2024-11-09-13-00-33-605(0):使用了canStart  FFFFF  distance:0.770481736943446   cooldown:128   movingtime:0
2024-11-09-13-00-33-697(0):使用了canStart  FFFFF  distance:0.770481736943446   cooldown:129   movingtime:0
2024-11-09-13-00-33-796(0):使用了canStart  FFFFF  distance:0.770481736943446   cooldown:130   movingtime:0
2024-11-09-13-00-33-892(0):使用了canStart  FFFFF  distance:0.770481736943446   cooldown:131   movingtime:0
2024-11-09-13-00-33-992(0):使用了canStart  FFFFF  distance:0.770481736943446   cooldown:132   movingtime:0
2024-11-09-13-00-34-091(0):使用了canStart  FFFFF  distance:0.770481736943446   cooldown:133   movingtime:0
2024-11-09-13-00-34-191(0):使用了canStart  FFFFF  distance:0.770481736943446   cooldown:134   movingtime:0
2024-11-09-13-00-34-291(0):使用了canStart  FFFFF  distance:0.770481736943446   cooldown:135   movingtime:0
2024-11-09-13-00-34-390(0):使用了canStart  FFFFF  distance:0.770481736943446   cooldown:136   movingtime:0
2024-11-09-13-00-34-492(0):使用了canStart  FFFFF  distance:0.770481736943446   cooldown:137   movingtime:0
2024-11-09-13-00-34-591(0):使用了canStart  FFFFF  distance:0.770481736943446   cooldown:138   movingtime:0
2024-11-09-13-00-34-692(0):使用了canStart  FFFFF  distance:0.770481736943446   cooldown:139   movingtime:0
2024-11-09-13-00-34-797(0):使用了canStart  FFFFF  distance:0.770481736943446   cooldown:140   movingtime:0
2024-11-09-13-00-34-901(0):使用了canStart  FFFFF  distance:0.770481736943446   cooldown:141   movingtime:0
2024-11-09-13-00-34-992(0):使用了canStart  FFFFF  distance:0.770481736943446   cooldown:142   movingtime:0
2024-11-09-13-00-35-092(0):使用了canStart  FFFFF  distance:0.770481736943446   cooldown:143   movingtime:0
2024-11-09-13-00-35-193(0):使用了canStart  FFFFF  distance:0.770481736943446   cooldown:144   movingtime:0
2024-11-09-13-00-35-292(0):使用了canStart  FFFFF  distance:0.770481736943446   cooldown:145   movingtime:0
2024-11-09-13-00-35-393(0):使用了canStart  FFFFF  distance:0.770481736943446   cooldown:146   movingtime:0
2024-11-09-13-00-35-493(0):使用了canStart  FFFFF  distance:0.770481736943446   cooldown:147   movingtime:0
2024-11-09-13-00-35-591(0):使用了canStart  FFFFF  distance:0.770481736943446   cooldown:148   movingtime:0
2024-11-09-13-00-35-690(0):使用了canStart  FFFFF  distance:0.770481736943446   cooldown:149   movingtime:0
2024-11-09-13-00-35-792(0):使用了canStart  FFFFF  distance:0.770481736943446   cooldown:150   movingtime:0
2024-11-09-13-00-35-893(0):使用了canStart  FFFFF  distance:0.770481736943446   cooldown:151   movingtime:0
2024-11-09-13-00-35-993(0):使用了canStart  FFFFF  distance:0.770481736943446   cooldown:152   movingtime:0
2024-11-09-13-00-36-092(0):使用了canStart  FFFFF  distance:0.770481736943446   cooldown:153   movingtime:0
2024-11-09-13-00-36-191(0):使用了canStart  FFFFF  distance:0.770481736943446   cooldown:154   movingtime:0
2024-11-09-13-00-36-291(0):使用了canStart  FFFFF  distance:0.770481736943446   cooldown:155   movingtime:0
2024-11-09-13-00-36-391(0):使用了canStart  FFFFF  distance:0.770481736943446   cooldown:156   movingtime:0
2024-11-09-13-00-36-491(0):使用了canStart  FFFFF  distance:0.770481736943446   cooldown:157   movingtime:0
2024-11-09-13-00-36-591(0):使用了canStart  FFFFF  distance:0.770481736943446   cooldown:158   movingtime:0
2024-11-09-13-00-36-691(0):使用了canStart  FFFFF  distance:0.770481736943446   cooldown:159   movingtime:0
2024-11-09-13-00-36-792(0):使用了canStart  FFFFF  distance:0.770481736943446   cooldown:160   movingtime:0
2024-11-09-13-00-36-892(0):使用了canStart  FFFFF  distance:0.770481736943446   cooldown:161   movingtime:0
2024-11-09-13-00-36-990(0):使用了canStart  FFFFF  distance:0.770481736943446   cooldown:162   movingtime:0
2024-11-09-13-00-37-094(0):使用了canStart  FFFFF  distance:0.770481736943446   cooldown:163   movingtime:0
2024-11-09-13-00-37-196(0):使用了canStart  FFFFF  distance:0.770481736943446   cooldown:164   movingtime:0
2024-11-09-13-00-37-302(0):使用了canStart  FFFFF  distance:0.770481736943446   cooldown:165   movingtime:0
2024-11-09-13-00-37-391(0):使用了canStart  FFFFF  distance:0.770481736943446   cooldown:166   movingtime:0
2024-11-09-13-00-37-492(0):使用了canStart  FFFFF  distance:0.770481736943446   cooldown:167   movingtime:0
2024-11-09-13-00-37-594(0):使用了canStart  FFFFF  distance:0.770481736943446   cooldown:168   movingtime:0
2024-11-09-13-00-37-694(0):使用了canStart  FFFFF  distance:0.770481736943446   cooldown:169   movingtime:0
2024-11-09-13-00-37-793(0):使用了canStart  FFFFF  distance:0.770481736943446   cooldown:170   movingtime:0
2024-11-09-13-00-37-892(0):使用了canStart  FFFFF  distance:0.770481736943446   cooldown:171   movingtime:0
2024-11-09-13-00-38-000(0):使用了canStart  FFFFF  distance:0.770481736943446   cooldown:172   movingtime:0
2024-11-09-13-00-38-103(0):使用了canStart  FFFFF  distance:0.770481736943446   cooldown:173   movingtime:0
2024-11-09-13-00-38-200(0):使用了canStart  FFFFF  distance:0.770481736943446   cooldown:174   movingtime:0
2024-11-09-13-00-38-293(0):使用了canStart  FFFFF  distance:0.770481736943446   cooldown:175   movingtime:0
2024-11-09-13-00-38-392(0):使用了canStart  FFFFF  distance:0.770481736943446   cooldown:176   movingtime:0
2024-11-09-13-00-38-493(0):使用了canStart  FFFFF  distance:0.770481736943446   cooldown:177   movingtime:0
2024-11-09-13-00-38-590(0):使用了canStart  FFFFF  distance:0.770481736943446   cooldown:178   movingtime:0
2024-11-09-13-00-38-692(0):使用了canStart  FFFFF  distance:0.770481736943446   cooldown:179   movingtime:0
2024-11-09-13-00-38-792(0):使用了canStart  FFFFF  distance:0.770481736943446   cooldown:180   movingtime:0
2024-11-09-13-00-38-891(0):使用了canStart  FFFFF  distance:0.770481736943446   cooldown:181   movingtime:0
2024-11-09-13-00-38-991(0):使用了canStart  FFFFF  distance:0.770481736943446   cooldown:182   movingtime:0
2024-11-09-13-00-39-093(0):使用了canStart  FFFFF  distance:0.770481736943446   cooldown:183   movingtime:0
2024-11-09-13-00-39-205(0):使用了canStart  FFFFF  distance:0.770481736943446   cooldown:184   movingtime:0
2024-11-09-13-00-39-294(0):使用了canStart  FFFFF  distance:0.770481736943446   cooldown:185   movingtime:0
2024-11-09-13-00-39-392(0):使用了canStart  FFFFF  distance:0.770481736943446   cooldown:186   movingtime:0
2024-11-09-13-00-39-491(0):使用了canStart  FFFFF  distance:0.770481736943446   cooldown:187   movingtime:0
2024-11-09-13-00-39-591(0):使用了canStart  FFFFF  distance:0.770481736943446   cooldown:188   movingtime:0
2024-11-09-13-00-39-692(0):使用了canStart  FFFFF  distance:0.770481736943446   cooldown:189   movingtime:0
2024-11-09-13-00-39-794(0):使用了canStart  FFFFF  distance:0.770481736943446   cooldown:190   movingtime:0
2024-11-09-13-00-39-892(0):使用了canStart  FFFFF  distance:0.770481736943446   cooldown:191   movingtime:0
2024-11-09-13-00-39-991(0):使用了canStart  FFFFF  distance:0.770481736943446   cooldown:192   movingtime:0
2024-11-09-13-00-40-091(0):使用了canStart  FFFFF  distance:0.770481736943446   cooldown:193   movingtime:0
2024-11-09-13-00-40-191(0):使用了canStart  FFFFF  distance:0.770481736943446   cooldown:194   movingtime:0
2024-11-09-13-00-40-293(0):使用了canStart  FFFFF  distance:0.770481736943446   cooldown:195   movingtime:0
2024-11-09-13-00-40-400(0):使用了canStart  FFFFF  distance:0.770481736943446   cooldown:196   movingtime:0
2024-11-09-13-00-40-493(0):使用了canStart  FFFFF  distance:0.770481736943446   cooldown:197   movingtime:0
2024-11-09-13-00-40-594(0):使用了canStart  FFFFF  distance:0.770481736943446   cooldown:198   movingtime:0
2024-11-09-13-00-40-692(0):使用了canStart  FFFFF  distance:0.770481736943446   cooldown:199   movingtime:0
2024-11-09-13-00-40-791(0):使用了canStart  FFFFF  distance:0.7661922766561042   cooldown:200   movingtime:0
2024-11-09-13-00-40-892(0):使用了canStart  FFFFF  distance:1.0355882091898132   cooldown:201   movingtime:0
2024-11-09-13-00-40-991(0):使用了canStart  FFFFF  distance:1.3022659307984759   cooldown:202   movingtime:0
2024-11-09-13-00-41-095(0):使用了canStart  FFFFF  distance:1.3820750350897824   cooldown:203   movingtime:0
2024-11-09-13-00-41-195(0):使用了canStart  FFFFF  distance:1.4905912382305944   cooldown:204   movingtime:0
2024-11-09-13-00-41-296(0):使用了canStart  FFFFF  distance:1.790308062069508   cooldown:205   movingtime:0
2024-11-09-13-00-41-391(0):使用了canStart  FFFFF  distance:2.149140647423902   cooldown:206   movingtime:0
2024-11-09-13-00-41-494(0):使用了canStart  FFFFF  distance:2.5248589168397957   cooldown:207   movingtime:0
2024-11-09-13-00-41-591(0):使用了canStart  FFFFF  distance:2.905695637550118   cooldown:208   movingtime:0
2024-11-09-13-00-41-732(0):使用了canStart  FFFFF  distance:3.2888068269348483   cooldown:209   movingtime:0
2024-11-09-13-00-41-827(0):使用了canStart  FFFFF  distance:3.673324559356071   cooldown:210   movingtime:0
2024-11-09-13-00-41-902(0):使用了canStart  FFFFF  distance:4.657412172705336   cooldown:211   movingtime:0
2024-11-09-13-00-42-001(0):使用了canStart  FFFFF  distance:5.8201391819737385   cooldown:212   movingtime:0
2024-11-09-13-00-42-109(0):使用了canStart  FFFFF  distance:6.439049310764363   cooldown:213   movingtime:0
2024-11-09-13-00-42-209(0):使用了canStart  FFFFF  distance:7.494700925475249   cooldown:214   movingtime:0
2024-11-09-13-00-42-305(0):使用了canStart  FFFFF  distance:8.680734073494587   cooldown:215   movingtime:0
2024-11-09-13-00-42-404(0):使用了canStart  FFFFF  distance:9.694254221757992   cooldown:216   movingtime:0
2024-11-09-13-00-42-518(0):使用了canStart  FFFFF  distance:10.480466131405672   cooldown:217   movingtime:0
2024-11-09-13-00-42-631(0):使用了canStart  FFFFF  distance:11.587125442565274   cooldown:218   movingtime:0
2024-11-09-13-00-42-738(0):使用了canStart  FFFFF  distance:12.789087154626127   cooldown:219   movingtime:0
2024-11-09-13-00-42-824(0):使用了canStart  FFFFF  distance:14.021622913929805   cooldown:220   movingtime:0
2024-11-09-13-00-42-936(0):使用了canStart  FFFFF  distance:14.661646969670702   cooldown:221   movingtime:0
2024-11-09-13-00-43-036(0):使用了canStart  FFFFF  distance:16.113078449901057   cooldown:222   movingtime:0
2024-11-09-13-00-43-122(0):使用了canStart  FFFFF  distance:17.030177100847773   cooldown:223   movingtime:0
2024-11-09-13-00-43-216(0):使用了canStart  FFFFF  distance:17.966251952973884   cooldown:224   movingtime:0
2024-11-09-13-00-43-327(0):使用了canStart  FFFFF  distance:19.33063971103068   cooldown:225   movingtime:0
2024-11-09-13-00-43-421(0):使用了canStart  FFFFF  distance:20.010027243358817   cooldown:226   movingtime:0
2024-11-09-13-00-43-508(0):使用了canStart  FFFFF  distance:21.473583406246984   cooldown:227   movingtime:0
2024-11-09-13-00-43-596(0):使用了canStart  FFFFF  distance:22.394393712353523   cooldown:228   movingtime:0
2024-11-09-13-00-43-702(0):使用了canStart  FFFFF  distance:23.331763862394126   cooldown:229   movingtime:0
2024-11-09-13-00-43-800(0):使用了canStart  FFFFF  distance:24.696906617297337   cooldown:230   movingtime:0
2024-11-09-13-00-43-897(0):使用了canStart  FFFFF  distance:25.376544963528552   cooldown:231   movingtime:0
2024-11-09-13-00-43-999(0):使用了canStart  FFFFF  distance:26.842549961838255   cooldown:232   movingtime:0
2024-11-09-13-00-44-097(0):使用了canStart  FFFFF  distance:28.366814330363958   cooldown:233   movingtime:0
2024-11-09-13-00-44-192(0):使用了canStart  FFFFF  distance:29.093900862768557   cooldown:234   movingtime:0
2024-11-09-13-00-44-293(0):使用了canStart  FFFFF  distance:30.573009019939537   cooldown:235   movingtime:0
2024-11-09-13-00-44-397(0):使用了canStart  FFFFF  distance:31.498755621105836   cooldown:236   movingtime:0
2024-11-09-13-00-44-492(0):使用了canStart  TTTTTDC  distance:32.047417892809584   cooldown:0   movingtime:0
2024-11-09-13-00-44-494(0):使用了start  
2024-11-09-13-00-44-496(0):使用了tick  TTTTT   cooldown:0   movingtime:0
2024-11-09-13-00-44-550(1):使用了tick  TTTTT   cooldown:0   movingtime:1
2024-11-09-13-00-44-601(2):使用了stop  
2024-11-09-13-00-44-604(2):使用了canStart  FFFFF  distance:33.123539439185656   cooldown:1   movingtime:2
2024-11-09-13-00-44-693(2):使用了canStart  FFFFF  distance:34.252104122849374   cooldown:2   movingtime:2
2024-11-09-13-00-44-791(2):使用了canStart  FFFFF  distance:35.13952440263493   cooldown:3   movingtime:2
2024-11-09-13-00-44-892(2):使用了canStart  FFFFF  distance:36.62429765036121   cooldown:4   movingtime:2
2024-11-09-13-00-44-992(2):使用了canStart  FFFFF  distance:37.5524395358509   cooldown:5   movingtime:2
2024-11-09-13-00-45-092(2):使用了canStart  FFFFF  distance:38.4922534918643   cooldown:6   movingtime:2
2024-11-09-13-00-45-191(2):使用了canStart  FFFFF  distance:40.25059045341448   cooldown:7   movingtime:2
2024-11-09-13-00-45-290(2):使用了canStart  FFFFF  distance:41.25997872247514   cooldown:8   movingtime:2
2024-11-09-13-00-45-391(2):使用了canStart  FFFFF  distance:41.833573911916474   cooldown:9   movingtime:2
2024-11-09-13-00-45-492(2):使用了canStart  FFFFF  distance:43.267554313612436   cooldown:10   movingtime:2
2024-11-09-13-00-45-591(2):使用了canStart  FFFFF  distance:44.17994213130298   cooldown:11   movingtime:2
2024-11-09-13-00-45-691(2):使用了canStart  TTTTTDC  distance:44.72463650899493   cooldown:0   movingtime:2
2024-11-09-13-00-45-693(2):使用了start  
2024-11-09-13-00-45-694(2):使用了tick  TTTTT   cooldown:0   movingtime:2
2024-11-09-13-00-45-741(3):使用了tick  TTTTT   cooldown:0   movingtime:3
2024-11-09-13-00-45-791(4):使用了stop  
2024-11-09-13-00-45-793(4):使用了canStart  FFFFF  distance:45.19813177886304   cooldown:1   movingtime:4
2024-11-09-13-00-45-891(4):使用了canStart  TTTTTMovingtime  distance:46.154314106095235   cooldown:1   movingtime:1
2024-11-09-13-00-45-892(4):使用了start  
2024-11-09-13-00-45-893(4):使用了tick  TTTTT   cooldown:1   movingtime:1
2024-11-09-13-00-45-941(5):使用了tick  TTTTT   cooldown:1   movingtime:2
2024-11-09-13-00-45-990(6):使用了stop  
2024-11-09-13-00-45-991(6):使用了canStart  TTTTTMovingtime  distance:47.25167264722586   cooldown:1   movingtime:0
2024-11-09-13-00-45-992(6):使用了start  
2024-11-09-13-00-45-993(6):使用了tick  TTTTT   cooldown:1   movingtime:0
2024-11-09-13-00-46-041(7):使用了tick  TTTTT   cooldown:1   movingtime:1
2024-11-09-13-00-46-094(8):使用了stop  
2024-11-09-13-00-46-097(8):使用了canStart  FFFFF  distance:47.40489593832358   cooldown:2   movingtime:2
2024-11-09-13-00-46-191(8):使用了canStart  FFFFF  distance:48.103240308985875   cooldown:3   movingtime:2
2024-11-09-13-00-46-291(8):使用了canStart  FFFFF  distance:48.690264408966755   cooldown:4   movingtime:2
2024-11-09-13-00-46-394(8):使用了canStart  FFFFF  distance:49.19764059904748   cooldown:5   movingtime:2
2024-11-09-13-00-46-493(8):使用了canStart  FFFFF  distance:49.6573655311943   cooldown:6   movingtime:2
2024-11-09-13-00-46-591(8):使用了canStart  FFFFF  distance:50.10168323600034   cooldown:7   movingtime:2
2024-11-09-13-00-46-692(8):使用了canStart  FFFFF  distance:50.58126806129672   cooldown:8   movingtime:2
2024-11-09-13-00-46-792(8):使用了canStart  FFFFF  distance:50.93222032517818   cooldown:9   movingtime:2
2024-11-09-13-00-46-892(8):使用了canStart  FFFFF  distance:51.2207519988697   cooldown:10   movingtime:2
2024-11-09-13-00-46-992(8):使用了canStart  FFFFF  distance:51.40742827205935   cooldown:11   movingtime:2
2024-11-09-13-00-47-097(8):使用了canStart  TTTTTDC  distance:51.586514193442746   cooldown:0   movingtime:2
2024-11-09-13-00-47-099(8):使用了start  
2024-11-09-13-00-47-100(8):使用了tick  TTTTT   cooldown:0   movingtime:2
2024-11-09-13-00-47-142(9):使用了tick  TTTTT   cooldown:0   movingtime:3
2024-11-09-13-00-47-192(10):使用了stop  
2024-11-09-13-00-47-193(10):使用了canStart  FFFFF  distance:51.6131053019833   cooldown:1   movingtime:4
2024-11-09-13-00-47-293(10):使用了canStart  TTTTTMovingtime  distance:51.65302320683575   cooldown:1   movingtime:1
2024-11-09-13-00-47-295(10):使用了start  
2024-11-09-13-00-47-296(10):使用了tick  TTTTT   cooldown:1   movingtime:1
2024-11-09-13-00-47-341(11):使用了tick  TTTTT   cooldown:1   movingtime:2
2024-11-09-13-00-47-390(12):使用了stop  
2024-11-09-13-00-47-391(12):使用了canStart  TTTTTMovingtime  distance:51.58862442558337   cooldown:1   movingtime:0
2024-11-09-13-00-47-391(12):使用了start  
2024-11-09-13-00-47-392(12):使用了tick  TTTTT   cooldown:1   movingtime:0
2024-11-09-13-00-47-442(13):使用了tick  TTTTT   cooldown:1   movingtime:1
2024-11-09-13-00-47-491(14):使用了stop  
2024-11-09-13-00-47-492(14):使用了canStart  FFFFF  distance:51.239536091453544   cooldown:2   movingtime:2
2024-11-09-13-00-47-593(14):使用了canStart  FFFFF  distance:50.96465166009273   cooldown:3   movingtime:2
2024-11-09-13-00-47-692(14):使用了canStart  FFFFF  distance:50.737377482963495   cooldown:4   movingtime:2
2024-11-09-13-00-47-793(14):使用了canStart  FFFFF  distance:50.54026087179877   cooldown:5   movingtime:2
2024-11-09-13-00-47-892(14):使用了canStart  FFFFF  distance:50.36398189235211   cooldown:6   movingtime:2
2024-11-09-13-00-47-992(14):使用了canStart  FFFFF  distance:50.20638152792307   cooldown:7   movingtime:2
2024-11-09-13-00-48-094(14):使用了canStart  FFFFF  distance:50.07156181912128   cooldown:8   movingtime:2
2024-11-09-13-00-48-191(14):使用了canStart  FFFFF  distance:49.96905721182782   cooldown:9   movingtime:2
2024-11-09-13-00-48-291(14):使用了canStart  FFFFF  distance:49.71376405855528   cooldown:10   movingtime:2
2024-11-09-13-00-48-392(14):使用了canStart  FFFFF  distance:49.32958877471451   cooldown:11   movingtime:2
2024-11-09-13-00-48-492(14):使用了canStart  TTTTTDC  distance:48.941847675920165   cooldown:0   movingtime:2
2024-11-09-13-00-48-492(14):使用了start  
2024-11-09-13-00-48-493(14):使用了tick  TTTTT   cooldown:0   movingtime:2
2024-11-09-13-00-48-541(15):使用了tick  TTTTT   cooldown:0   movingtime:3
2024-11-09-13-00-48-593(16):使用了stop  
2024-11-09-13-00-48-594(16):使用了canStart  FFFFF  distance:48.650435796917535   cooldown:1   movingtime:4
2024-11-09-13-00-48-692(16):使用了canStart  TTTTTMovingtime  distance:48.41790059110525   cooldown:1   movingtime:1
2024-11-09-13-00-48-693(16):使用了start  
2024-11-09-13-00-48-694(16):使用了tick  TTTTT   cooldown:1   movingtime:1
2024-11-09-13-00-48-742(17):使用了tick  TTTTT   cooldown:1   movingtime:2
2024-11-09-13-00-48-790(18):使用了stop  
2024-11-09-13-00-48-791(18):使用了canStart  TTTTTMovingtime  distance:48.217431170519575   cooldown:1   movingtime:0
2024-11-09-13-00-48-791(18):使用了start  
2024-11-09-13-00-48-792(18):使用了tick  TTTTT   cooldown:1   movingtime:0
2024-11-09-13-00-48-841(19):使用了tick  TTTTT   cooldown:1   movingtime:1
2024-11-09-13-00-48-891(20):使用了stop  
2024-11-09-13-00-48-891(20):使用了canStart  FFFFF  distance:48.031780487720965   cooldown:2   movingtime:2
2024-11-09-13-00-48-994(20):使用了canStart  FFFFF  distance:47.85216564901489   cooldown:3   movingtime:2
2024-11-09-13-00-49-093(20):使用了canStart  FFFFF  distance:47.67723856736771   cooldown:4   movingtime:2
2024-11-09-13-00-49-191(20):使用了canStart  FFFFF  distance:47.512160125515095   cooldown:5   movingtime:2
2024-11-09-13-00-49-292(20):使用了canStart  FFFFF  distance:47.36776987276189   cooldown:6   movingtime:2
2024-11-09-13-00-49-390(20):使用了canStart  FFFFF  distance:47.21958027378762   cooldown:7   movingtime:2
2024-11-09-13-00-49-491(20):使用了canStart  FFFFF  distance:46.97021659528802   cooldown:8   movingtime:2
2024-11-09-13-00-49-591(20):使用了canStart  FFFFF  distance:46.69149762547818   cooldown:9   movingtime:2
2024-11-09-13-00-49-692(20):使用了canStart  FFFFF  distance:46.464917713307024   cooldown:10   movingtime:2
2024-11-09-13-00-49-792(20):使用了canStart  FFFFF  distance:46.26880172141826   cooldown:11   movingtime:2
2024-11-09-13-00-49-891(20):使用了canStart  TTTTTDC  distance:46.09061121710807   cooldown:0   movingtime:2
2024-11-09-13-00-49-892(20):使用了start  
2024-11-09-13-00-49-894(20):使用了tick  TTTTT   cooldown:0   movingtime:2
2024-11-09-13-00-49-942(21):使用了tick  TTTTT   cooldown:0   movingtime:3
2024-11-09-13-00-49-991(22):使用了stop  
2024-11-09-13-00-49-992(22):使用了canStart  FFFFF  distance:45.925889967425604   cooldown:1   movingtime:4
2024-11-09-13-00-50-091(22):使用了canStart  TTTTTMovingtime  distance:45.777279331408444   cooldown:1   movingtime:1
2024-11-09-13-00-50-092(22):使用了start  
2024-11-09-13-00-50-092(22):使用了tick  TTTTT   cooldown:1   movingtime:1
2024-11-09-13-00-50-142(23):使用了tick  TTTTT   cooldown:1   movingtime:2
2024-11-09-13-00-50-191(24):使用了stop  
2024-11-09-13-00-50-193(24):使用了canStart  TTTTTMovingtime  distance:45.65361671864217   cooldown:1   movingtime:0
2024-11-09-13-00-50-193(24):使用了start  
2024-11-09-13-00-50-193(24):使用了tick  TTTTT   cooldown:1   movingtime:0
2024-11-09-13-00-50-244(25):使用了tick  TTTTT   cooldown:1   movingtime:1
2024-11-09-13-00-50-292(26):使用了stop  
2024-11-09-13-00-50-293(26):使用了canStart  FFFFF  distance:45.546064289264166   cooldown:2   movingtime:2
2024-11-09-13-00-50-396(26):使用了canStart  FFFFF  distance:45.455462617568394   cooldown:3   movingtime:2
2024-11-09-13-00-50-492(26):使用了canStart  FFFFF  distance:45.38203965622894   cooldown:4   movingtime:2
2024-11-09-13-00-50-596(26):使用了canStart  FFFFF  distance:45.312884724144524   cooldown:5   movingtime:2
2024-11-09-13-00-50-692(26):使用了canStart  FFFFF  distance:45.24307497086978   cooldown:6   movingtime:2
2024-11-09-13-00-50-792(26):使用了canStart  FFFFF  distance:45.17470037605178   cooldown:7   movingtime:2
2024-11-09-13-00-50-891(26):使用了canStart  FFFFF  distance:45.11598294159595   cooldown:8   movingtime:2
2024-11-09-13-00-50-990(26):使用了canStart  FFFFF  distance:45.0775435919661   cooldown:9   movingtime:2
2024-11-09-13-00-51-097(26):使用了canStart  FFFFF  distance:45.05402208548967   cooldown:10   movingtime:2
2024-11-09-13-00-51-191(26):使用了canStart  FFFFF  distance:45.04948642015864   cooldown:11   movingtime:2
2024-11-09-13-00-51-292(26):使用了canStart  TTTTTDC  distance:45.04948642015864   cooldown:0   movingtime:2
2024-11-09-13-00-51-292(26):使用了start  
2024-11-09-13-00-51-294(26):使用了tick  TTTTT   cooldown:0   movingtime:2
2024-11-09-13-00-51-342(27):使用了tick  TTTTT   cooldown:0   movingtime:3
2024-11-09-13-00-51-390(28):使用了stop  
2024-11-09-13-00-51-391(28):使用了canStart  FFFFF  distance:44.73057123653324   cooldown:1   movingtime:4
2024-11-09-13-00-51-492(28):使用了canStart  TTTTTMovingtime  distance:44.56632836646029   cooldown:1   movingtime:1
2024-11-09-13-00-51-493(28):使用了start  
2024-11-09-13-00-51-494(28):使用了tick  TTTTT   cooldown:1   movingtime:1
2024-11-09-13-00-51-540(29):使用了tick  TTTTT   cooldown:1   movingtime:2
2024-11-09-13-00-51-594(30):使用了stop  
2024-11-09-13-00-51-596(30):使用了canStart  TTTTTMovingtime  distance:44.194447808107604   cooldown:1   movingtime:0
2024-11-09-13-00-51-597(30):使用了start  
2024-11-09-13-00-51-597(30):使用了tick  TTTTT   cooldown:1   movingtime:0
2024-11-09-13-00-51-642(31):使用了tick  TTTTT   cooldown:1   movingtime:1
2024-11-09-13-00-51-691(32):使用了stop  
2024-11-09-13-00-51-692(32):使用了canStart  FFFFF  distance:43.69124284431944   cooldown:2   movingtime:2
2024-11-09-13-00-51-792(32):使用了canStart  FFFFF  distance:43.47187914360254   cooldown:3   movingtime:2
2024-11-09-13-00-51-893(32):使用了canStart  FFFFF  distance:43.40647032588155   cooldown:4   movingtime:2
2024-11-09-13-00-51-992(32):使用了canStart  FFFFF  distance:43.38697090872264   cooldown:5   movingtime:2
2024-11-09-13-00-52-093(32):使用了canStart  FFFFF  distance:43.38321082518112   cooldown:6   movingtime:2
2024-11-09-13-00-52-192(32):使用了canStart  FFFFF  distance:43.38321082518112   cooldown:7   movingtime:2
2024-11-09-13-00-52-291(32):使用了canStart  FFFFF  distance:43.38321082518112   cooldown:8   movingtime:2
2024-11-09-13-00-52-391(32):使用了canStart  FFFFF  distance:43.38321082518112   cooldown:9   movingtime:2
2024-11-09-13-00-52-492(32):使用了canStart  FFFFF  distance:43.38321082518112   cooldown:10   movingtime:2
2024-11-09-13-00-52-596(32):使用了canStart  FFFFF  distance:43.38321082518112   cooldown:11   movingtime:2
2024-11-09-13-00-52-692(32):使用了canStart  TTTTTDC  distance:43.38321082518112   cooldown:0   movingtime:2
2024-11-09-13-00-52-694(32):使用了start  
2024-11-09-13-00-52-695(32):使用了tick  TTTTT   cooldown:0   movingtime:2
2024-11-09-13-00-52-741(33):使用了tick  TTTTT   cooldown:0   movingtime:3
2024-11-09-13-00-52-791(34):使用了stop  
2024-11-09-13-00-52-794(34):使用了canStart  FFFFF  distance:43.059893412672096   cooldown:1   movingtime:4
2024-11-09-13-00-52-895(34):使用了canStart  TTTTTMovingtime  distance:42.570839398319336   cooldown:1   movingtime:1
2024-11-09-13-00-52-897(34):使用了start  
2024-11-09-13-00-52-898(34):使用了tick  TTTTT   cooldown:1   movingtime:1
2024-11-09-13-00-52-944(35):使用了tick  TTTTT   cooldown:1   movingtime:2
2024-11-09-13-00-52-996(36):使用了stop  
2024-11-09-13-00-52-999(36):使用了canStart  TTTTTMovingtime  distance:42.0323687357658   cooldown:1   movingtime:0
2024-11-09-13-00-53-001(36):使用了start  
2024-11-09-13-00-53-001(36):使用了tick  TTTTT   cooldown:1   movingtime:0
2024-11-09-13-00-53-052(37):使用了tick  TTTTT   cooldown:1   movingtime:1
2024-11-09-13-00-53-102(38):使用了stop  
2024-11-09-13-00-53-105(38):使用了canStart  FFFFF  distance:41.479168392636275   cooldown:2   movingtime:2
2024-11-09-13-00-53-194(38):使用了canStart  FFFFF  distance:40.921573550213004   cooldown:3   movingtime:2
2024-11-09-13-00-53-291(38):使用了canStart  FFFFF  distance:40.36266781706667   cooldown:4   movingtime:2
2024-11-09-13-00-53-394(38):使用了canStart  FFFFF  distance:39.80337379359684   cooldown:5   movingtime:2
2024-11-09-13-00-53-493(38):使用了canStart  FFFFF  distance:39.24396273706112   cooldown:6   movingtime:2
2024-11-09-13-00-53-591(38):使用了canStart  FFFFF  distance:38.684518913011566   cooldown:7   movingtime:2
2024-11-09-13-00-53-693(38):使用了canStart  FFFFF  distance:38.12506481937285   cooldown:8   movingtime:2
2024-11-09-13-00-53-793(38):使用了canStart  FFFFF  distance:37.56560888933794   cooldown:9   movingtime:2
2024-11-09-13-00-53-893(38):使用了canStart  FFFFF  distance:37.00615351184817   cooldown:10   movingtime:2
2024-11-09-13-00-53-991(38):使用了canStart  FFFFF  distance:36.44669925049712   cooldown:11   movingtime:2
2024-11-09-13-00-54-092(38):使用了canStart  TTTTTDC  distance:35.88724636787742   cooldown:0   movingtime:2
2024-11-09-13-00-54-093(38):使用了start  
2024-11-09-13-00-54-094(38):使用了tick  TTTTT   cooldown:0   movingtime:2
2024-11-09-13-00-54-144(39):使用了tick  TTTTT   cooldown:0   movingtime:3
2024-11-09-13-00-54-194(40):使用了stop  
2024-11-09-13-00-54-198(40):使用了canStart  FFFFF  distance:35.32779481991631   cooldown:1   movingtime:4
2024-11-09-13-00-54-300(40):使用了canStart  TTTTTMovingtime  distance:34.76834504000016   cooldown:1   movingtime:1
2024-11-09-13-00-54-305(40):使用了start  
2024-11-09-13-00-54-306(40):使用了tick  TTTTT   cooldown:1   movingtime:1
2024-11-09-13-00-54-343(41):使用了tick  TTTTT   cooldown:1   movingtime:2
2024-11-09-13-00-54-393(42):使用了stop  
2024-11-09-13-00-54-394(42):使用了canStart  TTTTTMovingtime  distance:34.2088971204647   cooldown:1   movingtime:0
2024-11-09-13-00-54-396(42):使用了start  
2024-11-09-13-00-54-397(42):使用了tick  TTTTT   cooldown:1   movingtime:0
2024-11-09-13-00-54-442(43):使用了tick  TTTTT   cooldown:1   movingtime:1
2024-11-09-13-00-54-493(44):使用了stop  
2024-11-09-13-00-54-494(44):使用了canStart  FFFFF  distance:33.64945115576963   cooldown:2   movingtime:2
2024-11-09-13-00-54-591(44):使用了canStart  FFFFF  distance:33.09000724556333   cooldown:3   movingtime:2
2024-11-09-13-00-54-695(44):使用了canStart  FFFFF  distance:32.53056549599056   cooldown:4   movingtime:2
2024-11-09-13-00-54-802(44):使用了canStart  FFFFF  distance:31.97112602051822   cooldown:5   movingtime:2
2024-11-09-13-00-54-893(44):使用了canStart  FFFFF  distance:31.411688940664163   cooldown:6   movingtime:2
2024-11-09-13-00-54-994(44):使用了canStart  FFFFF  distance:30.852254386749987   cooldown:7   movingtime:2
2024-11-09-13-00-55-094(44):使用了canStart  FFFFF  distance:30.29282249872072   cooldown:8   movingtime:2
2024-11-09-13-00-55-191(44):使用了canStart  FFFFF  distance:29.733393427052068   cooldown:9   movingtime:2
2024-11-09-13-00-55-298(44):使用了canStart  FFFFF  distance:29.173967333760576   cooldown:10   movingtime:2
2024-11-09-13-00-55-395(44):使用了canStart  FFFFF  distance:28.61454439353176   cooldown:11   movingtime:2
2024-11-09-13-00-55-499(44):使用了canStart  FFFFF  distance:28.055124794983097   cooldown:12   movingtime:2
2024-11-09-13-00-55-594(44):使用了canStart  FFFFF  distance:27.622695846102015   cooldown:13   movingtime:2
2024-11-09-13-00-55-694(44):使用了canStart  FFFFF  distance:27.493782252322468   cooldown:14   movingtime:2
2024-11-09-13-00-55-791(44):使用了canStart  FFFFF  distance:27.45535107703981   cooldown:15   movingtime:2
2024-11-09-13-00-55-892(44):使用了canStart  FFFFF  distance:27.44389412957776   cooldown:16   movingtime:2
2024-11-09-13-00-55-991(44):使用了canStart  FFFFF  distance:27.44389412957776   cooldown:17   movingtime:2
2024-11-09-13-00-56-090(44):使用了canStart  FFFFF  distance:27.44389412957776   cooldown:18   movingtime:2
2024-11-09-13-00-56-192(44):使用了canStart  FFFFF  distance:27.44389412957776   cooldown:19   movingtime:2
2024-11-09-13-00-56-291(44):使用了canStart  FFFFF  distance:27.44389412957776   cooldown:20   movingtime:2
2024-11-09-13-00-56-389(44):使用了canStart  FFFFF  distance:27.44389412957776   cooldown:21   movingtime:2
2024-11-09-13-00-56-491(44):使用了canStart  FFFFF  distance:27.44389412957776   cooldown:22   movingtime:2
2024-11-09-13-00-56-591(44):使用了canStart  FFFFF  distance:27.44389412957776   cooldown:23   movingtime:2
2024-11-09-13-00-56-691(44):使用了canStart  FFFFF  distance:27.44389412957776   cooldown:24   movingtime:2
2024-11-09-13-00-56-791(44):使用了canStart  FFFFF  distance:27.44389412957776   cooldown:25   movingtime:2
2024-11-09-13-00-56-892(44):使用了canStart  FFFFF  distance:27.44389412957776   cooldown:26   movingtime:2
2024-11-09-13-00-56-992(44):使用了canStart  FFFFF  distance:27.44389412957776   cooldown:27   movingtime:2
2024-11-09-13-00-57-090(44):使用了canStart  FFFFF  distance:27.44389412957776   cooldown:28   movingtime:2
2024-11-09-13-00-57-192(44):使用了canStart  FFFFF  distance:27.44389412957776   cooldown:29   movingtime:2
2024-11-09-13-00-57-291(44):使用了canStart  FFFFF  distance:27.44389412957776   cooldown:30   movingtime:2
2024-11-09-13-00-57-390(44):使用了canStart  FFFFF  distance:27.44389412957776   cooldown:31   movingtime:2
2024-11-09-13-00-57-491(44):使用了canStart  FFFFF  distance:27.44389412957776   cooldown:32   movingtime:2
2024-11-09-13-00-57-593(44):使用了canStart  FFFFF  distance:27.44389412957776   cooldown:33   movingtime:2
2024-11-09-13-00-57-691(44):使用了canStart  FFFFF  distance:27.44389412957776   cooldown:34   movingtime:2
2024-11-09-13-00-57-791(44):使用了canStart  FFFFF  distance:27.44389412957776   cooldown:35   movingtime:2
2024-11-09-13-00-57-896(44):使用了canStart  FFFFF  distance:27.44389412957776   cooldown:36   movingtime:2
2024-11-09-13-00-57-995(44):使用了canStart  FFFFF  distance:27.44389412957776   cooldown:37   movingtime:2
2024-11-09-13-00-58-098(44):使用了canStart  FFFFF  distance:27.44389412957776   cooldown:38   movingtime:2
2024-11-09-13-00-58-193(44):使用了canStart  FFFFF  distance:27.44389412957776   cooldown:39   movingtime:2
2024-11-09-13-00-58-291(44):使用了canStart  FFFFF  distance:27.44389412957776   cooldown:40   movingtime:2
2024-11-09-13-00-58-396(44):使用了canStart  FFFFF  distance:27.44389412957776   cooldown:41   movingtime:2
2024-11-09-13-00-58-497(44):使用了canStart  FFFFF  distance:27.44389412957776   cooldown:42   movingtime:2
2024-11-09-13-00-58-595(44):使用了canStart  FFFFF  distance:27.44389412957776   cooldown:43   movingtime:2
2024-11-09-13-00-58-691(44):使用了canStart  FFFFF  distance:27.44389412957776   cooldown:44   movingtime:2
2024-11-09-13-00-58-792(44):使用了canStart  FFFFF  distance:27.44389412957776   cooldown:45   movingtime:2
2024-11-09-13-00-58-890(44):使用了canStart  FFFFF  distance:27.44389412957776   cooldown:46   movingtime:2
2024-11-09-13-00-58-990(44):使用了canStart  FFFFF  distance:27.44389412957776   cooldown:47   movingtime:2
2024-11-09-13-00-59-093(44):使用了canStart  FFFFF  distance:27.44389412957776   cooldown:48   movingtime:2
2024-11-09-13-00-59-191(44):使用了canStart  FFFFF  distance:27.44389412957776   cooldown:49   movingtime:2
2024-11-09-13-00-59-291(44):使用了canStart  FFFFF  distance:27.44389412957776   cooldown:50   movingtime:2
2024-11-09-13-00-59-390(44):使用了canStart  FFFFF  distance:27.44389412957776   cooldown:51   movingtime:2
2024-11-09-13-00-59-491(44):使用了canStart  FFFFF  distance:27.44389412957776   cooldown:52   movingtime:2
2024-11-09-13-00-59-593(44):使用了canStart  FFFFF  distance:27.44389412957776   cooldown:53   movingtime:2
2024-11-09-13-00-59-691(44):使用了canStart  FFFFF  distance:27.44389412957776   cooldown:54   movingtime:2
2024-11-09-13-00-59-792(44):使用了canStart  FFFFF  distance:27.44389412957776   cooldown:55   movingtime:2
2024-11-09-13-00-59-891(44):使用了canStart  FFFFF  distance:27.44389412957776   cooldown:56   movingtime:2
2024-11-09-13-00-59-990(44):使用了canStart  FFFFF  distance:27.44389412957776   cooldown:57   movingtime:2
2024-11-09-13-01-00-091(44):使用了canStart  FFFFF  distance:27.44389412957776   cooldown:58   movingtime:2
2024-11-09-13-01-00-193(44):使用了canStart  FFFFF  distance:27.44389412957776   cooldown:59   movingtime:2
2024-11-09-13-01-00-294(44):使用了canStart  FFFFF  distance:27.44389412957776   cooldown:60   movingtime:2
2024-11-09-13-01-00-392(44):使用了canStart  FFFFF  distance:27.44389412957776   cooldown:61   movingtime:2
2024-11-09-13-01-00-492(44):使用了canStart  FFFFF  distance:27.44389412957776   cooldown:62   movingtime:2
2024-11-09-13-01-00-590(44):使用了canStart  FFFFF  distance:27.44389412957776   cooldown:63   movingtime:2
2024-11-09-13-01-00-691(44):使用了canStart  FFFFF  distance:27.44389412957776   cooldown:64   movingtime:2
2024-11-09-13-01-00-793(44):使用了canStart  FFFFF  distance:27.44389412957776   cooldown:65   movingtime:2
2024-11-09-13-01-00-891(44):使用了canStart  FFFFF  distance:27.44389412957776   cooldown:66   movingtime:2
2024-11-09-13-01-00-992(44):使用了canStart  FFFFF  distance:27.44389412957776   cooldown:67   movingtime:2
2024-11-09-13-01-01-094(44):使用了canStart  FFFFF  distance:27.44389412957776   cooldown:68   movingtime:2
2024-11-09-13-01-01-192(44):使用了canStart  FFFFF  distance:27.44389412957776   cooldown:69   movingtime:2
2024-11-09-13-01-01-293(44):使用了canStart  FFFFF  distance:27.44389412957776   cooldown:70   movingtime:2
2024-11-09-13-01-01-392(44):使用了canStart  FFFFF  distance:27.44389412957776   cooldown:71   movingtime:2
2024-11-09-13-01-01-491(44):使用了canStart  FFFFF  distance:27.44389412957776   cooldown:72   movingtime:2
2024-11-09-13-01-01-597(44):使用了canStart  FFFFF  distance:27.44389412957776   cooldown:73   movingtime:2
2024-11-09-13-01-01-692(44):使用了canStart  FFFFF  distance:27.44389412957776   cooldown:74   movingtime:2
2024-11-09-13-01-01-802(44):使用了canStart  FFFFF  distance:27.44389412957776   cooldown:75   movingtime:2
2024-11-09-13-01-01-902(44):使用了canStart  FFFFF  distance:27.44389412957776   cooldown:76   movingtime:2
2024-11-09-13-01-01-994(44):使用了canStart  FFFFF  distance:27.44389412957776   cooldown:77   movingtime:2
2024-11-09-13-01-02-092(44):使用了canStart  FFFFF  distance:27.44389412957776   cooldown:78   movingtime:2
2024-11-09-13-01-02-191(44):使用了canStart  FFFFF  distance:27.44389412957776   cooldown:79   movingtime:2
2024-11-09-13-01-02-292(44):使用了canStart  FFFFF  distance:27.44389412957776   cooldown:80   movingtime:2
2024-11-09-13-01-02-393(44):使用了canStart  FFFFF  distance:27.44389412957776   cooldown:81   movingtime:2
2024-11-09-13-01-02-494(44):使用了canStart  FFFFF  distance:27.44389412957776   cooldown:82   movingtime:2
2024-11-09-13-01-02-597(44):使用了canStart  FFFFF  distance:27.44389412957776   cooldown:83   movingtime:2
2024-11-09-13-01-02-692(44):使用了canStart  FFFFF  distance:27.44389412957776   cooldown:84   movingtime:2
2024-11-09-13-01-02-791(44):使用了canStart  FFFFF  distance:27.44389412957776   cooldown:85   movingtime:2
2024-11-09-13-01-02-892(44):使用了canStart  FFFFF  distance:27.44389412957776   cooldown:86   movingtime:2
2024-11-09-13-01-02-992(44):使用了canStart  FFFFF  distance:27.44389412957776   cooldown:87   movingtime:2
2024-11-09-13-01-03-094(44):使用了canStart  FFFFF  distance:27.44389412957776   cooldown:88   movingtime:2
2024-11-09-13-01-03-193(44):使用了canStart  FFFFF  distance:27.178366126222656   cooldown:89   movingtime:2
2024-11-09-13-01-03-291(44):使用了canStart  FFFFF  distance:26.912776032213603   cooldown:90   movingtime:2
2024-11-09-13-01-03-392(44):使用了canStart  FFFFF  distance:26.69179512818237   cooldown:91   movingtime:2
2024-11-09-13-01-03-490(44):使用了canStart  FFFFF  distance:26.501070994267323   cooldown:92   movingtime:2
2024-11-09-13-01-03-592(44):使用了canStart  FFFFF  distance:26.33937110530829   cooldown:93   movingtime:2
2024-11-09-13-01-03-690(44):使用了canStart  FFFFF  distance:26.217053656556118   cooldown:94   movingtime:2
2024-11-09-13-01-03-789(44):使用了canStart  FFFFF  distance:26.154527456910238   cooldown:95   movingtime:2
2024-11-09-13-01-03-890(44):使用了canStart  FFFFF  distance:26.180557839453094   cooldown:96   movingtime:2
2024-11-09-13-01-03-992(44):使用了canStart  FFFFF  distance:26.330209266250804   cooldown:97   movingtime:2
2024-11-09-13-01-04-091(44):使用了canStart  FFFFF  distance:26.642252859469707   cooldown:98   movingtime:2
2024-11-09-13-01-04-191(44):使用了canStart  FFFFF  distance:27.15602840241057   cooldown:99   movingtime:2
2024-11-09-13-01-04-292(44):使用了canStart  FFFFF  distance:27.908013810722075   cooldown:100   movingtime:2
2024-11-09-13-01-04-390(44):使用了canStart  FFFFF  distance:28.928619440289182   cooldown:101   movingtime:2
2024-11-09-13-01-04-491(44):使用了canStart  FFFFF  distance:30.23983057951137   cooldown:102   movingtime:2
2024-11-09-13-01-04-592(44):使用了canStart  FFFFF  distance:31.854159088366938   cooldown:103   movingtime:2
2024-11-09-13-01-04-691(44):使用了canStart  TTTTTDC  distance:33.77498681413846   cooldown:0   movingtime:2
2024-11-09-13-01-04-692(44):使用了start  
2024-11-09-13-01-04-692(44):使用了tick  TTTTT   cooldown:0   movingtime:2
2024-11-09-13-01-04-743(45):使用了tick  TTTTT   cooldown:0   movingtime:3
2024-11-09-13-01-04-792(46):使用了stop  
2024-11-09-13-01-04-793(46):使用了canStart  FFFFF  distance:35.99798942694188   cooldown:1   movingtime:4
2024-11-09-13-01-04-891(46):使用了canStart  TTTTTMovingtime  distance:38.513115290998854   cooldown:1   movingtime:1
2024-11-09-13-01-04-891(46):使用了start  
2024-11-09-13-01-04-892(46):使用了tick  TTTTT   cooldown:1   movingtime:1
2024-11-09-13-01-04-942(47):使用了tick  TTTTT   cooldown:1   movingtime:2
2024-11-09-13-01-04-991(48):使用了stop  
2024-11-09-13-01-04-992(48):使用了canStart  TTTTTMovingtime  distance:41.306613703618886   cooldown:1   movingtime:0
2024-11-09-13-01-04-993(48):使用了start  
2024-11-09-13-01-04-993(48):使用了tick  TTTTT   cooldown:1   movingtime:0
2024-11-09-13-01-05-042(49):使用了tick  TTTTT   cooldown:1   movingtime:1
2024-11-09-13-01-05-096(50):使用了stop  
2024-11-09-13-01-05-098(50):使用了canStart  FFFFF  distance:44.36277552484253   cooldown:2   movingtime:2
2024-11-09-13-01-05-191(50):使用了canStart  FFFFF  distance:47.66524430980517   cooldown:3   movingtime:2
2024-11-09-13-01-05-290(50):使用了canStart  FFFFF  distance:51.19789950778338   cooldown:4   movingtime:2
2024-11-09-13-01-05-391(50):使用了canStart  FFFFF  distance:54.94774815748757   cooldown:5   movingtime:2
2024-11-09-13-01-05-491(50):使用了canStart  FFFFF  distance:58.89734781373506   cooldown:6   movingtime:2
2024-11-09-13-01-05-591(50):使用了canStart  FFFFF  distance:63.033791368334725   cooldown:7   movingtime:2
2024-11-09-13-01-05-692(50):使用了canStart  FFFFF  distance:67.34517112284651   cooldown:8   movingtime:2
2024-11-09-13-01-05-791(50):使用了canStart  FFFFF  distance:71.82062389594815   cooldown:9   movingtime:2
2024-11-09-13-01-05-890(50):使用了canStart  FFFFF  distance:76.45024952919123   cooldown:10   movingtime:2
2024-11-09-13-01-05-991(50):使用了canStart  FFFFF  distance:81.22501841808989   cooldown:11   movingtime:2
2024-11-09-13-01-06-093(50):使用了canStart  TTTTTDC  distance:86.13667882085151   cooldown:0   movingtime:2
2024-11-09-13-01-06-094(50):使用了start  
2024-11-09-13-01-06-094(50):使用了tick  TTTTT   cooldown:0   movingtime:2
2024-11-09-13-01-06-140(51):使用了tick  TTTTT   cooldown:0   movingtime:3
2024-11-09-13-01-06-191(52):使用了stop  
2024-11-09-13-01-06-192(52):使用了canStart  FFFFF  distance:91.17766964836169   cooldown:1   movingtime:4
2024-11-09-13-01-06-291(52):使用了canStart  TTTTTMovingtime  distance:96.34104135352871   cooldown:1   movingtime:1
2024-11-09-13-01-06-293(52):使用了start  
2024-11-09-13-01-06-293(52):使用了tick  TTTTT   cooldown:1   movingtime:1
2024-11-09-13-01-06-342(53):使用了tick  TTTTT   cooldown:1   movingtime:2
2024-11-09-13-01-06-392(54):使用了stop  
2024-11-09-13-01-06-392(54):使用了canStart  TTTTTMovingtime  distance:101.62038574061211   cooldown:1   movingtime:0
2024-11-09-13-01-06-393(54):使用了start  
2024-11-09-13-01-06-394(54):使用了tick  TTTTT   cooldown:1   movingtime:0
2024-11-09-13-01-06-442(55):使用了tick  TTTTT   cooldown:1   movingtime:1
2024-11-09-13-01-06-492(56):使用了stop  
2024-11-09-13-01-06-493(56):使用了canStart  FFFFF  distance:107.00977452839147   cooldown:2   movingtime:2
2024-11-09-13-01-06-596(56):使用了canStart  FFFFF  distance:112.50370600660224   cooldown:3   movingtime:2
2024-11-09-13-01-06-693(56):使用了canStart  FFFFF  distance:118.0970589189769   cooldown:4   movingtime:2
2024-11-09-13-01-08-846(0):使用了canStart  FFFFF  distance:138.00905767376284   cooldown:1   movingtime:0
2024-11-09-13-01-08-941(0):使用了canStart  FFFFF  distance:0.7071067811865476   cooldown:2   movingtime:0
2024-11-09-13-01-09-042(0):使用了canStart  FFFFF  distance:0.7071067811865476   cooldown:3   movingtime:0
2024-11-09-13-01-09-141(0):使用了canStart  FFFFF  distance:0.7071067811865476   cooldown:4   movingtime:0
2024-11-09-13-01-09-242(0):使用了canStart  FFFFF  distance:0.7071067811865476   cooldown:5   movingtime:0
2024-11-09-13-01-09-341(0):使用了canStart  FFFFF  distance:0.7071067811865476   cooldown:6   movingtime:0
2024-11-09-13-01-09-448(0):使用了canStart  FFFFF  distance:0.7071067811865476   cooldown:7   movingtime:0
2024-11-09-13-01-09-540(0):使用了canStart  FFFFF  distance:0.7071067811865476   cooldown:8   movingtime:0
2024-11-09-13-01-09-642(0):使用了canStart  FFFFF  distance:0.7071067811865476   cooldown:9   movingtime:0
2024-11-09-13-01-09-743(0):使用了canStart  FFFFF  distance:0.7071067811865476   cooldown:10   movingtime:0
2024-11-09-13-01-09-844(0):使用了canStart  FFFFF  distance:0.7071067811865476   cooldown:11   movingtime:0
2024-11-09-13-01-09-943(0):使用了canStart  FFFFF  distance:0.7071067811865476   cooldown:12   movingtime:0
2024-11-09-13-01-10-044(0):使用了canStart  FFFFF  distance:0.7071067811865476   cooldown:13   movingtime:0
2024-11-09-13-01-10-141(0):使用了canStart  FFFFF  distance:0.7071067811865476   cooldown:14   movingtime:0
2024-11-09-13-01-10-240(0):使用了canStart  FFFFF  distance:0.7071067811865476   cooldown:15   movingtime:0
2024-11-09-13-01-10-344(0):使用了canStart  FFFFF  distance:0.7071067811865476   cooldown:16   movingtime:0
2024-11-09-13-01-10-441(0):使用了canStart  FFFFF  distance:0.7071067811865476   cooldown:17   movingtime:0
2024-11-09-13-01-10-540(0):使用了canStart  FFFFF  distance:0.7071067811865476   cooldown:18   movingtime:0
2024-11-09-13-01-10-642(0):使用了canStart  FFFFF  distance:0.6193565202238421   cooldown:19   movingtime:0
2024-11-09-13-01-10-742(0):使用了canStart  FFFFF  distance:0.5453980505395719   cooldown:20   movingtime:0
2024-11-09-13-01-10-842(0):使用了canStart  FFFFF  distance:0.43519769977467354   cooldown:21   movingtime:0
2024-11-09-13-01-10-942(0):使用了canStart  FFFFF  distance:0.12994351507792595   cooldown:22   movingtime:0
2024-11-09-13-01-11-043(0):使用了canStart  FFFFF  distance:0.23456488598522315   cooldown:23   movingtime:0
2024-11-09-13-01-11-141(0):使用了canStart  FFFFF  distance:0.39108055429390515   cooldown:24   movingtime:0
2024-11-09-13-01-11-240(0):使用了canStart  FFFFF  distance:0.43775429173352703   cooldown:25   movingtime:0
2024-11-09-13-01-11-341(0):使用了canStart  FFFFF  distance:0.6762156067831329   cooldown:26   movingtime:0
2024-11-09-13-01-11-443(0):使用了canStart  FFFFF  distance:0.9893571730970079   cooldown:27   movingtime:0
2024-11-09-13-01-11-542(0):使用了canStart  FFFFF  distance:1.2684949335120588   cooldown:28   movingtime:0
2024-11-09-13-01-11-640(0):使用了canStart  FFFFF  distance:1.585913452651909   cooldown:29   movingtime:0
2024-11-09-13-01-11-741(0):使用了canStart  FFFFF  distance:2.286503812794513   cooldown:30   movingtime:0
2024-11-09-13-01-11-843(0):使用了canStart  FFFFF  distance:3.483522529171923   cooldown:31   movingtime:0
2024-11-09-13-01-11-942(0):使用了canStart  FFFFF  distance:4.00794065326269   cooldown:32   movingtime:0
2024-11-09-13-01-12-041(0):使用了canStart  FFFFF  distance:4.973527814126265   cooldown:33   movingtime:0
2024-11-09-13-01-12-141(0):使用了canStart  FFFFF  distance:5.461088060979286   cooldown:34   movingtime:0
2024-11-09-13-01-12-241(0):使用了canStart  FFFFF  distance:5.971890566023515   cooldown:35   movingtime:0
2024-11-09-13-01-12-344(0):使用了canStart  FFFFF  distance:7.392844306766839   cooldown:36   movingtime:0
2024-11-09-13-01-12-442(0):使用了canStart  FFFFF  distance:8.870885893852996   cooldown:37   movingtime:0
2024-11-09-13-01-12-541(0):使用了canStart  FFFFF  distance:9.95776725190285   cooldown:38   movingtime:0
2024-11-09-13-01-12-643(0):使用了canStart  FFFFF  distance:10.752445197999345   cooldown:39   movingtime:0
2024-11-09-13-01-12-741(0):使用了canStart  FFFFF  distance:11.251379126211335   cooldown:40   movingtime:0
2024-11-09-13-01-12-841(0):使用了canStart  FFFFF  distance:12.263865368453668   cooldown:41   movingtime:0
2024-11-09-13-01-12-940(0):使用了canStart  FFFFF  distance:13.829217746720605   cooldown:42   movingtime:0
2024-11-09-13-01-13-043(0):使用了canStart  FFFFF  distance:14.780628086870479   cooldown:43   movingtime:0
2024-11-09-13-01-13-140(0):使用了canStart  FFFFF  distance:15.942406208710294   cooldown:44   movingtime:0
2024-11-09-13-01-13-242(0):使用了canStart  FFFFF  distance:16.55868056859528   cooldown:45   movingtime:0
2024-11-09-13-01-13-340(0):使用了canStart  FFFFF  distance:17.40666644013354   cooldown:46   movingtime:0
2024-11-09-13-01-13-442(0):使用了canStart  FFFFF  distance:18.756017447086546   cooldown:47   movingtime:0
2024-11-09-13-01-13-541(0):使用了canStart  FFFFF  distance:20.040886208373237   cooldown:48   movingtime:0
2024-11-09-13-01-13-643(0):使用了canStart  FFFFF  distance:21.091024214835787   cooldown:49   movingtime:0
2024-11-09-13-01-13-742(0):使用了canStart  FFFFF  distance:21.89152314133355   cooldown:50   movingtime:0
2024-11-09-13-01-13-841(0):使用了canStart  FFFFF  distance:22.797943569417406   cooldown:51   movingtime:0
2024-11-09-13-01-13-942(0):使用了canStart  FFFFF  distance:24.56675408919064   cooldown:52   movingtime:0
2024-11-09-13-01-14-042(0):使用了canStart  FFFFF  distance:25.582546915918254   cooldown:53   movingtime:0
2024-11-09-13-01-14-141(0):使用了canStart  FFFFF  distance:26.15689853352773   cooldown:54   movingtime:0
2024-11-09-13-01-14-241(0):使用了canStart  FFFFF  distance:26.99696022891646   cooldown:55   movingtime:0
2024-11-09-13-01-14-342(0):使用了canStart  FFFFF  distance:28.133631479810607   cooldown:56   movingtime:0
2024-11-09-13-01-14-442(0):使用了canStart  FFFFF  distance:29.9739441022105   cooldown:57   movingtime:0
2024-11-09-13-01-14-542(0):使用了canStart  FFFFF  distance:31.011723690440533   cooldown:58   movingtime:0
2024-11-09-13-01-14-643(0):使用了canStart  FFFFF  distance:31.592998594396278   cooldown:59   movingtime:0
2024-11-09-13-01-14-742(0):使用了canStart  TTTTTDC  distance:32.427879910785286   cooldown:0   movingtime:0
2024-11-09-13-01-14-743(0):使用了start  
2024-11-09-13-01-14-744(0):使用了tick  TTTTT   cooldown:0   movingtime:0
2024-11-09-13-01-14-790(1):使用了tick  TTTTT   cooldown:0   movingtime:1
2024-11-09-13-01-14-843(2):使用了stop  
2024-11-09-13-01-14-846(2):使用了canStart  FFFFF  distance:33.185215278955845   cooldown:1   movingtime:2
2024-11-09-13-01-14-942(2):使用了canStart  FFFFF  distance:34.226774862475345   cooldown:2   movingtime:2
2024-11-09-13-01-15-042(2):使用了canStart  FFFFF  distance:35.35398378939489   cooldown:3   movingtime:2
2024-11-09-13-01-15-142(2):使用了canStart  FFFFF  distance:36.50345276727847   cooldown:4   movingtime:2
2024-11-09-13-01-15-241(2):使用了canStart  FFFFF  distance:37.65671232723422   cooldown:5   movingtime:2
2024-11-09-13-01-15-343(2):使用了canStart  FFFFF  distance:38.81123566579588   cooldown:6   movingtime:2
2024-11-09-13-01-15-441(2):使用了canStart  FFFFF  distance:39.96819794677755   cooldown:7   movingtime:2
2024-11-09-13-01-15-541(2):使用了canStart  FFFFF  distance:41.12322250894161   cooldown:8   movingtime:2
2024-11-09-13-01-15-642(2):使用了canStart  FFFFF  distance:42.095724049956395   cooldown:9   movingtime:2
2024-11-09-13-01-15-742(2):使用了canStart  FFFFF  distance:43.85922283473455   cooldown:10   movingtime:2
2024-11-09-13-01-15-841(2):使用了canStart  FFFFF  distance:44.867510787238416   cooldown:11   movingtime:2
2024-11-09-13-01-15-941(2):使用了canStart  TTTTTDC  distance:45.43942286792319   cooldown:0   movingtime:2
2024-11-09-13-01-15-942(2):使用了start  
2024-11-09-13-01-15-943(2):使用了tick  TTTTT   cooldown:0   movingtime:2
2024-11-09-13-01-15-992(3):使用了tick  TTTTT   cooldown:0   movingtime:3
2024-11-09-13-01-16-042(4):使用了stop  
2024-11-09-13-01-16-043(4):使用了canStart  FFFFF  distance:46.50505654627563   cooldown:1   movingtime:4
2024-11-09-13-01-16-141(4):使用了canStart  TTTTTMovingtime  distance:47.63684895981569   cooldown:1   movingtime:1
2024-11-09-13-01-16-142(4):使用了start  
2024-11-09-13-01-16-142(4):使用了tick  TTTTT   cooldown:1   movingtime:1
2024-11-09-13-01-16-190(5):使用了tick  TTTTT   cooldown:1   movingtime:2
2024-11-09-13-01-16-244(6):使用了stop  
2024-11-09-13-01-16-244(6):使用了canStart  TTTTTMovingtime  distance:48.78619246732978   cooldown:1   movingtime:0
2024-11-09-13-01-16-246(6):使用了start  
2024-11-09-13-01-16-246(6):使用了tick  TTTTT   cooldown:1   movingtime:0
2024-11-09-13-01-16-291(7):使用了tick  TTTTT   cooldown:1   movingtime:1
2024-11-09-13-01-16-341(8):使用了stop  
2024-11-09-13-01-16-342(8):使用了canStart  FFFFF  distance:49.34176020804683   cooldown:2   movingtime:2
2024-11-09-13-01-16-441(8):使用了canStart  FFFFF  distance:50.318263203234864   cooldown:3   movingtime:2
2024-11-09-13-01-16-542(8):使用了canStart  FFFFF  distance:51.423528049574756   cooldown:4   movingtime:2
2024-11-09-13-01-16-642(8):使用了canStart  FFFFF  distance:52.56550547357113   cooldown:5   movingtime:2
2024-11-09-13-01-16-741(8):使用了canStart  FFFFF  distance:53.71377495288177   cooldown:6   movingtime:2
2024-11-09-13-01-16-841(8):使用了canStart  FFFFF  distance:54.86747802956184   cooldown:7   movingtime:2
2024-11-09-13-01-16-942(8):使用了canStart  FFFFF  distance:56.02298907501841   cooldown:8   movingtime:2
2024-11-09-13-01-17-040(8):使用了canStart  FFFFF  distance:56.99341409585345   cooldown:9   movingtime:2
2024-11-09-13-01-17-142(8):使用了canStart  FFFFF  distance:58.75228465962935   cooldown:10   movingtime:2
2024-11-09-13-01-17-244(8):使用了canStart  FFFFF  distance:59.75797225688422   cooldown:11   movingtime:2
2024-11-09-13-01-17-340(8):使用了canStart  TTTTTDC  distance:60.32794234044393   cooldown:0   movingtime:2
2024-11-09-13-01-17-341(8):使用了start  
2024-11-09-13-01-17-342(8):使用了tick  TTTTT   cooldown:0   movingtime:2
2024-11-09-13-01-17-391(9):使用了tick  TTTTT   cooldown:0   movingtime:3
2024-11-09-13-01-17-441(10):使用了stop  
2024-11-09-13-01-17-442(10):使用了canStart  FFFFF  distance:60.779186752922804   cooldown:1   movingtime:4
2024-11-09-13-01-17-541(10):使用了canStart  TTTTTMovingtime  distance:61.72913903270851   cooldown:1   movingtime:1
2024-11-09-13-01-17-542(10):使用了start  
2024-11-09-13-01-17-543(10):使用了tick  TTTTT   cooldown:1   movingtime:1
2024-11-09-13-01-17-591(11):使用了tick  TTTTT   cooldown:1   movingtime:2
2024-11-09-13-01-17-643(12):使用了stop  
2024-11-09-13-01-17-644(12):使用了canStart  TTTTTMovingtime  distance:62.224937241269174   cooldown:1   movingtime:0
2024-11-09-13-01-17-644(12):使用了start  
2024-11-09-13-01-17-645(12):使用了tick  TTTTT   cooldown:1   movingtime:0
2024-11-09-13-01-17-693(13):使用了tick  TTTTT   cooldown:1   movingtime:1
2024-11-09-13-01-17-740(14):使用了stop  
2024-11-09-13-01-17-741(14):使用了canStart  FFFFF  distance:62.79484225964168   cooldown:2   movingtime:2
2024-11-09-13-01-17-841(14):使用了canStart  FFFFF  distance:63.39069843389298   cooldown:3   movingtime:2
2024-11-09-13-01-17-943(14):使用了canStart  FFFFF  distance:64.65322444851797   cooldown:4   movingtime:2
2024-11-09-13-01-18-042(14):使用了canStart  FFFFF  distance:65.29839401374694   cooldown:5   movingtime:2
2024-11-09-13-01-18-142(14):使用了canStart  FFFFF  distance:66.36014432955758   cooldown:6   movingtime:2
2024-11-09-13-01-18-240(14):使用了canStart  FFFFF  distance:66.94834287205984   cooldown:7   movingtime:2
2024-11-09-13-01-18-341(14):使用了canStart  FFFFF  distance:67.39583896304235   cooldown:8   movingtime:2
2024-11-09-13-01-18-443(14):使用了canStart  FFFFF  distance:68.19004798719546   cooldown:9   movingtime:2
2024-11-09-13-01-18-542(14):使用了canStart  FFFFF  distance:68.74567733438371   cooldown:10   movingtime:2
2024-11-09-13-01-18-642(14):使用了canStart  FFFFF  distance:68.74567733438371   cooldown:11   movingtime:2
2024-11-09-13-01-18-741(14):使用了canStart  TTTTTDC  distance:68.74567733438371   cooldown:0   movingtime:2
2024-11-09-13-01-18-741(14):使用了start  
2024-11-09-13-01-18-742(14):使用了tick  TTTTT   cooldown:0   movingtime:2
2024-11-09-13-01-18-792(15):使用了tick  TTTTT   cooldown:0   movingtime:3
2024-11-09-13-01-18-841(16):使用了stop  
2024-11-09-13-01-18-842(16):使用了canStart  FFFFF  distance:68.61105604238446   cooldown:1   movingtime:4
2024-11-09-13-01-18-943(16):使用了canStart  TTTTTMovingtime  distance:68.7369196523612   cooldown:1   movingtime:1
2024-11-09-13-01-18-944(16):使用了start  
2024-11-09-13-01-18-945(16):使用了tick  TTTTT   cooldown:1   movingtime:1
2024-11-09-13-01-18-990(17):使用了tick  TTTTT   cooldown:1   movingtime:2
2024-11-09-13-01-19-041(18):使用了stop  
2024-11-09-13-01-19-042(18):使用了canStart  TTTTTMovingtime  distance:68.42229583027057   cooldown:1   movingtime:0
2024-11-09-13-01-19-042(18):使用了start  
2024-11-09-13-01-19-043(18):使用了tick  TTTTT   cooldown:1   movingtime:0
2024-11-09-13-01-19-092(19):使用了tick  TTTTT   cooldown:1   movingtime:1
2024-11-09-13-01-19-143(20):使用了stop  
2024-11-09-13-01-19-143(20):使用了canStart  FFFFF  distance:67.94858999562244   cooldown:2   movingtime:2
2024-11-09-13-01-19-243(20):使用了canStart  FFFFF  distance:67.86404077097461   cooldown:3   movingtime:2
2024-11-09-13-01-19-342(20):使用了canStart  FFFFF  distance:68.107957778077   cooldown:4   movingtime:2
2024-11-09-13-01-19-444(20):使用了canStart  FFFFF  distance:68.22784135194976   cooldown:5   movingtime:2
2024-11-09-13-01-19-542(20):使用了canStart  FFFFF  distance:68.26358063109433   cooldown:6   movingtime:2
2024-11-09-13-01-19-641(20):使用了canStart  FFFFF  distance:68.36184475550164   cooldown:7   movingtime:2
2024-11-09-13-01-19-742(20):使用了canStart  FFFFF  distance:68.66202991492447   cooldown:8   movingtime:2
2024-11-09-13-01-19-840(20):使用了canStart  FFFFF  distance:68.75134769615306   cooldown:9   movingtime:2
2024-11-09-13-01-19-942(20):使用了canStart  FFFFF  distance:68.77359142814257   cooldown:10   movingtime:2
2024-11-09-13-01-20-045(20):使用了canStart  FFFFF  distance:68.81106468545227   cooldown:11   movingtime:2
2024-11-09-13-01-20-144(20):使用了canStart  TTTTTDC  distance:68.85939048712355   cooldown:0   movingtime:2
2024-11-09-13-01-20-144(20):使用了start  
2024-11-09-13-01-20-146(20):使用了tick  TTTTT   cooldown:0   movingtime:2
2024-11-09-13-01-20-190(21):使用了tick  TTTTT   cooldown:0   movingtime:3
2024-11-09-13-01-20-241(22):使用了stop  
2024-11-09-13-01-20-241(22):使用了canStart  FFFFF  distance:69.04480936516485   cooldown:1   movingtime:4
2024-11-09-13-01-20-341(22):使用了canStart  TTTTTMovingtime  distance:69.02701574336736   cooldown:1   movingtime:1
2024-11-09-13-01-20-342(22):使用了start  
2024-11-09-13-01-20-343(22):使用了tick  TTTTT   cooldown:1   movingtime:1
2024-11-09-13-01-20-394(23):使用了tick  TTTTT   cooldown:1   movingtime:2
2024-11-09-13-01-20-442(24):使用了stop  
2024-11-09-13-01-20-443(24):使用了canStart  TTTTTMovingtime  distance:68.67147173133588   cooldown:1   movingtime:0
2024-11-09-13-01-20-444(24):使用了start  
2024-11-09-13-01-20-444(24):使用了tick  TTTTT   cooldown:1   movingtime:0
2024-11-09-13-01-20-491(25):使用了tick  TTTTT   cooldown:1   movingtime:1
2024-11-09-13-01-20-541(26):使用了stop  
2024-11-09-13-01-20-543(26):使用了canStart  FFFFF  distance:68.3715908480271   cooldown:2   movingtime:2
2024-11-09-13-01-20-640(26):使用了canStart  FFFFF  distance:68.18577691395957   cooldown:3   movingtime:2
2024-11-09-13-01-20-741(26):使用了canStart  FFFFF  distance:68.03493744262985   cooldown:4   movingtime:2
2024-11-09-13-01-20-846(26):使用了canStart  FFFFF  distance:67.97448237648472   cooldown:5   movingtime:2
2024-11-09-13-01-20-940(26):使用了canStart  FFFFF  distance:67.95646532294194   cooldown:6   movingtime:2
2024-11-09-13-01-21-042(26):使用了canStart  FFFFF  distance:67.95289035040375   cooldown:7   movingtime:2
2024-11-09-13-01-21-142(26):使用了canStart  FFFFF  distance:67.95289035040375   cooldown:8   movingtime:2
2024-11-09-13-01-21-240(26):使用了canStart  FFFFF  distance:67.95289035040375   cooldown:9   movingtime:2
2024-11-09-13-01-21-341(26):使用了canStart  FFFFF  distance:67.95289035040375   cooldown:10   movingtime:2
2024-11-09-13-01-21-443(26):使用了canStart  FFFFF  distance:67.95289035040375   cooldown:11   movingtime:2
2024-11-09-13-01-21-541(26):使用了canStart  TTTTTDC  distance:67.95289035040375   cooldown:0   movingtime:2
2024-11-09-13-01-21-542(26):使用了start  
2024-11-09-13-01-21-543(26):使用了tick  TTTTT   cooldown:0   movingtime:2
2024-11-09-13-01-21-591(27):使用了tick  TTTTT   cooldown:0   movingtime:3
2024-11-09-13-01-21-641(28):使用了stop  
2024-11-09-13-01-21-642(28):使用了canStart  FFFFF  distance:67.63688104458461   cooldown:1   movingtime:4
2024-11-09-13-01-21-742(28):使用了canStart  TTTTTMovingtime  distance:67.15903043296143   cooldown:1   movingtime:1
2024-11-09-13-01-21-743(28):使用了start  
2024-11-09-13-01-21-744(28):使用了tick  TTTTT   cooldown:1   movingtime:1
2024-11-09-13-01-21-791(29):使用了tick  TTTTT   cooldown:1   movingtime:2
2024-11-09-13-01-21-842(30):使用了stop  
2024-11-09-13-01-21-843(30):使用了canStart  TTTTTMovingtime  distance:66.6301666198602   cooldown:1   movingtime:0
2024-11-09-13-01-21-844(30):使用了start  
2024-11-09-13-01-21-844(30):使用了tick  TTTTT   cooldown:1   movingtime:0
2024-11-09-13-01-21-890(31):使用了tick  TTTTT   cooldown:1   movingtime:1
2024-11-09-13-01-21-942(32):使用了stop  
2024-11-09-13-01-21-944(32):使用了canStart  FFFFF  distance:66.07987346693088   cooldown:2   movingtime:2
2024-11-09-13-01-22-043(32):使用了canStart  FFFFF  distance:65.5234611262081   cooldown:3   movingtime:2
2024-11-09-13-01-22-143(32):使用了canStart  FFFFF  distance:64.96555878490653   cooldown:4   movingtime:2
2024-11-09-13-01-22-242(32):使用了canStart  FFFFF  distance:64.40688439602732   cooldown:5   movingtime:2
2024-11-09-13-01-22-341(32):使用了canStart  FFFFF  distance:63.84805175169375   cooldown:6   movingtime:2
2024-11-09-13-01-22-442(32):使用了canStart  FFFFF  distance:63.289077454921596   cooldown:7   movingtime:2
2024-11-09-13-01-22-542(32):使用了canStart  FFFFF  distance:62.73011489361159   cooldown:8   movingtime:2
2024-11-09-13-01-22-644(32):使用了canStart  FFFFF  distance:62.17109556683225   cooldown:9   movingtime:2
2024-11-09-13-01-22-742(32):使用了canStart  FFFFF  distance:61.612076570355406   cooldown:10   movingtime:2
2024-11-09-13-01-22-842(32):使用了canStart  FFFFF  distance:61.053054295615794   cooldown:11   movingtime:2
2024-11-09-13-01-22-941(32):使用了canStart  TTTTTDC  distance:60.49403866879263   cooldown:0   movingtime:2
2024-11-09-13-01-22-941(32):使用了start  
2024-11-09-13-01-22-942(32):使用了tick  TTTTT   cooldown:0   movingtime:2
2024-11-09-13-01-22-992(33):使用了tick  TTTTT   cooldown:0   movingtime:3
2024-11-09-13-01-23-041(34):使用了stop  
2024-11-09-13-01-23-042(34):使用了canStart  FFFFF  distance:59.9350247991885   cooldown:1   movingtime:4
2024-11-09-13-01-23-144(34):使用了canStart  TTTTTMovingtime  distance:59.37601476137353   cooldown:1   movingtime:1
2024-11-09-13-01-23-144(34):使用了start  
2024-11-09-13-01-23-144(34):使用了tick  TTTTT   cooldown:1   movingtime:1
2024-11-09-13-01-23-192(35):使用了tick  TTTTT   cooldown:1   movingtime:2
2024-11-09-13-01-23-243(36):使用了stop  
2024-11-09-13-01-23-244(36):使用了canStart  TTTTTMovingtime  distance:58.81701562066176   cooldown:1   movingtime:0
2024-11-09-13-01-23-244(36):使用了start  
2024-11-09-13-01-23-244(36):使用了tick  TTTTT   cooldown:1   movingtime:0
2024-11-09-13-01-23-293(37):使用了tick  TTTTT   cooldown:1   movingtime:1
2024-11-09-13-01-23-342(38):使用了stop  
2024-11-09-13-01-23-344(38):使用了canStart  FFFFF  distance:58.25802249868679   cooldown:2   movingtime:2
2024-11-09-13-01-23-441(38):使用了canStart  FFFFF  distance:57.69903876415532   cooldown:3   movingtime:2
2024-11-09-13-01-23-542(38):使用了canStart  FFFFF  distance:57.14006470581836   cooldown:4   movingtime:2
2024-11-09-13-01-23-641(38):使用了canStart  FFFFF  distance:56.581100630678236   cooldown:5   movingtime:2
2024-11-09-13-01-23-742(38):使用了canStart  FFFFF  distance:56.02214684357569   cooldown:6   movingtime:2
2024-11-09-13-01-23-840(38):使用了canStart  FFFFF  distance:55.46320420620738   cooldown:7   movingtime:2
2024-11-09-13-01-23-940(38):使用了canStart  FFFFF  distance:54.90427195072078   cooldown:8   movingtime:2
2024-11-09-13-01-24-042(38):使用了canStart  FFFFF  distance:54.34535151791055   cooldown:9   movingtime:2
2024-11-09-13-01-24-143(38):使用了canStart  FFFFF  distance:53.78644327638957   cooldown:10   movingtime:2
2024-11-09-13-01-24-243(38):使用了canStart  FFFFF  distance:53.227547610210756   cooldown:11   movingtime:2
2024-11-09-13-01-24-342(38):使用了canStart  TTTTTDC  distance:52.795530112937094   cooldown:0   movingtime:2
2024-11-09-13-01-24-344(38):使用了start  
2024-11-09-13-01-24-347(38):使用了tick  TTTTT   cooldown:0   movingtime:2
2024-11-09-13-01-24-396(39):使用了tick  TTTTT   cooldown:0   movingtime:3
2024-11-09-13-01-24-443(40):使用了stop  
2024-11-09-13-01-24-444(40):使用了canStart  FFFFF  distance:52.34374464680059   cooldown:1   movingtime:4
2024-11-09-13-01-24-542(40):使用了canStart  TTTTTMovingtime  distance:51.816806969309276   cooldown:1   movingtime:1
2024-11-09-13-01-24-543(40):使用了start  
2024-11-09-13-01-24-543(40):使用了tick  TTTTT   cooldown:1   movingtime:1
2024-11-09-13-01-24-594(41):使用了tick  TTTTT   cooldown:1   movingtime:2
2024-11-09-13-01-24-642(42):使用了stop  
2024-11-09-13-01-24-643(42):使用了canStart  TTTTTMovingtime  distance:51.26747564494649   cooldown:1   movingtime:0
2024-11-09-13-01-24-644(42):使用了start  
2024-11-09-13-01-24-644(42):使用了tick  TTTTT   cooldown:1   movingtime:0
2024-11-09-13-01-24-692(43):使用了tick  TTTTT   cooldown:1   movingtime:1
2024-11-09-13-01-24-741(44):使用了stop  
2024-11-09-13-01-24-742(44):使用了canStart  FFFFF  distance:50.71147889627328   cooldown:2   movingtime:2
2024-11-09-13-01-24-842(44):使用了canStart  FFFFF  distance:50.15350580171018   cooldown:3   movingtime:2
2024-11-09-13-01-24-942(44):使用了canStart  FFFFF  distance:49.59495457977437   cooldown:4   movingtime:2
2024-11-09-13-01-25-040(44):使用了canStart  FFFFF  distance:49.03624243046595   cooldown:5   movingtime:2
2024-11-09-13-01-25-141(44):使用了canStart  FFFFF  distance:48.47749412118778   cooldown:6   movingtime:2
2024-11-09-13-01-25-242(44):使用了canStart  FFFFF  distance:47.91874726129976   cooldown:7   movingtime:2
2024-11-09-13-01-25-344(44):使用了canStart  FFFFF  distance:47.36001349731132   cooldown:8   movingtime:2
2024-11-09-13-01-25-442(44):使用了canStart  FFFFF  distance:46.80129675685145   cooldown:9   movingtime:2
2024-11-09-13-01-25-541(44):使用了canStart  FFFFF  distance:46.24259868860545   cooldown:10   movingtime:2
2024-11-09-13-01-25-641(44):使用了canStart  FFFFF  distance:45.68392028535863   cooldown:11   movingtime:2
2024-11-09-13-01-25-740(44):使用了canStart  TTTTTDC  distance:45.125262369295356   cooldown:0   movingtime:2
2024-11-09-13-01-25-741(44):使用了start  
2024-11-09-13-01-25-742(44):使用了tick  TTTTT   cooldown:0   movingtime:2
2024-11-09-13-01-25-793(45):使用了tick  TTTTT   cooldown:0   movingtime:3
2024-11-09-13-01-25-843(46):使用了stop  
2024-11-09-13-01-25-844(46):使用了canStart  FFFFF  distance:44.5666257382376   cooldown:1   movingtime:4
2024-11-09-13-01-25-943(46):使用了canStart  TTTTTMovingtime  distance:44.0080112109269   cooldown:1   movingtime:1
2024-11-09-13-01-25-944(46):使用了start  
2024-11-09-13-01-25-944(46):使用了tick  TTTTT   cooldown:1   movingtime:1
2024-11-09-13-01-25-990(47):使用了tick  TTTTT   cooldown:1   movingtime:2
2024-11-09-13-01-26-047(48):使用了stop  
2024-11-09-13-01-26-049(48):使用了canStart  TTTTTMovingtime  distance:43.449419642340914   cooldown:1   movingtime:0
2024-11-09-13-01-26-049(48):使用了start  
2024-11-09-13-01-26-050(48):使用了tick  TTTTT   cooldown:1   movingtime:0
2024-11-09-13-01-26-093(49):使用了tick  TTTTT   cooldown:1   movingtime:1
2024-11-09-13-01-26-144(50):使用了stop  
2024-11-09-13-01-26-144(50):使用了canStart  FFFFF  distance:42.8908519302194   cooldown:2   movingtime:2
2024-11-09-13-01-26-242(50):使用了canStart  FFFFF  distance:42.332309019125304   cooldown:3   movingtime:2
2024-11-09-13-01-26-342(50):使用了canStart  FFFFF  distance:41.773791903941174   cooldown:4   movingtime:2
2024-11-09-13-01-26-442(50):使用了canStart  FFFFF  distance:41.21530163338354   cooldown:5   movingtime:2
2024-11-09-13-01-26-542(50):使用了canStart  FFFFF  distance:40.65683931372685   cooldown:6   movingtime:2
2024-11-09-13-01-26-642(50):使用了canStart  FFFFF  distance:40.09840611281413   cooldown:7   movingtime:2
2024-11-09-13-01-26-740(50):使用了canStart  FFFFF  distance:39.540003264399495   cooldown:8   movingtime:2
2024-11-09-13-01-26-844(50):使用了canStart  FFFFF  distance:38.98163207286062   cooldown:9   movingtime:2
2024-11-09-13-01-26-942(50):使用了canStart  FFFFF  distance:38.42329391832035   cooldown:10   movingtime:2
2024-11-09-13-01-27-043(50):使用了canStart  FFFFF  distance:37.86499026221974   cooldown:11   movingtime:2
2024-11-09-13-01-27-142(50):使用了canStart  TTTTTDC  distance:37.629364425566266   cooldown:0   movingtime:2
2024-11-09-13-01-27-143(50):使用了start  
2024-11-09-13-01-27-144(50):使用了tick  TTTTT   cooldown:0   movingtime:2
2024-11-09-13-01-27-191(51):使用了tick  TTTTT   cooldown:0   movingtime:3
2024-11-09-13-01-27-243(52):使用了stop  
2024-11-09-13-01-27-245(52):使用了canStart  FFFFF  distance:37.236482777930746   cooldown:1   movingtime:4
2024-11-09-13-01-27-344(52):使用了canStart  TTTTTMovingtime  distance:36.72755448355836   cooldown:1   movingtime:1
2024-11-09-13-01-27-345(52):使用了start  
2024-11-09-13-01-27-346(52):使用了tick  TTTTT   cooldown:1   movingtime:1
2024-11-09-13-01-27-393(53):使用了tick  TTTTT   cooldown:1   movingtime:2
2024-11-09-13-01-27-442(54):使用了stop  
2024-11-09-13-01-27-443(54):使用了canStart  TTTTTMovingtime  distance:36.184060666471574   cooldown:1   movingtime:0
2024-11-09-13-01-27-444(54):使用了start  
2024-11-09-13-01-27-444(54):使用了tick  TTTTT   cooldown:1   movingtime:0
2024-11-09-13-01-27-492(55):使用了tick  TTTTT   cooldown:1   movingtime:1
2024-11-09-13-01-27-544(56):使用了stop  
2024-11-09-13-01-27-546(56):使用了canStart  FFFFF  distance:35.6302924770533   cooldown:2   movingtime:2
2024-11-09-13-01-27-642(56):使用了canStart  FFFFF  distance:35.073492490960454   cooldown:3   movingtime:2
2024-11-09-13-01-27-740(56):使用了canStart  FFFFF  distance:34.51582120459809   cooldown:4   movingtime:2
2024-11-09-13-01-27-842(56):使用了canStart  FFFFF  distance:33.95792426185824   cooldown:5   movingtime:2
2024-11-09-13-01-27-941(56):使用了canStart  FFFFF  distance:33.39999584407309   cooldown:6   movingtime:2
2024-11-09-13-01-28-042(56):使用了canStart  FFFFF  distance:32.842095671521406   cooldown:7   movingtime:2
2024-11-09-13-01-28-142(56):使用了canStart  FFFFF  distance:32.28424351012048   cooldown:8   movingtime:2
2024-11-09-13-01-28-241(56):使用了canStart  FFFFF  distance:31.726447354537544   cooldown:9   movingtime:2
2024-11-09-13-01-28-340(56):使用了canStart  FFFFF  distance:31.168711841835485   cooldown:10   movingtime:2
2024-11-09-13-01-28-440(56):使用了canStart  FFFFF  distance:30.61104077334151   cooldown:11   movingtime:2
2024-11-09-13-01-28-542(56):使用了canStart  FFFFF  distance:30.053437881766634   cooldown:12   movingtime:2
2024-11-09-13-01-28-642(56):使用了canStart  FFFFF  distance:29.495907076997366   cooldown:13   movingtime:2
2024-11-09-13-01-28-742(56):使用了canStart  FFFFF  distance:28.938452538467377   cooldown:14   movingtime:2
2024-11-09-13-01-28-841(56):使用了canStart  FFFFF  distance:28.381078764051317   cooldown:15   movingtime:2
2024-11-09-13-01-28-941(56):使用了canStart  FFFFF  distance:27.823790608569283   cooldown:16   movingtime:2
2024-11-09-13-01-29-041(56):使用了canStart  FFFFF  distance:27.266593322132803   cooldown:17   movingtime:2
2024-11-09-13-01-29-141(56):使用了canStart  FFFFF  distance:26.70949259181056   cooldown:18   movingtime:2
2024-11-09-13-01-29-243(56):使用了canStart  FFFFF  distance:26.152494588152226   cooldown:19   movingtime:2
2024-11-09-13-01-29-341(56):使用了canStart  FFFFF  distance:25.595606017617396   cooldown:20   movingtime:2
2024-11-09-13-01-29-443(56):使用了canStart  FFFFF  distance:25.038834181914318   cooldown:21   movingtime:2
2024-11-09-13-01-29-544(56):使用了canStart  FFFFF  distance:24.48218704536625   cooldown:22   movingtime:2
2024-11-09-13-01-29-640(56):使用了canStart  FFFFF  distance:23.925673311608133   cooldown:23   movingtime:2
2024-11-09-13-01-29-742(56):使用了canStart  FFFFF  distance:23.369302511155524   cooldown:24   movingtime:2
2024-11-09-13-01-29-841(56):使用了canStart  FFFFF  distance:22.81308510168249   cooldown:25   movingtime:2
2024-11-09-13-01-29-944(56):使用了canStart  FFFFF  distance:22.57837783603793   cooldown:26   movingtime:2
2024-11-09-13-01-30-041(56):使用了canStart  FFFFF  distance:22.508413645370194   cooldown:27   movingtime:2
2024-11-09-13-01-30-147(56):使用了canStart  FFFFF  distance:22.48755672029984   cooldown:28   movingtime:2
2024-11-09-13-01-30-242(56):使用了canStart  FFFFF  distance:22.483534895426242   cooldown:29   movingtime:2
2024-11-09-13-01-30-343(56):使用了canStart  FFFFF  distance:22.483534895426242   cooldown:30   movingtime:2
2024-11-09-13-01-30-443(56):使用了canStart  FFFFF  distance:22.483534895426242   cooldown:31   movingtime:2
2024-11-09-13-01-30-542(56):使用了canStart  FFFFF  distance:22.483534895426242   cooldown:32   movingtime:2
2024-11-09-13-01-30-642(56):使用了canStart  FFFFF  distance:22.483534895426242   cooldown:33   movingtime:2
2024-11-09-13-01-30-742(56):使用了canStart  FFFFF  distance:22.483534895426242   cooldown:34   movingtime:2
2024-11-09-13-01-30-842(56):使用了canStart  FFFFF  distance:22.483534895426242   cooldown:35   movingtime:2
2024-11-09-13-01-30-942(56):使用了canStart  FFFFF  distance:22.483534895426242   cooldown:36   movingtime:2
2024-11-09-13-01-31-041(56):使用了canStart  FFFFF  distance:22.483534895426242   cooldown:37   movingtime:2
2024-11-09-13-01-31-143(56):使用了canStart  FFFFF  distance:22.483534895426242   cooldown:38   movingtime:2
2024-11-09-13-01-31-242(56):使用了canStart  FFFFF  distance:22.483534895426242   cooldown:39   movingtime:2
2024-11-09-13-01-31-342(56):使用了canStart  FFFFF  distance:22.483534895426242   cooldown:40   movingtime:2
2024-11-09-13-01-31-442(56):使用了canStart  FFFFF  distance:22.483534895426242   cooldown:41   movingtime:2
2024-11-09-13-01-31-541(56):使用了canStart  FFFFF  distance:22.483534895426242   cooldown:42   movingtime:2
2024-11-09-13-01-31-644(56):使用了canStart  FFFFF  distance:22.483534895426242   cooldown:43   movingtime:2
2024-11-09-13-01-31-741(56):使用了canStart  FFFFF  distance:22.483534895426242   cooldown:44   movingtime:2
2024-11-09-13-01-31-841(56):使用了canStart  FFFFF  distance:22.483534895426242   cooldown:45   movingtime:2
2024-11-09-13-01-31-943(56):使用了canStart  FFFFF  distance:22.483534895426242   cooldown:46   movingtime:2
2024-11-09-13-01-32-041(56):使用了canStart  FFFFF  distance:22.483534895426242   cooldown:47   movingtime:2
2024-11-09-13-01-32-141(56):使用了canStart  FFFFF  distance:22.483534895426242   cooldown:48   movingtime:2
2024-11-09-13-01-32-241(56):使用了canStart  FFFFF  distance:22.483534895426242   cooldown:49   movingtime:2
2024-11-09-13-01-32-342(56):使用了canStart  FFFFF  distance:22.483534895426242   cooldown:50   movingtime:2
2024-11-09-13-01-32-444(56):使用了canStart  FFFFF  distance:22.483534895426242   cooldown:51   movingtime:2
2024-11-09-13-01-32-541(56):使用了canStart  FFFFF  distance:22.483534895426242   cooldown:52   movingtime:2
2024-11-09-13-01-32-643(56):使用了canStart  FFFFF  distance:22.483534895426242   cooldown:53   movingtime:2
2024-11-09-13-01-32-740(56):使用了canStart  FFFFF  distance:22.483534895426242   cooldown:54   movingtime:2
2024-11-09-13-01-32-843(56):使用了canStart  FFFFF  distance:22.483534895426242   cooldown:55   movingtime:2
2024-11-09-13-01-32-942(56):使用了canStart  FFFFF  distance:22.483534895426242   cooldown:56   movingtime:2
2024-11-09-13-01-33-040(56):使用了canStart  FFFFF  distance:22.483534895426242   cooldown:57   movingtime:2
2024-11-09-13-01-33-141(56):使用了canStart  FFFFF  distance:22.483534895426242   cooldown:58   movingtime:2
2024-11-09-13-01-33-242(56):使用了canStart  FFFFF  distance:22.483534895426242   cooldown:59   movingtime:2
2024-11-09-13-01-33-341(56):使用了canStart  FFFFF  distance:22.483534895426242   cooldown:60   movingtime:2
2024-11-09-13-01-33-443(56):使用了canStart  FFFFF  distance:22.483534895426242   cooldown:61   movingtime:2
2024-11-09-13-01-33-542(56):使用了canStart  FFFFF  distance:22.483534895426242   cooldown:62   movingtime:2
2024-11-09-13-01-33-640(56):使用了canStart  FFFFF  distance:22.483534895426242   cooldown:63   movingtime:2
2024-11-09-13-01-33-741(56):使用了canStart  FFFFF  distance:22.483534895426242   cooldown:64   movingtime:2
2024-11-09-13-01-33-844(56):使用了canStart  FFFFF  distance:22.483534895426242   cooldown:65   movingtime:2
2024-11-09-13-01-33-942(56):使用了canStart  FFFFF  distance:22.483534895426242   cooldown:66   movingtime:2
2024-11-09-13-01-34-043(56):使用了canStart  FFFFF  distance:22.483534895426242   cooldown:67   movingtime:2
2024-11-09-13-01-34-140(56):使用了canStart  FFFFF  distance:22.483534895426242   cooldown:68   movingtime:2
2024-11-09-13-01-34-241(56):使用了canStart  FFFFF  distance:22.483534895426242   cooldown:69   movingtime:2
2024-11-09-13-01-34-342(56):使用了canStart  FFFFF  distance:22.483534895426242   cooldown:70   movingtime:2
2024-11-09-13-01-34-441(56):使用了canStart  FFFFF  distance:22.483534895426242   cooldown:71   movingtime:2
2024-11-09-13-01-34-541(56):使用了canStart  FFFFF  distance:22.483534895426242   cooldown:72   movingtime:2
2024-11-09-13-01-34-642(56):使用了canStart  FFFFF  distance:22.483534895426242   cooldown:73   movingtime:2
2024-11-09-13-01-34-742(56):使用了canStart  FFFFF  distance:22.483534895426242   cooldown:74   movingtime:2
2024-11-09-13-01-34-841(56):使用了canStart  FFFFF  distance:22.483534895426242   cooldown:75   movingtime:2
2024-11-09-13-01-34-943(56):使用了canStart  FFFFF  distance:22.483534895426242   cooldown:76   movingtime:2
2024-11-09-13-01-35-041(56):使用了canStart  FFFFF  distance:22.483534895426242   cooldown:77   movingtime:2
2024-11-09-13-01-35-141(56):使用了canStart  FFFFF  distance:22.483534895426242   cooldown:78   movingtime:2
2024-11-09-13-01-35-242(56):使用了canStart  FFFFF  distance:22.483534895426242   cooldown:79   movingtime:2
2024-11-09-13-01-35-342(56):使用了canStart  FFFFF  distance:22.483534895426242   cooldown:80   movingtime:2
2024-11-09-13-01-35-443(56):使用了canStart  FFFFF  distance:22.483534895426242   cooldown:81   movingtime:2
2024-11-09-13-01-35-540(56):使用了canStart  FFFFF  distance:22.483534895426242   cooldown:82   movingtime:2
2024-11-09-13-01-35-640(56):使用了canStart  FFFFF  distance:22.483534895426242   cooldown:83   movingtime:2
2024-11-09-13-01-35-741(56):使用了canStart  FFFFF  distance:22.483534895426242   cooldown:84   movingtime:2
2024-11-09-13-01-35-842(56):使用了canStart  FFFFF  distance:22.483534895426242   cooldown:85   movingtime:2
2024-11-09-13-01-35-941(56):使用了canStart  FFFFF  distance:22.483534895426242   cooldown:86   movingtime:2
2024-11-09-13-01-36-040(56):使用了canStart  FFFFF  distance:22.483534895426242   cooldown:87   movingtime:2
2024-11-09-13-01-36-143(56):使用了canStart  FFFFF  distance:22.483534895426242   cooldown:88   movingtime:2
2024-11-09-13-01-36-244(56):使用了canStart  FFFFF  distance:22.483534895426242   cooldown:89   movingtime:2
2024-11-09-13-01-36-341(56):使用了canStart  FFFFF  distance:22.483534895426242   cooldown:90   movingtime:2
2024-11-09-13-01-36-440(56):使用了canStart  FFFFF  distance:22.483534895426242   cooldown:91   movingtime:2
2024-11-09-13-01-36-542(56):使用了canStart  FFFFF  distance:22.483534895426242   cooldown:92   movingtime:2
2024-11-09-13-01-36-641(56):使用了canStart  FFFFF  distance:22.483534895426242   cooldown:93   movingtime:2
2024-11-09-13-01-36-742(56):使用了canStart  FFFFF  distance:22.483534895426242   cooldown:94   movingtime:2
2024-11-09-13-01-36-841(56):使用了canStart  FFFFF  distance:22.483534895426242   cooldown:95   movingtime:2
2024-11-09-13-01-36-942(56):使用了canStart  FFFFF  distance:22.483534895426242   cooldown:96   movingtime:2
2024-11-09-13-01-37-042(56):使用了canStart  FFFFF  distance:22.483534895426242   cooldown:97   movingtime:2
2024-11-09-13-01-37-143(56):使用了canStart  FFFFF  distance:22.483534895426242   cooldown:98   movingtime:2
2024-11-09-13-01-37-241(56):使用了canStart  FFFFF  distance:22.483534895426242   cooldown:99   movingtime:2
2024-11-09-13-01-37-343(56):使用了canStart  FFFFF  distance:22.483534895426242   cooldown:100   movingtime:2
2024-11-09-13-01-37-442(56):使用了canStart  FFFFF  distance:22.483534895426242   cooldown:101   movingtime:2
2024-11-09-13-01-37-540(56):使用了canStart  FFFFF  distance:22.483534895426242   cooldown:102   movingtime:2
2024-11-09-13-01-37-642(56):使用了canStart  FFFFF  distance:22.483534895426242   cooldown:103   movingtime:2
2024-11-09-13-01-37-741(56):使用了canStart  FFFFF  distance:22.483534895426242   cooldown:104   movingtime:2
2024-11-09-13-01-37-843(56):使用了canStart  FFFFF  distance:22.483534895426242   cooldown:105   movingtime:2
2024-11-09-13-01-37-941(56):使用了canStart  FFFFF  distance:22.483534895426242   cooldown:106   movingtime:2
2024-11-09-13-01-38-042(56):使用了canStart  FFFFF  distance:22.483534895426242   cooldown:107   movingtime:2
2024-11-09-13-01-38-142(56):使用了canStart  FFFFF  distance:22.483534895426242   cooldown:108   movingtime:2
2024-11-09-13-01-38-241(56):使用了canStart  FFFFF  distance:22.483534895426242   cooldown:109   movingtime:2
2024-11-09-13-01-38-341(56):使用了canStart  FFFFF  distance:22.483534895426242   cooldown:110   movingtime:2
2024-11-09-13-01-38-443(56):使用了canStart  FFFFF  distance:22.483534895426242   cooldown:111   movingtime:2
2024-11-09-13-01-38-541(56):使用了canStart  FFFFF  distance:22.483534895426242   cooldown:112   movingtime:2
2024-11-09-13-01-38-641(56):使用了canStart  FFFFF  distance:22.483534895426242   cooldown:113   movingtime:2
2024-11-09-13-01-38-741(56):使用了canStart  FFFFF  distance:22.483534895426242   cooldown:114   movingtime:2
2024-11-09-13-01-38-839(56):使用了canStart  FFFFF  distance:22.483534895426242   cooldown:115   movingtime:2
2024-11-09-13-01-38-941(56):使用了canStart  FFFFF  distance:22.483534895426242   cooldown:116   movingtime:2
2024-11-09-13-01-39-042(56):使用了canStart  FFFFF  distance:22.483534895426242   cooldown:117   movingtime:2
2024-11-09-13-01-39-142(56):使用了canStart  FFFFF  distance:22.483534895426242   cooldown:118   movingtime:2
2024-11-09-13-01-39-241(56):使用了canStart  FFFFF  distance:22.483534895426242   cooldown:119   movingtime:2
2024-11-09-13-01-39-340(56):使用了canStart  FFFFF  distance:22.483534895426242   cooldown:120   movingtime:2
2024-11-09-13-01-39-442(56):使用了canStart  FFFFF  distance:22.483534895426242   cooldown:121   movingtime:2
2024-11-09-13-01-39-541(56):使用了canStart  FFFFF  distance:22.483534895426242   cooldown:122   movingtime:2
2024-11-09-13-01-39-641(56):使用了canStart  FFFFF  distance:22.483534895426242   cooldown:123   movingtime:2
2024-11-09-13-01-39-741(56):使用了canStart  FFFFF  distance:22.483534895426242   cooldown:124   movingtime:2
2024-11-09-13-01-39-841(56):使用了canStart  FFFFF  distance:22.483534895426242   cooldown:125   movingtime:2
2024-11-09-13-01-39-941(56):使用了canStart  FFFFF  distance:22.483534895426242   cooldown:126   movingtime:2
2024-11-09-13-01-40-041(56):使用了canStart  FFFFF  distance:22.483534895426242   cooldown:127   movingtime:2
2024-11-09-13-01-40-141(56):使用了canStart  FFFFF  distance:22.483534895426242   cooldown:128   movingtime:2
2024-11-09-13-01-40-242(56):使用了canStart  FFFFF  distance:22.483534895426242   cooldown:129   movingtime:2
2024-11-09-13-01-40-339(56):使用了canStart  FFFFF  distance:22.483534895426242   cooldown:130   movingtime:2
2024-11-09-13-01-40-440(56):使用了canStart  FFFFF  distance:22.483534895426242   cooldown:131   movingtime:2
2024-11-09-13-01-40-541(56):使用了canStart  FFFFF  distance:22.483534895426242   cooldown:132   movingtime:2
2024-11-09-13-01-40-641(56):使用了canStart  FFFFF  distance:22.483534895426242   cooldown:133   movingtime:2
2024-11-09-13-01-40-740(56):使用了canStart  FFFFF  distance:22.483534895426242   cooldown:134   movingtime:2
2024-11-09-13-01-40-842(56):使用了canStart  FFFFF  distance:22.483534895426242   cooldown:135   movingtime:2
2024-11-09-13-01-40-941(56):使用了canStart  FFFFF  distance:22.483534895426242   cooldown:136   movingtime:2
2024-11-09-13-01-41-042(56):使用了canStart  FFFFF  distance:22.483534895426242   cooldown:137   movingtime:2
2024-11-09-13-01-41-142(56):使用了canStart  FFFFF  distance:22.483534895426242   cooldown:138   movingtime:2
2024-11-09-13-01-41-241(56):使用了canStart  FFFFF  distance:22.483534895426242   cooldown:139   movingtime:2
2024-11-09-13-01-41-340(56):使用了canStart  FFFFF  distance:22.483534895426242   cooldown:140   movingtime:2
2024-11-09-13-01-41-441(56):使用了canStart  FFFFF  distance:22.483534895426242   cooldown:141   movingtime:2
2024-11-09-13-01-41-542(56):使用了canStart  FFFFF  distance:22.483534895426242   cooldown:142   movingtime:2
2024-11-09-13-01-41-643(56):使用了canStart  FFFFF  distance:22.483534895426242   cooldown:143   movingtime:2
2024-11-09-13-01-41-742(56):使用了canStart  FFFFF  distance:22.483534895426242   cooldown:144   movingtime:2
2024-11-09-13-01-41-840(56):使用了canStart  FFFFF  distance:22.483534895426242   cooldown:145   movingtime:2
2024-11-09-13-01-41-944(56):使用了canStart  FFFFF  distance:22.483534895426242   cooldown:146   movingtime:2
2024-11-09-13-01-42-041(56):使用了canStart  FFFFF  distance:22.483534895426242   cooldown:147   movingtime:2
2024-11-09-13-01-42-147(56):使用了canStart  FFFFF  distance:22.483534895426242   cooldown:148   movingtime:2
2024-11-09-13-01-42-241(56):使用了canStart  FFFFF  distance:22.483534895426242   cooldown:149   movingtime:2
2024-11-09-13-01-42-340(56):使用了canStart  FFFFF  distance:22.483534895426242   cooldown:150   movingtime:2
2024-11-09-13-01-42-448(56):使用了canStart  FFFFF  distance:22.483534895426242   cooldown:151   movingtime:2
2024-11-09-13-01-42-541(56):使用了canStart  FFFFF  distance:22.483534895426242   cooldown:152   movingtime:2
2024-11-09-13-01-42-651(56):使用了canStart  FFFFF  distance:22.483534895426242   cooldown:153   movingtime:2
2024-11-09-13-01-42-790(56):使用了canStart  FFFFF  distance:22.483534895426242   cooldown:154   movingtime:2
2024-11-09-13-01-42-856(56):使用了canStart  FFFFF  distance:22.483534895426242   cooldown:155   movingtime:2
