2024-11-09-12-49-25-190(1675):使用了tick  TTTTT   cooldown:0   movingtime:79
2024-11-09-12-49-25-200(1676):使用了stop  
2024-11-09-12-49-25-203(1676):使用了canStart  TTTTTMovingtime  distance:0.6315150459697828   cooldown:0   movingtime:77
2024-11-09-12-49-25-204(1676):使用了start  
2024-11-09-12-49-25-205(1676):使用了tick  TTTTT   cooldown:0   movingtime:77
2024-11-09-12-49-25-209(1677):使用了tick  TTTTT   cooldown:0   movingtime:78
2024-11-09-12-49-25-212(1678):使用了stop  
2024-11-09-12-49-25-212(1678):使用了canStart  TTTTTMovingtime  distance:0.6315150459697828   cooldown:0   movingtime:76
2024-11-09-12-49-25-213(1678):使用了start  
2024-11-09-12-49-25-213(1678):使用了tick  TTTTT   cooldown:0   movingtime:76
2024-11-09-12-49-25-214(1679):使用了tick  TTTTT   cooldown:0   movingtime:77
2024-11-09-12-49-25-220(1680):使用了stop  
2024-11-09-12-49-25-220(1680):使用了canStart  TTTTTMovingtime  distance:0.6315150459697828   cooldown:0   movingtime:75
2024-11-09-12-49-25-221(1680):使用了start  
2024-11-09-12-49-25-221(1680):使用了tick  TTTTT   cooldown:0   movingtime:75
2024-11-09-12-49-25-226(1681):使用了tick  TTTTT   cooldown:0   movingtime:76
2024-11-09-12-49-25-230(1682):使用了stop  
2024-11-09-12-49-25-230(1682):使用了canStart  TTTTTMovingtime  distance:0.6315150459697828   cooldown:0   movingtime:74
2024-11-09-12-49-25-230(1682):使用了start  
2024-11-09-12-49-25-231(1682):使用了tick  TTTTT   cooldown:0   movingtime:74
2024-11-09-12-49-25-234(1683):使用了tick  TTTTT   cooldown:0   movingtime:75
2024-11-09-12-49-25-238(1684):使用了stop  
2024-11-09-12-49-25-238(1684):使用了canStart  TTTTTMovingtime  distance:0.6315150459697828   cooldown:0   movingtime:73
2024-11-09-12-49-25-238(1684):使用了start  
2024-11-09-12-49-25-238(1684):使用了tick  TTTTT   cooldown:0   movingtime:73
2024-11-09-12-49-25-240(1685):使用了tick  TTTTT   cooldown:0   movingtime:74
2024-11-09-12-49-25-242(1686):使用了stop  
2024-11-09-12-49-25-242(1686):使用了canStart  TTTTTMovingtime  distance:0.6315150459697828   cooldown:0   movingtime:72
2024-11-09-12-49-25-242(1686):使用了start  
2024-11-09-12-49-25-242(1686):使用了tick  TTTTT   cooldown:0   movingtime:72
2024-11-09-12-49-25-243(1687):使用了tick  TTTTT   cooldown:0   movingtime:73
2024-11-09-12-49-25-245(1688):使用了stop  
2024-11-09-12-49-25-245(1688):使用了canStart  TTTTTMovingtime  distance:0.6315150459697828   cooldown:0   movingtime:71
2024-11-09-12-49-25-246(1688):使用了start  
2024-11-09-12-49-25-246(1688):使用了tick  TTTTT   cooldown:0   movingtime:71
2024-11-09-12-49-25-247(1689):使用了tick  TTTTT   cooldown:0   movingtime:72
2024-11-09-12-49-25-249(1690):使用了stop  
2024-11-09-12-49-25-250(1690):使用了canStart  TTTTTMovingtime  distance:0.6315150459697828   cooldown:0   movingtime:70
2024-11-09-12-49-25-250(1690):使用了start  
2024-11-09-12-49-25-250(1690):使用了tick  TTTTT   cooldown:0   movingtime:70
2024-11-09-12-49-25-251(1691):使用了tick  TTTTT   cooldown:0   movingtime:71
2024-11-09-12-49-25-253(1692):使用了stop  
2024-11-09-12-49-25-253(1692):使用了canStart  TTTTTMovingtime  distance:0.6315150459697828   cooldown:0   movingtime:69
2024-11-09-12-49-25-253(1692):使用了start  
2024-11-09-12-49-25-253(1692):使用了tick  TTTTT   cooldown:0   movingtime:69
2024-11-09-12-49-25-256(1693):使用了tick  TTTTT   cooldown:0   movingtime:70
2024-11-09-12-49-25-258(1694):使用了stop  
2024-11-09-12-49-25-258(1694):使用了canStart  TTTTTMovingtime  distance:0.6315150459697828   cooldown:0   movingtime:68
2024-11-09-12-49-25-258(1694):使用了start  
2024-11-09-12-49-25-258(1694):使用了tick  TTTTT   cooldown:0   movingtime:68
2024-11-09-12-49-25-260(1695):使用了tick  TTTTT   cooldown:0   movingtime:69
2024-11-09-12-49-25-261(1696):使用了stop  
2024-11-09-12-49-25-262(1696):使用了canStart  TTTTTMovingtime  distance:0.6315150459697828   cooldown:0   movingtime:67
2024-11-09-12-49-25-262(1696):使用了start  
2024-11-09-12-49-25-262(1696):使用了tick  TTTTT   cooldown:0   movingtime:67
2024-11-09-12-49-25-263(1697):使用了tick  TTTTT   cooldown:0   movingtime:68
2024-11-09-12-49-25-265(1698):使用了stop  
2024-11-09-12-49-25-266(1698):使用了canStart  TTTTTMovingtime  distance:0.6315150459697828   cooldown:0   movingtime:66
2024-11-09-12-49-25-266(1698):使用了start  
2024-11-09-12-49-25-266(1698):使用了tick  TTTTT   cooldown:0   movingtime:66
2024-11-09-12-49-25-268(1699):使用了tick  TTTTT   cooldown:0   movingtime:67
2024-11-09-12-49-25-270(1700):使用了stop  
2024-11-09-12-49-25-271(1700):使用了canStart  TTTTTMovingtime  distance:0.6315150459697828   cooldown:0   movingtime:65
2024-11-09-12-49-25-271(1700):使用了start  
2024-11-09-12-49-25-271(1700):使用了tick  TTTTT   cooldown:0   movingtime:65
2024-11-09-12-49-25-273(1701):使用了tick  TTTTT   cooldown:0   movingtime:66
2024-11-09-12-49-25-275(1702):使用了stop  
2024-11-09-12-49-25-275(1702):使用了canStart  TTTTTMovingtime  distance:0.6315150459697828   cooldown:0   movingtime:64
2024-11-09-12-49-25-275(1702):使用了start  
2024-11-09-12-49-25-275(1702):使用了tick  TTTTT   cooldown:0   movingtime:64
2024-11-09-12-49-25-277(1703):使用了tick  TTTTT   cooldown:0   movingtime:65
2024-11-09-12-49-25-278(1704):使用了stop  
2024-11-09-12-49-25-279(1704):使用了canStart  TTTTTMovingtime  distance:0.6315150459697828   cooldown:0   movingtime:63
2024-11-09-12-49-25-279(1704):使用了start  
2024-11-09-12-49-25-279(1704):使用了tick  TTTTT   cooldown:0   movingtime:63
2024-11-09-12-49-25-281(1705):使用了tick  TTTTT   cooldown:0   movingtime:64
2024-11-09-12-49-25-283(1706):使用了stop  
2024-11-09-12-49-25-284(1706):使用了canStart  TTTTTMovingtime  distance:0.6315150459697828   cooldown:0   movingtime:62
2024-11-09-12-49-25-284(1706):使用了start  
2024-11-09-12-49-25-284(1706):使用了tick  TTTTT   cooldown:0   movingtime:62
2024-11-09-12-49-25-288(1707):使用了tick  TTTTT   cooldown:0   movingtime:63
2024-11-09-12-49-25-290(1708):使用了stop  
2024-11-09-12-49-25-290(1708):使用了canStart  TTTTTMovingtime  distance:0.6315150459697828   cooldown:0   movingtime:61
2024-11-09-12-49-25-291(1708):使用了start  
2024-11-09-12-49-25-291(1708):使用了tick  TTTTT   cooldown:0   movingtime:61
2024-11-09-12-49-25-292(1709):使用了tick  TTTTT   cooldown:0   movingtime:62
2024-11-09-12-49-25-294(1710):使用了stop  
2024-11-09-12-49-25-294(1710):使用了canStart  TTTTTMovingtime  distance:0.6315150459697828   cooldown:0   movingtime:60
2024-11-09-12-49-25-294(1710):使用了start  
2024-11-09-12-49-25-294(1710):使用了tick  TTTTT   cooldown:0   movingtime:60
2024-11-09-12-49-25-299(1711):使用了tick  TTTTT   cooldown:0   movingtime:61
2024-11-09-12-49-25-304(1712):使用了stop  
2024-11-09-12-49-25-304(1712):使用了canStart  TTTTTMovingtime  distance:0.6315150459697828   cooldown:0   movingtime:59
2024-11-09-12-49-25-304(1712):使用了start  
2024-11-09-12-49-25-306(1712):使用了tick  TTTTT   cooldown:0   movingtime:59
2024-11-09-12-49-25-309(1713):使用了tick  TTTTT   cooldown:0   movingtime:60
2024-11-09-12-49-25-313(1714):使用了stop  
2024-11-09-12-49-25-314(1714):使用了canStart  TTTTTMovingtime  distance:0.6315150459697828   cooldown:0   movingtime:58
2024-11-09-12-49-25-314(1714):使用了start  
2024-11-09-12-49-25-314(1714):使用了tick  TTTTT   cooldown:0   movingtime:58
2024-11-09-12-49-25-320(1715):使用了tick  TTTTT   cooldown:0   movingtime:59
2024-11-09-12-49-25-324(1716):使用了stop  
2024-11-09-12-49-25-324(1716):使用了canStart  TTTTTMovingtime  distance:0.6315150459697828   cooldown:0   movingtime:57
2024-11-09-12-49-25-324(1716):使用了start  
2024-11-09-12-49-25-325(1716):使用了tick  TTTTT   cooldown:0   movingtime:57
2024-11-09-12-49-25-327(1717):使用了tick  TTTTT   cooldown:0   movingtime:58
2024-11-09-12-49-25-329(1718):使用了stop  
2024-11-09-12-49-25-329(1718):使用了canStart  TTTTTMovingtime  distance:0.6315150459697828   cooldown:0   movingtime:56
2024-11-09-12-49-25-330(1718):使用了start  
2024-11-09-12-49-25-330(1718):使用了tick  TTTTT   cooldown:0   movingtime:56
2024-11-09-12-49-25-332(1719):使用了tick  TTTTT   cooldown:0   movingtime:57
2024-11-09-12-49-25-333(1720):使用了stop  
2024-11-09-12-49-25-333(1720):使用了canStart  TTTTTMovingtime  distance:0.6315150459697828   cooldown:0   movingtime:55
2024-11-09-12-49-25-333(1720):使用了start  
2024-11-09-12-49-25-334(1720):使用了tick  TTTTT   cooldown:0   movingtime:55
2024-11-09-12-49-25-335(1721):使用了tick  TTTTT   cooldown:0   movingtime:56
2024-11-09-12-49-25-338(1722):使用了stop  
2024-11-09-12-49-25-338(1722):使用了canStart  TTTTTMovingtime  distance:0.6315150459697828   cooldown:0   movingtime:54
2024-11-09-12-49-25-338(1722):使用了start  
2024-11-09-12-49-25-338(1722):使用了tick  TTTTT   cooldown:0   movingtime:54
2024-11-09-12-49-25-340(1723):使用了tick  TTTTT   cooldown:0   movingtime:55
2024-11-09-12-49-25-341(1724):使用了stop  
2024-11-09-12-49-25-341(1724):使用了canStart  TTTTTMovingtime  distance:0.6315150459697828   cooldown:0   movingtime:53
2024-11-09-12-49-25-343(1724):使用了start  
2024-11-09-12-49-25-343(1724):使用了tick  TTTTT   cooldown:0   movingtime:53
2024-11-09-12-49-25-346(1725):使用了tick  TTTTT   cooldown:0   movingtime:54
2024-11-09-12-49-25-349(1726):使用了stop  
2024-11-09-12-49-25-349(1726):使用了canStart  TTTTTMovingtime  distance:0.6315150459697828   cooldown:0   movingtime:52
2024-11-09-12-49-25-349(1726):使用了start  
2024-11-09-12-49-25-350(1726):使用了tick  TTTTT   cooldown:0   movingtime:52
2024-11-09-12-49-25-352(1727):使用了tick  TTTTT   cooldown:0   movingtime:53
2024-11-09-12-49-25-354(1728):使用了stop  
2024-11-09-12-49-25-354(1728):使用了canStart  TTTTTMovingtime  distance:0.6315150459697828   cooldown:0   movingtime:51
2024-11-09-12-49-25-355(1728):使用了start  
2024-11-09-12-49-25-355(1728):使用了tick  TTTTT   cooldown:0   movingtime:51
2024-11-09-12-49-25-357(1729):使用了tick  TTTTT   cooldown:0   movingtime:52
2024-11-09-12-49-25-358(1730):使用了stop  
2024-11-09-12-49-25-359(1730):使用了canStart  TTTTTMovingtime  distance:0.6315150459697828   cooldown:0   movingtime:50
2024-11-09-12-49-25-359(1730):使用了start  
2024-11-09-12-49-25-359(1730):使用了tick  TTTTT   cooldown:0   movingtime:50
2024-11-09-12-49-25-362(1731):使用了tick  TTTTT   cooldown:0   movingtime:51
2024-11-09-12-49-25-365(1732):使用了stop  
2024-11-09-12-49-25-365(1732):使用了canStart  TTTTTMovingtime  distance:0.6315150459697828   cooldown:0   movingtime:49
2024-11-09-12-49-25-365(1732):使用了start  
2024-11-09-12-49-25-365(1732):使用了tick  TTTTT   cooldown:0   movingtime:49
2024-11-09-12-49-25-367(1733):使用了tick  TTTTT   cooldown:0   movingtime:50
2024-11-09-12-49-25-369(1734):使用了stop  
2024-11-09-12-49-25-369(1734):使用了canStart  TTTTTMovingtime  distance:0.6315150459697828   cooldown:0   movingtime:48
2024-11-09-12-49-25-369(1734):使用了start  
2024-11-09-12-49-25-370(1734):使用了tick  TTTTT   cooldown:0   movingtime:48
2024-11-09-12-49-25-371(1735):使用了tick  TTTTT   cooldown:0   movingtime:49
2024-11-09-12-49-25-373(1736):使用了stop  
2024-11-09-12-49-25-373(1736):使用了canStart  TTTTTMovingtime  distance:0.6315150459697828   cooldown:0   movingtime:47
2024-11-09-12-49-25-373(1736):使用了start  
2024-11-09-12-49-25-373(1736):使用了tick  TTTTT   cooldown:0   movingtime:47
2024-11-09-12-49-25-377(1737):使用了tick  TTTTT   cooldown:0   movingtime:48
2024-11-09-12-49-25-378(1738):使用了stop  
2024-11-09-12-49-25-378(1738):使用了canStart  TTTTTMovingtime  distance:0.6315150459697828   cooldown:0   movingtime:46
2024-11-09-12-49-25-379(1738):使用了start  
2024-11-09-12-49-25-379(1738):使用了tick  TTTTT   cooldown:0   movingtime:46
2024-11-09-12-49-25-380(1739):使用了tick  TTTTT   cooldown:0   movingtime:47
2024-11-09-12-49-25-382(1740):使用了stop  
2024-11-09-12-49-25-382(1740):使用了canStart  TTTTTMovingtime  distance:0.6315150459697828   cooldown:0   movingtime:45
2024-11-09-12-49-25-382(1740):使用了start  
2024-11-09-12-49-25-382(1740):使用了tick  TTTTT   cooldown:0   movingtime:45
2024-11-09-12-49-25-383(1741):使用了tick  TTTTT   cooldown:0   movingtime:46
2024-11-09-12-49-25-384(1742):使用了stop  
2024-11-09-12-49-25-386(1742):使用了canStart  TTTTTMovingtime  distance:0.6315150459697828   cooldown:0   movingtime:44
2024-11-09-12-49-25-386(1742):使用了start  
2024-11-09-12-49-25-386(1742):使用了tick  TTTTT   cooldown:0   movingtime:44
2024-11-09-12-49-25-387(1743):使用了tick  TTTTT   cooldown:0   movingtime:45
2024-11-09-12-49-25-389(1744):使用了stop  
2024-11-09-12-49-25-389(1744):使用了canStart  TTTTTMovingtime  distance:0.6315150459697828   cooldown:0   movingtime:43
2024-11-09-12-49-25-390(1744):使用了start  
2024-11-09-12-49-25-390(1744):使用了tick  TTTTT   cooldown:0   movingtime:43
2024-11-09-12-49-25-391(1745):使用了tick  TTTTT   cooldown:0   movingtime:44
2024-11-09-12-49-25-393(1746):使用了stop  
2024-11-09-12-49-25-393(1746):使用了canStart  TTTTTMovingtime  distance:0.6315150459697828   cooldown:0   movingtime:42
2024-11-09-12-49-25-393(1746):使用了start  
2024-11-09-12-49-25-393(1746):使用了tick  TTTTT   cooldown:0   movingtime:42
2024-11-09-12-49-25-394(1747):使用了tick  TTTTT   cooldown:0   movingtime:43
2024-11-09-12-49-25-396(1748):使用了stop  
2024-11-09-12-49-25-396(1748):使用了canStart  TTTTTMovingtime  distance:0.6315150459697828   cooldown:0   movingtime:41
2024-11-09-12-49-25-396(1748):使用了start  
2024-11-09-12-49-25-396(1748):使用了tick  TTTTT   cooldown:0   movingtime:41
2024-11-09-12-49-25-398(1749):使用了tick  TTTTT   cooldown:0   movingtime:42
2024-11-09-12-49-25-399(1750):使用了stop  
2024-11-09-12-49-25-400(1750):使用了canStart  TTTTTMovingtime  distance:0.6315150459697828   cooldown:0   movingtime:40
2024-11-09-12-49-25-400(1750):使用了start  
2024-11-09-12-49-25-400(1750):使用了tick  TTTTT   cooldown:0   movingtime:40
2024-11-09-12-49-25-401(1751):使用了tick  TTTTT   cooldown:0   movingtime:41
2024-11-09-12-49-25-403(1752):使用了stop  
2024-11-09-12-49-25-403(1752):使用了canStart  TTTTTMovingtime  distance:0.6315150459697828   cooldown:0   movingtime:39
2024-11-09-12-49-25-403(1752):使用了start  
2024-11-09-12-49-25-403(1752):使用了tick  TTTTT   cooldown:0   movingtime:39
2024-11-09-12-49-25-406(1753):使用了tick  TTTTT   cooldown:0   movingtime:40
2024-11-09-12-49-25-410(1754):使用了stop  
2024-11-09-12-49-25-410(1754):使用了canStart  TTTTTMovingtime  distance:0.6315150459697828   cooldown:0   movingtime:38
2024-11-09-12-49-25-411(1754):使用了start  
2024-11-09-12-49-25-411(1754):使用了tick  TTTTT   cooldown:0   movingtime:38
2024-11-09-12-49-25-414(1755):使用了tick  TTTTT   cooldown:0   movingtime:39
2024-11-09-12-49-25-417(1756):使用了stop  
2024-11-09-12-49-25-417(1756):使用了canStart  TTTTTMovingtime  distance:0.6315150459697828   cooldown:0   movingtime:37
2024-11-09-12-49-25-417(1756):使用了start  
2024-11-09-12-49-25-417(1756):使用了tick  TTTTT   cooldown:0   movingtime:37
2024-11-09-12-49-25-419(1757):使用了tick  TTTTT   cooldown:0   movingtime:38
2024-11-09-12-49-25-422(1758):使用了stop  
2024-11-09-12-49-25-423(1758):使用了canStart  TTTTTMovingtime  distance:0.6315150459697828   cooldown:0   movingtime:36
2024-11-09-12-49-25-423(1758):使用了start  
2024-11-09-12-49-25-424(1758):使用了tick  TTTTT   cooldown:0   movingtime:36
2024-11-09-12-49-25-427(1759):使用了tick  TTTTT   cooldown:0   movingtime:37
2024-11-09-12-49-25-431(1760):使用了stop  
2024-11-09-12-49-25-431(1760):使用了canStart  TTTTTMovingtime  distance:0.6315150459697828   cooldown:0   movingtime:35
2024-11-09-12-49-25-431(1760):使用了start  
2024-11-09-12-49-25-432(1760):使用了tick  TTTTT   cooldown:0   movingtime:35
2024-11-09-12-49-25-436(1761):使用了tick  TTTTT   cooldown:0   movingtime:36
2024-11-09-12-49-25-441(1762):使用了stop  
2024-11-09-12-49-25-441(1762):使用了canStart  TTTTTMovingtime  distance:0.6315150459697828   cooldown:0   movingtime:34
2024-11-09-12-49-25-442(1762):使用了start  
2024-11-09-12-49-25-442(1762):使用了tick  TTTTT   cooldown:0   movingtime:34
2024-11-09-12-49-25-443(1763):使用了tick  TTTTT   cooldown:0   movingtime:35
2024-11-09-12-49-25-445(1764):使用了stop  
2024-11-09-12-49-25-445(1764):使用了canStart  TTTTTMovingtime  distance:0.6315150459697828   cooldown:0   movingtime:33
2024-11-09-12-49-25-445(1764):使用了start  
2024-11-09-12-49-25-446(1764):使用了tick  TTTTT   cooldown:0   movingtime:33
2024-11-09-12-49-25-448(1765):使用了tick  TTTTT   cooldown:0   movingtime:34
2024-11-09-12-49-25-450(1766):使用了stop  
2024-11-09-12-49-25-451(1766):使用了canStart  TTTTTMovingtime  distance:0.6315150459697828   cooldown:0   movingtime:32
2024-11-09-12-49-25-451(1766):使用了start  
2024-11-09-12-49-25-451(1766):使用了tick  TTTTT   cooldown:0   movingtime:32
2024-11-09-12-49-25-454(1767):使用了tick  TTTTT   cooldown:0   movingtime:33
2024-11-09-12-49-25-455(1768):使用了stop  
2024-11-09-12-49-25-456(1768):使用了canStart  TTTTTMovingtime  distance:0.6315150459697828   cooldown:0   movingtime:31
2024-11-09-12-49-25-456(1768):使用了start  
2024-11-09-12-49-25-456(1768):使用了tick  TTTTT   cooldown:0   movingtime:31
2024-11-09-12-49-25-459(1769):使用了tick  TTTTT   cooldown:0   movingtime:32
2024-11-09-12-49-25-461(1770):使用了stop  
2024-11-09-12-49-25-462(1770):使用了canStart  TTTTTMovingtime  distance:0.6315150459697828   cooldown:0   movingtime:30
2024-11-09-12-49-25-462(1770):使用了start  
2024-11-09-12-49-25-462(1770):使用了tick  TTTTT   cooldown:0   movingtime:30
2024-11-09-12-49-25-465(1771):使用了tick  TTTTT   cooldown:0   movingtime:31
2024-11-09-12-49-25-473(1772):使用了stop  
2024-11-09-12-49-25-475(1772):使用了canStart  TTTTTMovingtime  distance:0.6315150459697828   cooldown:0   movingtime:29
2024-11-09-12-49-25-475(1772):使用了start  
2024-11-09-12-49-25-476(1772):使用了tick  TTTTT   cooldown:0   movingtime:29
2024-11-09-12-49-25-480(1773):使用了tick  TTTTT   cooldown:0   movingtime:30
2024-11-09-12-49-25-483(1774):使用了stop  
2024-11-09-12-49-25-484(1774):使用了canStart  TTTTTMovingtime  distance:0.6315150459697828   cooldown:0   movingtime:28
2024-11-09-12-49-25-484(1774):使用了start  
2024-11-09-12-49-25-484(1774):使用了tick  TTTTT   cooldown:0   movingtime:28
2024-11-09-12-49-25-487(1775):使用了tick  TTTTT   cooldown:0   movingtime:29
2024-11-09-12-49-25-489(1776):使用了stop  
2024-11-09-12-49-25-490(1776):使用了canStart  TTTTTMovingtime  distance:0.6315150459697828   cooldown:0   movingtime:27
2024-11-09-12-49-25-490(1776):使用了start  
2024-11-09-12-49-25-490(1776):使用了tick  TTTTT   cooldown:0   movingtime:27
2024-11-09-12-49-25-491(1777):使用了tick  TTTTT   cooldown:0   movingtime:28
2024-11-09-12-49-25-494(1778):使用了stop  
2024-11-09-12-49-25-494(1778):使用了canStart  TTTTTMovingtime  distance:0.6315150459697828   cooldown:0   movingtime:26
2024-11-09-12-49-25-494(1778):使用了start  
2024-11-09-12-49-25-494(1778):使用了tick  TTTTT   cooldown:0   movingtime:26
2024-11-09-12-49-25-496(1779):使用了tick  TTTTT   cooldown:0   movingtime:27
2024-11-09-12-49-25-499(1780):使用了stop  
2024-11-09-12-49-25-499(1780):使用了canStart  TTTTTMovingtime  distance:0.6315150459697828   cooldown:0   movingtime:25
2024-11-09-12-49-25-499(1780):使用了start  
2024-11-09-12-49-25-499(1780):使用了tick  TTTTT   cooldown:0   movingtime:25
2024-11-09-12-49-25-502(1781):使用了tick  TTTTT   cooldown:0   movingtime:26
2024-11-09-12-49-25-504(1782):使用了stop  
2024-11-09-12-49-25-504(1782):使用了canStart  TTTTTMovingtime  distance:0.6315150459697828   cooldown:0   movingtime:24
2024-11-09-12-49-25-505(1782):使用了start  
2024-11-09-12-49-25-505(1782):使用了tick  TTTTT   cooldown:0   movingtime:24
2024-11-09-12-49-25-506(1783):使用了tick  TTTTT   cooldown:0   movingtime:25
2024-11-09-12-49-25-508(1784):使用了stop  
2024-11-09-12-49-25-508(1784):使用了canStart  TTTTTMovingtime  distance:0.6315150459697828   cooldown:0   movingtime:23
2024-11-09-12-49-25-508(1784):使用了start  
2024-11-09-12-49-25-509(1784):使用了tick  TTTTT   cooldown:0   movingtime:23
2024-11-09-12-49-25-510(1785):使用了tick  TTTTT   cooldown:0   movingtime:24
2024-11-09-12-49-25-512(1786):使用了stop  
2024-11-09-12-49-25-512(1786):使用了canStart  TTTTTMovingtime  distance:0.6315150459697828   cooldown:0   movingtime:22
2024-11-09-12-49-25-512(1786):使用了start  
2024-11-09-12-49-25-512(1786):使用了tick  TTTTT   cooldown:0   movingtime:22
2024-11-09-12-49-25-514(1787):使用了tick  TTTTT   cooldown:0   movingtime:23
2024-11-09-12-49-25-518(1788):使用了stop  
2024-11-09-12-49-25-518(1788):使用了canStart  TTTTTMovingtime  distance:0.6315150459697828   cooldown:0   movingtime:21
2024-11-09-12-49-25-518(1788):使用了start  
2024-11-09-12-49-25-519(1788):使用了tick  TTTTT   cooldown:0   movingtime:21
2024-11-09-12-49-25-521(1789):使用了tick  TTTTT   cooldown:0   movingtime:22
2024-11-09-12-49-25-523(1790):使用了stop  
2024-11-09-12-49-25-523(1790):使用了canStart  TTTTTMovingtime  distance:0.6315150459697828   cooldown:0   movingtime:20
2024-11-09-12-49-25-523(1790):使用了start  
2024-11-09-12-49-25-523(1790):使用了tick  TTTTT   cooldown:0   movingtime:20
2024-11-09-12-49-25-525(1791):使用了tick  TTTTT   cooldown:0   movingtime:21
2024-11-09-12-49-25-528(1792):使用了stop  
2024-11-09-12-49-25-530(1792):使用了canStart  TTTTTMovingtime  distance:0.6315150459697828   cooldown:0   movingtime:19
2024-11-09-12-49-25-530(1792):使用了start  
2024-11-09-12-49-25-531(1792):使用了tick  TTTTT   cooldown:0   movingtime:19
2024-11-09-12-49-25-544(1793):使用了tick  TTTTT   cooldown:0   movingtime:20
2024-11-09-12-49-25-559(1794):使用了stop  
2024-11-09-12-49-25-560(1794):使用了canStart  TTTTTMovingtime  distance:0.6315150459697828   cooldown:0   movingtime:18
2024-11-09-12-49-25-561(1794):使用了start  
2024-11-09-12-49-25-561(1794):使用了tick  TTTTT   cooldown:0   movingtime:18
2024-11-09-12-49-25-572(1795):使用了tick  TTTTT   cooldown:0   movingtime:19
2024-11-09-12-49-25-583(1796):使用了stop  
2024-11-09-12-49-25-586(1796):使用了canStart  TTTTTMovingtime  distance:0.6315150459697828   cooldown:0   movingtime:17
2024-11-09-12-49-25-587(1796):使用了start  
2024-11-09-12-49-25-587(1796):使用了tick  TTTTT   cooldown:0   movingtime:17
2024-11-09-12-49-25-596(1797):使用了tick  TTTTT   cooldown:0   movingtime:18
2024-11-09-12-49-25-604(1798):使用了stop  
2024-11-09-12-49-25-605(1798):使用了canStart  TTTTTMovingtime  distance:0.6315150459697828   cooldown:0   movingtime:16
2024-11-09-12-49-25-606(1798):使用了start  
2024-11-09-12-49-25-606(1798):使用了tick  TTTTT   cooldown:0   movingtime:16
2024-11-09-12-49-25-612(1799):使用了tick  TTTTT   cooldown:0   movingtime:17
2024-11-09-12-49-25-620(1800):使用了stop  
2024-11-09-12-49-25-621(1800):使用了canStart  TTTTTMovingtime  distance:0.6315150459697828   cooldown:0   movingtime:15
2024-11-09-12-49-25-621(1800):使用了start  
2024-11-09-12-49-25-621(1800):使用了tick  TTTTT   cooldown:0   movingtime:15
2024-11-09-12-49-25-629(1801):使用了tick  TTTTT   cooldown:0   movingtime:16
2024-11-09-12-49-25-635(1802):使用了stop  
2024-11-09-12-49-25-636(1802):使用了canStart  TTTTTMovingtime  distance:0.6315150459697828   cooldown:0   movingtime:14
2024-11-09-12-49-25-637(1802):使用了start  
2024-11-09-12-49-25-637(1802):使用了tick  TTTTT   cooldown:0   movingtime:14
2024-11-09-12-49-25-645(1803):使用了tick  TTTTT   cooldown:0   movingtime:15
2024-11-09-12-49-25-651(1804):使用了stop  
2024-11-09-12-49-25-653(1804):使用了canStart  TTTTTMovingtime  distance:0.6315150459697828   cooldown:0   movingtime:13
2024-11-09-12-49-25-653(1804):使用了start  
2024-11-09-12-49-25-653(1804):使用了tick  TTTTT   cooldown:0   movingtime:13
2024-11-09-12-49-25-659(1805):使用了tick  TTTTT   cooldown:0   movingtime:14
2024-11-09-12-49-25-665(1806):使用了stop  
2024-11-09-12-49-25-666(1806):使用了canStart  TTTTTMovingtime  distance:0.6315150459697828   cooldown:0   movingtime:12
2024-11-09-12-49-25-666(1806):使用了start  
2024-11-09-12-49-25-667(1806):使用了tick  TTTTT   cooldown:0   movingtime:12
2024-11-09-12-49-25-674(1807):使用了tick  TTTTT   cooldown:0   movingtime:13
2024-11-09-12-49-25-679(1808):使用了stop  
2024-11-09-12-49-25-680(1808):使用了canStart  TTTTTMovingtime  distance:0.6315150459697828   cooldown:0   movingtime:11
2024-11-09-12-49-25-680(1808):使用了start  
2024-11-09-12-49-25-680(1808):使用了tick  TTTTT   cooldown:0   movingtime:11
2024-11-09-12-49-25-685(1809):使用了tick  TTTTT   cooldown:0   movingtime:12
2024-11-09-12-49-25-690(1810):使用了stop  
2024-11-09-12-49-25-691(1810):使用了canStart  TTTTTMovingtime  distance:0.6315150459697828   cooldown:0   movingtime:10
2024-11-09-12-49-25-691(1810):使用了start  
2024-11-09-12-49-25-691(1810):使用了tick  TTTTT   cooldown:0   movingtime:10
2024-11-09-12-49-25-695(1811):使用了tick  TTTTT   cooldown:0   movingtime:11
2024-11-09-12-49-25-701(1812):使用了stop  
2024-11-09-12-49-25-701(1812):使用了canStart  TTTTTMovingtime  distance:0.6315150459697828   cooldown:0   movingtime:9
2024-11-09-12-49-25-701(1812):使用了start  
2024-11-09-12-49-25-701(1812):使用了tick  TTTTT   cooldown:0   movingtime:9
2024-11-09-12-49-25-708(1813):使用了tick  TTTTT   cooldown:0   movingtime:10
2024-11-09-12-49-25-714(1814):使用了stop  
2024-11-09-12-49-25-715(1814):使用了canStart  TTTTTMovingtime  distance:0.6315150459697828   cooldown:0   movingtime:8
2024-11-09-12-49-25-716(1814):使用了start  
2024-11-09-12-49-25-716(1814):使用了tick  TTTTT   cooldown:0   movingtime:8
2024-11-09-12-49-25-729(1815):使用了tick  TTTTT   cooldown:0   movingtime:9
2024-11-09-12-49-25-746(1816):使用了stop  
2024-11-09-12-49-25-749(1816):使用了canStart  TTTTTMovingtime  distance:0.6315150459697828   cooldown:0   movingtime:7
2024-11-09-12-49-25-750(1816):使用了start  
2024-11-09-12-49-25-751(1816):使用了tick  TTTTT   cooldown:0   movingtime:7
2024-11-09-12-49-25-775(1817):使用了tick  TTTTT   cooldown:0   movingtime:8
2024-11-09-12-49-25-792(1818):使用了stop  
2024-11-09-12-49-25-795(1818):使用了canStart  TTTTTMovingtime  distance:0.6315150459697828   cooldown:0   movingtime:6
2024-11-09-12-49-25-796(1818):使用了start  
2024-11-09-12-49-25-797(1818):使用了tick  TTTTT   cooldown:0   movingtime:6
2024-11-09-12-49-25-819(1819):使用了tick  TTTTT   cooldown:0   movingtime:7
2024-11-09-12-49-25-840(1820):使用了stop  
2024-11-09-12-49-25-842(1820):使用了canStart  TTTTTMovingtime  distance:0.6315150459697828   cooldown:0   movingtime:5
2024-11-09-12-49-25-843(1820):使用了start  
2024-11-09-12-49-25-844(1820):使用了tick  TTTTT   cooldown:0   movingtime:5
2024-11-09-12-49-25-859(1821):使用了tick  TTTTT   cooldown:0   movingtime:6
2024-11-09-12-49-25-881(1822):使用了stop  
2024-11-09-12-49-25-885(1822):使用了canStart  TTTTTMovingtime  distance:0.6315150459697828   cooldown:0   movingtime:4
2024-11-09-12-49-25-885(1822):使用了start  
2024-11-09-12-49-25-886(1822):使用了tick  TTTTT   cooldown:0   movingtime:4
2024-11-09-12-49-25-903(1823):使用了tick  TTTTT   cooldown:0   movingtime:5
2024-11-09-12-49-25-918(1824):使用了stop  
2024-11-09-12-49-25-920(1824):使用了canStart  TTTTTMovingtime  distance:0.6315150459697828   cooldown:0   movingtime:3
2024-11-09-12-49-25-921(1824):使用了start  
2024-11-09-12-49-25-922(1824):使用了tick  TTTTT   cooldown:0   movingtime:3
2024-11-09-12-49-25-933(1825):使用了tick  TTTTT   cooldown:0   movingtime:4
2024-11-09-12-49-25-951(1826):使用了stop  
2024-11-09-12-49-25-953(1826):使用了canStart  TTTTTMovingtime  distance:0.6315150459697828   cooldown:0   movingtime:2
2024-11-09-12-49-25-954(1826):使用了start  
2024-11-09-12-49-25-955(1826):使用了tick  TTTTT   cooldown:0   movingtime:2
2024-11-09-12-49-25-973(1827):使用了tick  TTTTT   cooldown:0   movingtime:3
2024-11-09-12-49-25-995(1828):使用了stop  
2024-11-09-12-49-25-998(1828):使用了canStart  TTTTTMovingtime  distance:0.6315150459697828   cooldown:0   movingtime:1
2024-11-09-12-49-26-000(1828):使用了start  
2024-11-09-12-49-26-001(1828):使用了tick  TTTTT   cooldown:0   movingtime:1
2024-11-09-12-49-26-017(1829):使用了tick  TTTTT   cooldown:0   movingtime:2
2024-11-09-12-49-26-022(1830):使用了stop  
2024-11-09-12-49-26-023(1830):使用了canStart  TTTTTMovingtime  distance:0.6315150459697828   cooldown:0   movingtime:0
2024-11-09-12-49-26-023(1830):使用了start  
2024-11-09-12-49-26-024(1830):使用了tick  TTTTT   cooldown:0   movingtime:0
2024-11-09-12-49-26-027(1831):使用了tick  TTTTT   cooldown:0   movingtime:1
2024-11-09-12-49-26-031(1832):使用了stop  
2024-11-09-12-49-26-035(1832):使用了canStart  FFFFF  distance:0.6315150459697828   cooldown:1   movingtime:2
2024-11-09-12-49-26-055(1832):使用了canStart  FFFFF  distance:0.6315150459697828   cooldown:2   movingtime:2
2024-11-09-12-49-26-062(1832):使用了canStart  FFFFF  distance:0.6315150459697828   cooldown:3   movingtime:2
2024-11-09-12-49-26-074(1832):使用了canStart  FFFFF  distance:0.6315150459697828   cooldown:4   movingtime:2
2024-11-09-12-49-26-102(1832):使用了canStart  FFFFF  distance:0.6315150459697828   cooldown:5   movingtime:2
2024-11-09-12-49-26-124(1832):使用了canStart  FFFFF  distance:0.6315150459697828   cooldown:6   movingtime:2
2024-11-09-12-49-26-147(1832):使用了canStart  FFFFF  distance:0.6315150459697828   cooldown:7   movingtime:2
2024-11-09-12-49-26-171(1832):使用了canStart  FFFFF  distance:0.6315150459697828   cooldown:8   movingtime:2
2024-11-09-12-49-26-187(1832):使用了canStart  FFFFF  distance:0.6315150459697828   cooldown:9   movingtime:2
2024-11-09-12-49-26-202(1832):使用了canStart  FFFFF  distance:0.6315150459697828   cooldown:10   movingtime:2
2024-11-09-12-49-26-216(1832):使用了canStart  FFFFF  distance:0.6315150459697828   cooldown:11   movingtime:2
2024-11-09-12-49-26-226(1832):使用了canStart  FFFFF  distance:0.6315150459697828   cooldown:12   movingtime:2
2024-11-09-12-49-26-232(1832):使用了canStart  FFFFF  distance:0.6315150459697828   cooldown:13   movingtime:2
2024-11-09-12-49-26-239(1832):使用了canStart  FFFFF  distance:0.6315150459697828   cooldown:14   movingtime:2
2024-11-09-12-49-26-251(1832):使用了canStart  FFFFF  distance:0.6315150459697828   cooldown:15   movingtime:2
2024-11-09-12-49-26-275(1832):使用了canStart  FFFFF  distance:0.6315150459697828   cooldown:16   movingtime:2
2024-11-09-12-49-26-312(1832):使用了canStart  FFFFF  distance:0.6315150459697828   cooldown:17   movingtime:2
2024-11-09-12-49-26-340(1832):使用了canStart  FFFFF  distance:0.6315150459697828   cooldown:18   movingtime:2
2024-11-09-12-49-26-370(1832):使用了canStart  FFFFF  distance:0.6315150459697828   cooldown:19   movingtime:2
2024-11-09-12-49-26-403(1832):使用了canStart  FFFFF  distance:0.6315150459697828   cooldown:20   movingtime:2
2024-11-09-12-49-26-444(1832):使用了canStart  FFFFF  distance:0.6315150459697828   cooldown:21   movingtime:2
2024-11-09-12-49-26-477(1832):使用了canStart  FFFFF  distance:0.6315150459697828   cooldown:22   movingtime:2
2024-11-09-12-49-26-490(1832):使用了canStart  FFFFF  distance:0.6315150459697828   cooldown:23   movingtime:2
2024-11-09-12-49-26-499(1832):使用了canStart  FFFFF  distance:0.6315150459697828   cooldown:24   movingtime:2
2024-11-09-12-49-26-507(1832):使用了canStart  FFFFF  distance:0.6315150459697828   cooldown:25   movingtime:2
2024-11-09-12-49-26-512(1832):使用了canStart  FFFFF  distance:0.6315150459697828   cooldown:26   movingtime:2
2024-11-09-12-49-26-523(1832):使用了canStart  FFFFF  distance:0.6315150459697828   cooldown:27   movingtime:2
2024-11-09-12-49-26-541(1832):使用了canStart  FFFFF  distance:0.6315150459697828   cooldown:28   movingtime:2
2024-11-09-12-49-26-560(1832):使用了canStart  FFFFF  distance:0.6315150459697828   cooldown:29   movingtime:2
2024-11-09-12-49-26-578(1832):使用了canStart  FFFFF  distance:0.6315150459697828   cooldown:30   movingtime:2
2024-11-09-12-49-26-590(1832):使用了canStart  FFFFF  distance:0.6315150459697828   cooldown:31   movingtime:2
2024-11-09-12-49-26-658(1832):使用了canStart  FFFFF  distance:0.6315150459697828   cooldown:32   movingtime:2
2024-11-09-12-49-26-758(1832):使用了canStart  FFFFF  distance:0.6315150459697828   cooldown:33   movingtime:2
2024-11-09-12-49-26-858(1832):使用了canStart  FFFFF  distance:0.6315150459697828   cooldown:34   movingtime:2
2024-11-09-12-49-26-958(1832):使用了canStart  FFFFF  distance:0.6315150459697828   cooldown:35   movingtime:2
2024-11-09-12-49-27-057(1832):使用了canStart  FFFFF  distance:0.6315150459697828   cooldown:36   movingtime:2
2024-11-09-12-49-27-158(1832):使用了canStart  FFFFF  distance:0.6315150459697828   cooldown:37   movingtime:2
2024-11-09-12-49-27-256(1832):使用了canStart  FFFFF  distance:0.5973875856276806   cooldown:38   movingtime:2
2024-11-09-12-49-27-359(1832):使用了canStart  FFFFF  distance:0.848673281563975   cooldown:39   movingtime:2
2024-11-09-12-49-27-456(1832):使用了canStart  FFFFF  distance:1.1975676710884824   cooldown:40   movingtime:2
2024-11-09-12-49-27-556(1832):使用了canStart  FFFFF  distance:1.5685367900536336   cooldown:41   movingtime:2
2024-11-09-12-49-27-656(1832):使用了canStart  FFFFF  distance:1.9466662290031427   cooldown:42   movingtime:2
2024-11-09-12-49-27-757(1832):使用了canStart  FFFFF  distance:2.327713767374248   cooldown:43   movingtime:2
2024-11-09-12-49-27-857(1832):使用了canStart  FFFFF  distance:2.7092483475536566   cooldown:44   movingtime:2
2024-11-09-12-49-27-956(1832):使用了canStart  FFFFF  distance:4.018857836099588   cooldown:45   movingtime:2
2024-11-09-12-49-28-056(1832):使用了canStart  FFFFF  distance:4.881425910042219   cooldown:46   movingtime:2
2024-11-09-12-49-28-157(1832):使用了canStart  FFFFF  distance:5.775310888059693   cooldown:47   movingtime:2
2024-11-09-12-49-28-257(1832):使用了canStart  FFFFF  distance:6.513270068890352   cooldown:48   movingtime:2
2024-11-09-12-49-28-356(1832):使用了canStart  FFFFF  distance:7.57210475938855   cooldown:49   movingtime:2
2024-11-09-12-49-28-456(1832):使用了canStart  FFFFF  distance:8.726122910402363   cooldown:50   movingtime:2
2024-11-09-12-49-28-557(1832):使用了canStart  FFFFF  distance:9.709098476633477   cooldown:51   movingtime:2
2024-11-09-12-49-28-656(1832):使用了canStart  FFFFF  distance:10.840831121839436   cooldown:52   movingtime:2
2024-11-09-12-49-28-758(1832):使用了canStart  FFFFF  distance:11.65064168565294   cooldown:53   movingtime:2
2024-11-09-12-49-28-856(1832):使用了canStart  FFFFF  distance:12.731646807432485   cooldown:54   movingtime:2
2024-11-09-12-49-28-956(1832):使用了canStart  FFFFF  distance:13.893134854920888   cooldown:55   movingtime:2
2024-11-09-12-49-29-056(1832):使用了canStart  FFFFF  distance:14.879399236077274   cooldown:56   movingtime:2
2024-11-09-12-49-29-157(1832):使用了canStart  FFFFF  distance:16.212941718136204   cooldown:57   movingtime:2
2024-11-09-12-49-29-256(1832):使用了canStart  FFFFF  distance:16.88310688659887   cooldown:58   movingtime:2
2024-11-09-12-49-29-356(1832):使用了canStart  FFFFF  distance:18.290877531501213   cooldown:59   movingtime:2
2024-11-09-12-49-29-457(1832):使用了canStart  FFFFF  distance:19.183527492569635   cooldown:60   movingtime:2
2024-11-09-12-49-29-556(1832):使用了canStart  FFFFF  distance:20.288365903708286   cooldown:61   movingtime:2
2024-11-09-12-49-29-656(1832):使用了canStart  FFFFF  distance:21.258405644824823   cooldown:62   movingtime:2
2024-11-09-12-49-29-757(1832):使用了canStart  FFFFF  distance:22.588640499099565   cooldown:63   movingtime:2
2024-11-09-12-49-29-857(1832):使用了canStart  FFFFF  distance:23.62402611671234   cooldown:64   movingtime:2
2024-11-09-12-49-29-956(1832):使用了canStart  FFFFF  distance:24.405278738486345   cooldown:65   movingtime:2
2024-11-09-12-49-30-056(1832):使用了canStart  FFFFF  distance:25.84693976305606   cooldown:66   movingtime:2
2024-11-09-12-49-30-157(1832):使用了canStart  FFFFF  distance:26.749824009843138   cooldown:67   movingtime:2
2024-11-09-12-49-30-256(1832):使用了canStart  FFFFF  distance:27.8578715575088   cooldown:68   movingtime:2
2024-11-09-12-49-30-357(1832):使用了canStart  FFFFF  distance:29.026703957907923   cooldown:69   movingtime:2
2024-11-09-12-49-30-456(1832):使用了canStart  FFFFF  distance:30.015036947477043   cooldown:70   movingtime:2
2024-11-09-12-49-30-557(1832):使用了canStart  FFFFF  distance:31.34892427904304   cooldown:71   movingtime:2
2024-11-09-12-49-30-657(1832):使用了canStart  TTTTTDC  distance:32.01926128408724   cooldown:0   movingtime:2
2024-11-09-12-49-30-657(1832):使用了start  
2024-11-09-12-49-30-658(1832):使用了tick  TTTTT   cooldown:0   movingtime:2
2024-11-09-12-49-30-706(1833):使用了tick  TTTTT   cooldown:0   movingtime:3
2024-11-09-12-49-30-757(1834):使用了stop  
2024-11-09-12-49-30-758(1834):使用了canStart  TTTTTDC  distance:33.08084534960179   cooldown:0   movingtime:4
2024-11-09-12-49-30-759(1834):使用了start  
2024-11-09-12-49-30-759(1834):使用了tick  TTTTT   cooldown:0   movingtime:4
2024-11-09-12-49-30-807(1835):使用了tick  TTTTT   cooldown:0   movingtime:5
2024-11-09-12-49-30-856(1836):使用了stop  
2024-11-09-12-49-30-857(1836):使用了canStart  TTTTTDC  distance:34.145215517246406   cooldown:0   movingtime:6
2024-11-09-12-49-30-857(1836):使用了start  
2024-11-09-12-49-30-857(1836):使用了tick  TTTTT   cooldown:0   movingtime:6
2024-11-09-12-49-30-907(1837):使用了tick  TTTTT   cooldown:0   movingtime:7
2024-11-09-12-49-30-957(1838):使用了stop  
2024-11-09-12-49-30-957(1838):使用了canStart  TTTTTDC  distance:35.21024297751707   cooldown:0   movingtime:8
2024-11-09-12-49-30-957(1838):使用了start  
2024-11-09-12-49-30-957(1838):使用了tick  TTTTT   cooldown:0   movingtime:8
2024-11-09-12-49-31-007(1839):使用了tick  TTTTT   cooldown:0   movingtime:9
2024-11-09-12-49-31-057(1840):使用了stop  
2024-11-09-12-49-31-057(1840):使用了canStart  TTTTTDC  distance:36.27568928570564   cooldown:0   movingtime:10
2024-11-09-12-49-31-057(1840):使用了start  
2024-11-09-12-49-31-058(1840):使用了tick  TTTTT   cooldown:0   movingtime:10
2024-11-09-12-49-31-108(1841):使用了tick  TTTTT   cooldown:0   movingtime:11
2024-11-09-12-49-31-157(1842):使用了stop  
2024-11-09-12-49-31-158(1842):使用了canStart  TTTTTDC  distance:37.34179590261275   cooldown:0   movingtime:12
2024-11-09-12-49-31-158(1842):使用了start  
2024-11-09-12-49-31-158(1842):使用了tick  TTTTT   cooldown:0   movingtime:12
2024-11-09-12-49-31-208(1843):使用了tick  TTTTT   cooldown:0   movingtime:13
2024-11-09-12-49-31-257(1844):使用了stop  
2024-11-09-12-49-31-258(1844):使用了canStart  TTTTTDC  distance:38.40867979684367   cooldown:0   movingtime:14
2024-11-09-12-49-31-258(1844):使用了start  
2024-11-09-12-49-31-259(1844):使用了tick  TTTTT   cooldown:0   movingtime:14
2024-11-09-12-49-31-307(1845):使用了tick  TTTTT   cooldown:0   movingtime:15
2024-11-09-12-49-31-357(1846):使用了stop  
2024-11-09-12-49-31-357(1846):使用了canStart  TTTTTDC  distance:39.47636582555056   cooldown:0   movingtime:16
2024-11-09-12-49-31-358(1846):使用了start  
2024-11-09-12-49-31-358(1846):使用了tick  TTTTT   cooldown:0   movingtime:16
2024-11-09-12-49-31-409(1847):使用了tick  TTTTT   cooldown:0   movingtime:17
2024-11-09-12-49-31-456(1848):使用了stop  
2024-11-09-12-49-31-457(1848):使用了canStart  TTTTTDC  distance:40.5449273316742   cooldown:0   movingtime:18
2024-11-09-12-49-31-457(1848):使用了start  
2024-11-09-12-49-31-457(1848):使用了tick  TTTTT   cooldown:0   movingtime:18
2024-11-09-12-49-31-507(1849):使用了tick  TTTTT   cooldown:0   movingtime:19
2024-11-09-12-49-31-557(1850):使用了stop  
2024-11-09-12-49-31-557(1850):使用了canStart  TTTTTDC  distance:41.61424421022033   cooldown:0   movingtime:20
2024-11-09-12-49-31-557(1850):使用了start  
2024-11-09-12-49-31-558(1850):使用了tick  TTTTT   cooldown:0   movingtime:20
2024-11-09-12-49-31-606(1851):使用了tick  TTTTT   cooldown:0   movingtime:21
2024-11-09-12-49-31-657(1852):使用了stop  
2024-11-09-12-49-31-658(1852):使用了canStart  TTTTTDC  distance:42.68429804147134   cooldown:0   movingtime:22
2024-11-09-12-49-31-658(1852):使用了start  
2024-11-09-12-49-31-658(1852):使用了tick  TTTTT   cooldown:0   movingtime:22
2024-11-09-12-49-31-706(1853):使用了tick  TTTTT   cooldown:0   movingtime:23
2024-11-09-12-49-31-757(1854):使用了stop  
2024-11-09-12-49-31-758(1854):使用了canStart  TTTTTDC  distance:43.75506136655122   cooldown:0   movingtime:24
2024-11-09-12-49-31-758(1854):使用了start  
2024-11-09-12-49-31-758(1854):使用了tick  TTTTT   cooldown:0   movingtime:24
2024-11-09-12-49-31-807(1855):使用了tick  TTTTT   cooldown:0   movingtime:25
2024-11-09-12-49-31-857(1856):使用了stop  
2024-11-09-12-49-31-857(1856):使用了canStart  TTTTTDC  distance:44.826504177230234   cooldown:0   movingtime:26
2024-11-09-12-49-31-857(1856):使用了start  
2024-11-09-12-49-31-858(1856):使用了tick  TTTTT   cooldown:0   movingtime:26
2024-11-09-12-49-31-907(1857):使用了tick  TTTTT   cooldown:0   movingtime:27
2024-11-09-12-49-31-956(1858):使用了stop  
2024-11-09-12-49-31-957(1858):使用了canStart  TTTTTDC  distance:45.89859643451873   cooldown:0   movingtime:28
2024-11-09-12-49-31-957(1858):使用了start  
2024-11-09-12-49-31-957(1858):使用了tick  TTTTT   cooldown:0   movingtime:28
2024-11-09-12-49-32-007(1859):使用了tick  TTTTT   cooldown:0   movingtime:29
2024-11-09-12-49-32-056(1860):使用了stop  
2024-11-09-12-49-32-057(1860):使用了canStart  TTTTTDC  distance:46.97130934093146   cooldown:0   movingtime:30
2024-11-09-12-49-32-057(1860):使用了start  
2024-11-09-12-49-32-058(1860):使用了tick  TTTTT   cooldown:0   movingtime:30
2024-11-09-12-49-32-107(1861):使用了tick  TTTTT   cooldown:0   movingtime:31
2024-11-09-12-49-32-158(1862):使用了stop  
2024-11-09-12-49-32-158(1862):使用了canStart  TTTTTDC  distance:48.04461499316771   cooldown:0   movingtime:32
2024-11-09-12-49-32-158(1862):使用了start  
2024-11-09-12-49-32-158(1862):使用了tick  TTTTT   cooldown:0   movingtime:32
2024-11-09-12-49-32-207(1863):使用了tick  TTTTT   cooldown:0   movingtime:33
2024-11-09-12-49-32-257(1864):使用了stop  
2024-11-09-12-49-32-258(1864):使用了canStart  TTTTTDC  distance:49.11848686598289   cooldown:0   movingtime:34
2024-11-09-12-49-32-258(1864):使用了start  
2024-11-09-12-49-32-258(1864):使用了tick  TTTTT   cooldown:0   movingtime:34
2024-11-09-12-49-32-308(1865):使用了tick  TTTTT   cooldown:0   movingtime:35
2024-11-09-12-49-32-359(1866):使用了stop  
2024-11-09-12-49-32-359(1866):使用了canStart  TTTTTDC  distance:50.19247567103325   cooldown:0   movingtime:36
2024-11-09-12-49-32-360(1866):使用了start  
2024-11-09-12-49-32-360(1866):使用了tick  TTTTT   cooldown:0   movingtime:36
2024-11-09-12-49-32-407(1867):使用了tick  TTTTT   cooldown:0   movingtime:37
2024-11-09-12-49-32-459(1868):使用了stop  
2024-11-09-12-49-32-461(1868):使用了canStart  TTTTTDC  distance:51.262616175739   cooldown:0   movingtime:38
2024-11-09-12-49-32-461(1868):使用了start  
2024-11-09-12-49-32-461(1868):使用了tick  TTTTT   cooldown:0   movingtime:38
2024-11-09-12-49-32-512(1869):使用了tick  TTTTT   cooldown:0   movingtime:39
2024-11-09-12-49-32-562(1870):使用了stop  
2024-11-09-12-49-32-563(1870):使用了canStart  TTTTTDC  distance:51.95783095822021   cooldown:0   movingtime:40
2024-11-09-12-49-32-563(1870):使用了start  
2024-11-09-12-49-32-563(1870):使用了tick  TTTTT   cooldown:0   movingtime:40
2024-11-09-12-49-32-607(1871):使用了tick  TTTTT   cooldown:0   movingtime:41
2024-11-09-12-49-32-658(1872):使用了stop  
2024-11-09-12-49-32-658(1872):使用了canStart  TTTTTDC  distance:52.33972820444075   cooldown:0   movingtime:42
2024-11-09-12-49-32-658(1872):使用了start  
2024-11-09-12-49-32-658(1872):使用了tick  TTTTT   cooldown:0   movingtime:42
2024-11-09-12-49-32-707(1873):使用了tick  TTTTT   cooldown:0   movingtime:43
2024-11-09-12-49-32-758(1874):使用了stop  
2024-11-09-12-49-32-759(1874):使用了canStart  TTTTTDC  distance:52.9979581074916   cooldown:0   movingtime:44
2024-11-09-12-49-32-759(1874):使用了start  
2024-11-09-12-49-32-760(1874):使用了tick  TTTTT   cooldown:0   movingtime:44
2024-11-09-12-49-32-807(1875):使用了tick  TTTTT   cooldown:0   movingtime:45
2024-11-09-12-49-32-857(1876):使用了stop  
2024-11-09-12-49-32-857(1876):使用了canStart  TTTTTDC  distance:53.369134993798845   cooldown:0   movingtime:46
2024-11-09-12-49-32-857(1876):使用了start  
2024-11-09-12-49-32-858(1876):使用了tick  TTTTT   cooldown:0   movingtime:46
2024-11-09-12-49-32-907(1877):使用了tick  TTTTT   cooldown:0   movingtime:47
2024-11-09-12-49-32-956(1878):使用了stop  
2024-11-09-12-49-32-957(1878):使用了canStart  TTTTTDC  distance:53.65436182382512   cooldown:0   movingtime:48
2024-11-09-12-49-32-957(1878):使用了start  
2024-11-09-12-49-32-957(1878):使用了tick  TTTTT   cooldown:0   movingtime:48
2024-11-09-12-49-33-006(1879):使用了tick  TTTTT   cooldown:0   movingtime:49
2024-11-09-12-49-33-057(1880):使用了stop  
2024-11-09-12-49-33-057(1880):使用了canStart  TTTTTDC  distance:54.11339759818096   cooldown:0   movingtime:50
2024-11-09-12-49-33-057(1880):使用了start  
2024-11-09-12-49-33-057(1880):使用了tick  TTTTT   cooldown:0   movingtime:50
2024-11-09-12-49-33-108(1881):使用了tick  TTTTT   cooldown:0   movingtime:51
2024-11-09-12-49-33-158(1882):使用了stop  
2024-11-09-12-49-33-158(1882):使用了canStart  TTTTTDC  distance:54.79071139671368   cooldown:0   movingtime:52
2024-11-09-12-49-33-158(1882):使用了start  
2024-11-09-12-49-33-159(1882):使用了tick  TTTTT   cooldown:0   movingtime:52
2024-11-09-12-49-33-207(1883):使用了tick  TTTTT   cooldown:0   movingtime:53
2024-11-09-12-49-33-258(1884):使用了stop  
2024-11-09-12-49-33-259(1884):使用了canStart  TTTTTDC  distance:55.16756651617118   cooldown:0   movingtime:54
2024-11-09-12-49-33-259(1884):使用了start  
2024-11-09-12-49-33-259(1884):使用了tick  TTTTT   cooldown:0   movingtime:54
2024-11-09-12-49-33-307(1885):使用了tick  TTTTT   cooldown:0   movingtime:55
2024-11-09-12-49-33-356(1886):使用了stop  
2024-11-09-12-49-33-357(1886):使用了canStart  TTTTTDC  distance:55.655497100295406   cooldown:0   movingtime:56
2024-11-09-12-49-33-357(1886):使用了start  
2024-11-09-12-49-33-357(1886):使用了tick  TTTTT   cooldown:0   movingtime:56
2024-11-09-12-49-33-407(1887):使用了tick  TTTTT   cooldown:0   movingtime:57
2024-11-09-12-49-33-456(1888):使用了stop  
2024-11-09-12-49-33-457(1888):使用了canStart  TTTTTDC  distance:55.97507371381833   cooldown:0   movingtime:58
2024-11-09-12-49-33-457(1888):使用了start  
2024-11-09-12-49-33-458(1888):使用了tick  TTTTT   cooldown:0   movingtime:58
2024-11-09-12-49-33-507(1889):使用了tick  TTTTT   cooldown:0   movingtime:59
2024-11-09-12-49-33-556(1890):使用了stop  
2024-11-09-12-49-33-557(1890):使用了canStart  TTTTTDC  distance:56.6129289295017   cooldown:0   movingtime:60
2024-11-09-12-49-33-557(1890):使用了start  
2024-11-09-12-49-33-557(1890):使用了tick  TTTTT   cooldown:0   movingtime:60
2024-11-09-12-49-33-607(1891):使用了tick  TTTTT   cooldown:0   movingtime:61
2024-11-09-12-49-33-657(1892):使用了stop  
2024-11-09-12-49-33-657(1892):使用了canStart  TTTTTDC  distance:56.97661384282986   cooldown:0   movingtime:62
2024-11-09-12-49-33-657(1892):使用了start  
2024-11-09-12-49-33-658(1892):使用了tick  TTTTT   cooldown:0   movingtime:62
2024-11-09-12-49-33-708(1893):使用了tick  TTTTT   cooldown:0   movingtime:63
2024-11-09-12-49-33-757(1894):使用了stop  
2024-11-09-12-49-33-757(1894):使用了canStart  TTTTTDC  distance:56.89208948372066   cooldown:0   movingtime:64
2024-11-09-12-49-33-758(1894):使用了start  
2024-11-09-12-49-33-758(1894):使用了tick  TTTTT   cooldown:0   movingtime:64
2024-11-09-12-49-33-807(1895):使用了tick  TTTTT   cooldown:0   movingtime:65
2024-11-09-12-49-33-856(1896):使用了stop  
2024-11-09-12-49-33-857(1896):使用了canStart  TTTTTDC  distance:57.410715477826145   cooldown:0   movingtime:66
2024-11-09-12-49-33-857(1896):使用了start  
2024-11-09-12-49-33-857(1896):使用了tick  TTTTT   cooldown:0   movingtime:66
2024-11-09-12-49-33-908(1897):使用了tick  TTTTT   cooldown:0   movingtime:67
2024-11-09-12-49-33-957(1898):使用了stop  
2024-11-09-12-49-33-958(1898):使用了canStart  TTTTTDC  distance:57.37325657068556   cooldown:0   movingtime:68
2024-11-09-12-49-33-958(1898):使用了start  
2024-11-09-12-49-33-958(1898):使用了tick  TTTTT   cooldown:0   movingtime:68
2024-11-09-12-49-34-009(1899):使用了tick  TTTTT   cooldown:0   movingtime:69
2024-11-09-12-49-34-058(1900):使用了stop  
2024-11-09-12-49-34-059(1900):使用了canStart  TTTTTDC  distance:56.969396174068386   cooldown:0   movingtime:70
2024-11-09-12-49-34-059(1900):使用了start  
2024-11-09-12-49-34-060(1900):使用了tick  TTTTT   cooldown:0   movingtime:70
2024-11-09-12-49-34-107(1901):使用了tick  TTTTT   cooldown:0   movingtime:71
2024-11-09-12-49-34-156(1902):使用了stop  
2024-11-09-12-49-34-157(1902):使用了canStart  TTTTTDC  distance:57.022516148464405   cooldown:0   movingtime:72
2024-11-09-12-49-34-157(1902):使用了start  
2024-11-09-12-49-34-157(1902):使用了tick  TTTTT   cooldown:0   movingtime:72
2024-11-09-12-49-34-207(1903):使用了tick  TTTTT   cooldown:0   movingtime:73
2024-11-09-12-49-34-258(1904):使用了stop  
2024-11-09-12-49-34-259(1904):使用了canStart  TTTTTDC  distance:56.64565853279743   cooldown:0   movingtime:74
2024-11-09-12-49-34-260(1904):使用了start  
2024-11-09-12-49-34-260(1904):使用了tick  TTTTT   cooldown:0   movingtime:74
2024-11-09-12-49-34-307(1905):使用了tick  TTTTT   cooldown:0   movingtime:75
2024-11-09-12-49-34-356(1906):使用了stop  
2024-11-09-12-49-34-357(1906):使用了canStart  TTTTTDC  distance:56.14061809765549   cooldown:0   movingtime:76
2024-11-09-12-49-34-357(1906):使用了start  
2024-11-09-12-49-34-357(1906):使用了tick  TTTTT   cooldown:0   movingtime:76
2024-11-09-12-49-34-406(1907):使用了tick  TTTTT   cooldown:0   movingtime:77
2024-11-09-12-49-34-457(1908):使用了stop  
2024-11-09-12-49-34-457(1908):使用了canStart  TTTTTDC  distance:55.59736442277224   cooldown:0   movingtime:78
2024-11-09-12-49-34-457(1908):使用了start  
2024-11-09-12-49-34-458(1908):使用了tick  TTTTT   cooldown:0   movingtime:78
2024-11-09-12-49-34-508(1909):使用了tick  TTTTT   cooldown:0   movingtime:79
2024-11-09-12-49-34-557(1910):使用了stop  
2024-11-09-12-49-34-558(1910):使用了canStart  TTTTTDC  distance:55.04271916264595   cooldown:0   movingtime:80
2024-11-09-12-49-34-558(1910):使用了start  
2024-11-09-12-49-34-558(1910):使用了tick  TTTTT   cooldown:0   movingtime:80
2024-11-09-12-49-34-607(1911):使用了tick  TTTTT   cooldown:0   movingtime:80
2024-11-09-12-49-34-656(1912):使用了stop  
2024-11-09-12-49-34-657(1912):使用了canStart  TTTTTDC  distance:54.484678224068304   cooldown:0   movingtime:80
2024-11-09-12-49-34-657(1912):使用了start  
2024-11-09-12-49-34-657(1912):使用了tick  TTTTT   cooldown:0   movingtime:80
2024-11-09-12-49-34-706(1913):使用了tick  TTTTT   cooldown:0   movingtime:80
2024-11-09-12-49-34-759(1914):使用了stop  
2024-11-09-12-49-34-760(1914):使用了canStart  TTTTTDC  distance:53.925625323989294   cooldown:0   movingtime:80
2024-11-09-12-49-34-761(1914):使用了start  
2024-11-09-12-49-34-761(1914):使用了tick  TTTTT   cooldown:0   movingtime:80
2024-11-09-12-49-34-807(1915):使用了tick  TTTTT   cooldown:0   movingtime:80
2024-11-09-12-49-34-857(1916):使用了stop  
2024-11-09-12-49-34-857(1916):使用了canStart  TTTTTDC  distance:53.366271097042315   cooldown:0   movingtime:80
2024-11-09-12-49-34-857(1916):使用了start  
2024-11-09-12-49-34-857(1916):使用了tick  TTTTT   cooldown:0   movingtime:80
2024-11-09-12-49-34-907(1917):使用了tick  TTTTT   cooldown:0   movingtime:80
2024-11-09-12-49-34-957(1918):使用了stop  
2024-11-09-12-49-34-957(1918):使用了canStart  TTTTTDC  distance:52.80682740598551   cooldown:0   movingtime:80
2024-11-09-12-49-34-957(1918):使用了start  
2024-11-09-12-49-34-957(1918):使用了tick  TTTTT   cooldown:0   movingtime:80
2024-11-09-12-49-35-006(1919):使用了tick  TTTTT   cooldown:0   movingtime:80
2024-11-09-12-49-35-057(1920):使用了stop  
2024-11-09-12-49-35-058(1920):使用了canStart  TTTTTDC  distance:52.24735742227294   cooldown:0   movingtime:80
2024-11-09-12-49-35-058(1920):使用了start  
2024-11-09-12-49-35-058(1920):使用了tick  TTTTT   cooldown:0   movingtime:80
2024-11-09-12-49-35-109(1921):使用了tick  TTTTT   cooldown:0   movingtime:80
2024-11-09-12-49-35-157(1922):使用了stop  
2024-11-09-12-49-35-157(1922):使用了canStart  TTTTTDC  distance:51.687879990642195   cooldown:0   movingtime:80
2024-11-09-12-49-35-158(1922):使用了start  
2024-11-09-12-49-35-158(1922):使用了tick  TTTTT   cooldown:0   movingtime:80
2024-11-09-12-49-35-210(1923):使用了tick  TTTTT   cooldown:0   movingtime:80
2024-11-09-12-49-35-258(1924):使用了stop  
2024-11-09-12-49-35-259(1924):使用了canStart  TTTTTDC  distance:51.12840074187762   cooldown:0   movingtime:80
2024-11-09-12-49-35-259(1924):使用了start  
2024-11-09-12-49-35-259(1924):使用了tick  TTTTT   cooldown:0   movingtime:80
2024-11-09-12-49-35-308(1925):使用了tick  TTTTT   cooldown:0   movingtime:80
2024-11-09-12-49-35-357(1926):使用了stop  
2024-11-09-12-49-35-357(1926):使用了canStart  TTTTTDC  distance:50.56892136804731   cooldown:0   movingtime:80
2024-11-09-12-49-35-358(1926):使用了start  
2024-11-09-12-49-35-358(1926):使用了tick  TTTTT   cooldown:0   movingtime:80
2024-11-09-12-49-35-407(1927):使用了tick  TTTTT   cooldown:0   movingtime:80
2024-11-09-12-49-35-458(1928):使用了stop  
2024-11-09-12-49-35-459(1928):使用了canStart  TTTTTDC  distance:50.009442387630045   cooldown:0   movingtime:80
2024-11-09-12-49-35-459(1928):使用了start  
2024-11-09-12-49-35-459(1928):使用了tick  TTTTT   cooldown:0   movingtime:80
2024-11-09-12-49-35-507(1929):使用了tick  TTTTT   cooldown:0   movingtime:80
2024-11-09-12-49-35-556(1930):使用了stop  
2024-11-09-12-49-35-557(1930):使用了canStart  TTTTTDC  distance:49.44996396987758   cooldown:0   movingtime:80
2024-11-09-12-49-35-557(1930):使用了start  
2024-11-09-12-49-35-557(1930):使用了tick  TTTTT   cooldown:0   movingtime:80
2024-11-09-12-49-35-607(1931):使用了tick  TTTTT   cooldown:0   movingtime:80
2024-11-09-12-49-35-657(1932):使用了stop  
2024-11-09-12-49-35-658(1932):使用了canStart  TTTTTDC  distance:48.8904861806068   cooldown:0   movingtime:80
2024-11-09-12-49-35-658(1932):使用了start  
2024-11-09-12-49-35-658(1932):使用了tick  TTTTT   cooldown:0   movingtime:80
2024-11-09-12-49-35-706(1933):使用了tick  TTTTT   cooldown:0   movingtime:80
2024-11-09-12-49-35-757(1934):使用了stop  
2024-11-09-12-49-35-757(1934):使用了canStart  TTTTTDC  distance:48.33100905551351   cooldown:0   movingtime:80
2024-11-09-12-49-35-758(1934):使用了start  
2024-11-09-12-49-35-758(1934):使用了tick  TTTTT   cooldown:0   movingtime:80
2024-11-09-12-49-35-808(1935):使用了tick  TTTTT   cooldown:0   movingtime:80
2024-11-09-12-49-35-857(1936):使用了stop  
2024-11-09-12-49-35-857(1936):使用了canStart  TTTTTDC  distance:47.77153262207043   cooldown:0   movingtime:80
2024-11-09-12-49-35-858(1936):使用了start  
2024-11-09-12-49-35-858(1936):使用了tick  TTTTT   cooldown:0   movingtime:80
2024-11-09-12-49-35-907(1937):使用了tick  TTTTT   cooldown:0   movingtime:80
2024-11-09-12-49-35-957(1938):使用了stop  
2024-11-09-12-49-35-957(1938):使用了canStart  TTTTTDC  distance:47.21205690610036   cooldown:0   movingtime:80
2024-11-09-12-49-35-958(1938):使用了start  
2024-11-09-12-49-35-958(1938):使用了tick  TTTTT   cooldown:0   movingtime:80
2024-11-09-12-49-36-006(1939):使用了tick  TTTTT   cooldown:0   movingtime:80
2024-11-09-12-49-36-056(1940):使用了stop  
2024-11-09-12-49-36-057(1940):使用了canStart  TTTTTDC  distance:46.65258193378404   cooldown:0   movingtime:80
2024-11-09-12-49-36-057(1940):使用了start  
2024-11-09-12-49-36-057(1940):使用了tick  TTTTT   cooldown:0   movingtime:80
2024-11-09-12-49-36-107(1941):使用了tick  TTTTT   cooldown:0   movingtime:80
2024-11-09-12-49-36-159(1942):使用了stop  
2024-11-09-12-49-36-159(1942):使用了canStart  TTTTTDC  distance:46.093107732310514   cooldown:0   movingtime:80
2024-11-09-12-49-36-160(1942):使用了start  
2024-11-09-12-49-36-160(1942):使用了tick  TTTTT   cooldown:0   movingtime:80
2024-11-09-12-49-36-207(1943):使用了tick  TTTTT   cooldown:0   movingtime:80
2024-11-09-12-49-36-257(1944):使用了stop  
2024-11-09-12-49-36-257(1944):使用了canStart  TTTTTDC  distance:45.53363433012671   cooldown:0   movingtime:80
2024-11-09-12-49-36-257(1944):使用了start  
2024-11-09-12-49-36-257(1944):使用了tick  TTTTT   cooldown:0   movingtime:80
2024-11-09-12-49-36-309(1945):使用了tick  TTTTT   cooldown:0   movingtime:80
2024-11-09-12-49-36-357(1946):使用了stop  
2024-11-09-12-49-36-358(1946):使用了canStart  TTTTTDC  distance:44.974161757071606   cooldown:0   movingtime:80
2024-11-09-12-49-36-358(1946):使用了start  
2024-11-09-12-49-36-358(1946):使用了tick  TTTTT   cooldown:0   movingtime:80
2024-11-09-12-49-36-407(1947):使用了tick  TTTTT   cooldown:0   movingtime:80
2024-11-09-12-49-36-457(1948):使用了stop  
2024-11-09-12-49-36-457(1948):使用了canStart  TTTTTDC  distance:44.41469004448065   cooldown:0   movingtime:80
2024-11-09-12-49-36-458(1948):使用了start  
2024-11-09-12-49-36-458(1948):使用了tick  TTTTT   cooldown:0   movingtime:80
2024-11-09-12-49-36-508(1949):使用了tick  TTTTT   cooldown:0   movingtime:80
2024-11-09-12-49-36-558(1950):使用了stop  
2024-11-09-12-49-36-558(1950):使用了canStart  TTTTTDC  distance:43.85521922528615   cooldown:0   movingtime:80
2024-11-09-12-49-36-558(1950):使用了start  
2024-11-09-12-49-36-559(1950):使用了tick  TTTTT   cooldown:0   movingtime:80
2024-11-09-12-49-36-606(1951):使用了tick  TTTTT   cooldown:0   movingtime:80
2024-11-09-12-49-36-657(1952):使用了stop  
2024-11-09-12-49-36-657(1952):使用了canStart  TTTTTDC  distance:43.29574933412197   cooldown:0   movingtime:80
2024-11-09-12-49-36-658(1952):使用了start  
2024-11-09-12-49-36-658(1952):使用了tick  TTTTT   cooldown:0   movingtime:80
2024-11-09-12-49-36-707(1953):使用了tick  TTTTT   cooldown:0   movingtime:80
2024-11-09-12-49-36-758(1954):使用了stop  
2024-11-09-12-49-36-758(1954):使用了canStart  TTTTTDC  distance:42.73628040743534   cooldown:0   movingtime:80
2024-11-09-12-49-36-758(1954):使用了start  
2024-11-09-12-49-36-759(1954):使用了tick  TTTTT   cooldown:0   movingtime:80
2024-11-09-12-49-36-808(1955):使用了tick  TTTTT   cooldown:0   movingtime:80
2024-11-09-12-49-36-856(1956):使用了stop  
2024-11-09-12-49-36-858(1956):使用了canStart  TTTTTDC  distance:42.17681248360719   cooldown:0   movingtime:80
2024-11-09-12-49-36-859(1956):使用了start  
2024-11-09-12-49-36-859(1956):使用了tick  TTTTT   cooldown:0   movingtime:80
2024-11-09-12-49-36-907(1957):使用了tick  TTTTT   cooldown:0   movingtime:80
2024-11-09-12-49-36-957(1958):使用了stop  
2024-11-09-12-49-36-957(1958):使用了canStart  TTTTTDC  distance:41.61734560308228   cooldown:0   movingtime:80
2024-11-09-12-49-36-957(1958):使用了start  
2024-11-09-12-49-36-957(1958):使用了tick  TTTTT   cooldown:0   movingtime:80
2024-11-09-12-49-37-007(1959):使用了tick  TTTTT   cooldown:0   movingtime:80
2024-11-09-12-49-37-056(1960):使用了stop  
2024-11-09-12-49-37-057(1960):使用了canStart  TTTTTDC  distance:41.057879808509654   cooldown:0   movingtime:80
2024-11-09-12-49-37-057(1960):使用了start  
2024-11-09-12-49-37-057(1960):使用了tick  TTTTT   cooldown:0   movingtime:80
2024-11-09-12-49-37-108(1961):使用了tick  TTTTT   cooldown:0   movingtime:80
2024-11-09-12-49-37-157(1962):使用了stop  
2024-11-09-12-49-37-157(1962):使用了canStart  TTTTTDC  distance:40.49841514489503   cooldown:0   movingtime:80
2024-11-09-12-49-37-157(1962):使用了start  
2024-11-09-12-49-37-157(1962):使用了tick  TTTTT   cooldown:0   movingtime:80
2024-11-09-12-49-37-206(1963):使用了tick  TTTTT   cooldown:0   movingtime:80
2024-11-09-12-49-37-256(1964):使用了stop  
2024-11-09-12-49-37-257(1964):使用了canStart  TTTTTDC  distance:39.93895165976577   cooldown:0   movingtime:80
2024-11-09-12-49-37-257(1964):使用了start  
2024-11-09-12-49-37-257(1964):使用了tick  TTTTT   cooldown:0   movingtime:80
2024-11-09-12-49-37-309(1965):使用了tick  TTTTT   cooldown:0   movingtime:80
2024-11-09-12-49-37-358(1966):使用了stop  
2024-11-09-12-49-37-359(1966):使用了canStart  TTTTTDC  distance:39.379489403350014   cooldown:0   movingtime:80
2024-11-09-12-49-37-359(1966):使用了start  
2024-11-09-12-49-37-359(1966):使用了tick  TTTTT   cooldown:0   movingtime:80
2024-11-09-12-49-37-407(1967):使用了tick  TTTTT   cooldown:0   movingtime:80
2024-11-09-12-49-37-457(1968):使用了stop  
2024-11-09-12-49-37-457(1968):使用了canStart  TTTTTDC  distance:38.82002842877128   cooldown:0   movingtime:80
2024-11-09-12-49-37-457(1968):使用了start  
2024-11-09-12-49-37-457(1968):使用了tick  TTTTT   cooldown:0   movingtime:80
2024-11-09-12-49-37-507(1969):使用了tick  TTTTT   cooldown:0   movingtime:80
2024-11-09-12-49-37-556(1970):使用了stop  
2024-11-09-12-49-37-557(1970):使用了canStart  TTTTTDC  distance:38.260568792260145   cooldown:0   movingtime:80
2024-11-09-12-49-37-557(1970):使用了start  
2024-11-09-12-49-37-557(1970):使用了tick  TTTTT   cooldown:0   movingtime:80
2024-11-09-12-49-37-608(1971):使用了tick  TTTTT   cooldown:0   movingtime:80
2024-11-09-12-49-37-656(1972):使用了stop  
2024-11-09-12-49-37-657(1972):使用了canStart  TTTTTDC  distance:37.70111055338471   cooldown:0   movingtime:80
2024-11-09-12-49-37-657(1972):使用了start  
2024-11-09-12-49-37-657(1972):使用了tick  TTTTT   cooldown:0   movingtime:80
2024-11-09-12-49-37-707(1973):使用了tick  TTTTT   cooldown:0   movingtime:80
2024-11-09-12-49-37-757(1974):使用了stop  
2024-11-09-12-49-37-757(1974):使用了canStart  TTTTTDC  distance:37.33799046606187   cooldown:0   movingtime:80
2024-11-09-12-49-37-757(1974):使用了start  
2024-11-09-12-49-37-757(1974):使用了tick  TTTTT   cooldown:0   movingtime:80
2024-11-09-12-49-37-808(1975):使用了tick  TTTTT   cooldown:0   movingtime:80
2024-11-09-12-49-37-859(1976):使用了stop  
2024-11-09-12-49-37-860(1976):使用了canStart  TTTTTDC  distance:36.83706566966894   cooldown:0   movingtime:80
2024-11-09-12-49-37-860(1976):使用了start  
2024-11-09-12-49-37-860(1976):使用了tick  TTTTT   cooldown:0   movingtime:80
2024-11-09-12-49-37-908(1977):使用了tick  TTTTT   cooldown:0   movingtime:80
2024-11-09-12-49-37-957(1978):使用了stop  
2024-11-09-12-49-37-957(1978):使用了canStart  TTTTTDC  distance:36.29506026526761   cooldown:0   movingtime:80
2024-11-09-12-49-37-957(1978):使用了start  
2024-11-09-12-49-37-958(1978):使用了tick  TTTTT   cooldown:0   movingtime:80
2024-11-09-12-49-38-006(1979):使用了tick  TTTTT   cooldown:0   movingtime:80
2024-11-09-12-49-38-057(1980):使用了stop  
2024-11-09-12-49-38-058(1980):使用了canStart  TTTTTDC  distance:35.74080927114701   cooldown:0   movingtime:80
2024-11-09-12-49-38-058(1980):使用了start  
2024-11-09-12-49-38-058(1980):使用了tick  TTTTT   cooldown:0   movingtime:80
2024-11-09-12-49-38-108(1981):使用了tick  TTTTT   cooldown:0   movingtime:80
2024-11-09-12-49-38-157(1982):使用了stop  
2024-11-09-12-49-38-157(1982):使用了canStart  TTTTTDC  distance:35.182908906225734   cooldown:0   movingtime:80
2024-11-09-12-49-38-158(1982):使用了start  
2024-11-09-12-49-38-158(1982):使用了tick  TTTTT   cooldown:0   movingtime:80
2024-11-09-12-49-38-206(1983):使用了tick  TTTTT   cooldown:0   movingtime:80
2024-11-09-12-49-38-257(1984):使用了stop  
2024-11-09-12-49-38-257(1984):使用了canStart  TTTTTDC  distance:34.62392189467007   cooldown:0   movingtime:80
2024-11-09-12-49-38-258(1984):使用了start  
2024-11-09-12-49-38-258(1984):使用了tick  TTTTT   cooldown:0   movingtime:80
2024-11-09-12-49-38-307(1985):使用了tick  TTTTT   cooldown:0   movingtime:80
2024-11-09-12-49-38-356(1986):使用了stop  
2024-11-09-12-49-38-357(1986):使用了canStart  TTTTTDC  distance:34.0646122873908   cooldown:0   movingtime:80
2024-11-09-12-49-38-357(1986):使用了start  
2024-11-09-12-49-38-357(1986):使用了tick  TTTTT   cooldown:0   movingtime:80
2024-11-09-12-49-38-407(1987):使用了tick  TTTTT   cooldown:0   movingtime:80
2024-11-09-12-49-38-458(1988):使用了stop  
2024-11-09-12-49-38-459(1988):使用了canStart  TTTTTDC  distance:33.50520792764418   cooldown:0   movingtime:80
2024-11-09-12-49-38-459(1988):使用了start  
2024-11-09-12-49-38-459(1988):使用了tick  TTTTT   cooldown:0   movingtime:80
2024-11-09-12-49-38-508(1989):使用了tick  TTTTT   cooldown:0   movingtime:80
2024-11-09-12-49-38-556(1990):使用了stop  
2024-11-09-12-49-38-557(1990):使用了canStart  TTTTTDC  distance:32.94577681168116   cooldown:0   movingtime:80
2024-11-09-12-49-38-557(1990):使用了start  
2024-11-09-12-49-38-558(1990):使用了tick  TTTTT   cooldown:0   movingtime:80
2024-11-09-12-49-38-607(1991):使用了tick  TTTTT   cooldown:0   movingtime:80
2024-11-09-12-49-38-656(1992):使用了stop  
2024-11-09-12-49-38-657(1992):使用了canStart  TTTTTDC  distance:32.38633928799345   cooldown:0   movingtime:80
2024-11-09-12-49-38-657(1992):使用了start  
2024-11-09-12-49-38-658(1992):使用了tick  TTTTT   cooldown:0   movingtime:80
2024-11-09-12-49-38-708(1993):使用了tick  TTTTT   cooldown:0   movingtime:80
2024-11-09-12-49-38-756(1994):使用了stop  
2024-11-09-12-49-38-757(1994):使用了canStart  TTTTTMovingtime  distance:31.82690150606022   cooldown:0   movingtime:77
2024-11-09-12-49-38-757(1994):使用了start  
2024-11-09-12-49-38-757(1994):使用了tick  TTTTT   cooldown:0   movingtime:77
2024-11-09-12-49-38-807(1995):使用了tick  TTTTT   cooldown:0   movingtime:78
2024-11-09-12-49-38-856(1996):使用了stop  
2024-11-09-12-49-38-857(1996):使用了canStart  TTTTTMovingtime  distance:31.26746538842169   cooldown:0   movingtime:76
2024-11-09-12-49-38-857(1996):使用了start  
2024-11-09-12-49-38-857(1996):使用了tick  TTTTT   cooldown:0   movingtime:76
2024-11-09-12-49-38-906(1997):使用了tick  TTTTT   cooldown:0   movingtime:77
2024-11-09-12-49-38-956(1998):使用了stop  
2024-11-09-12-49-38-957(1998):使用了canStart  TTTTTMovingtime  distance:30.70803160405509   cooldown:0   movingtime:75
2024-11-09-12-49-38-957(1998):使用了start  
2024-11-09-12-49-38-957(1998):使用了tick  TTTTT   cooldown:0   movingtime:75
2024-11-09-12-49-39-006(1999):使用了tick  TTTTT   cooldown:0   movingtime:76
2024-11-09-12-49-39-057(2000):使用了stop  
2024-11-09-12-49-39-058(2000):使用了canStart  TTTTTMovingtime  distance:30.148600455394668   cooldown:0   movingtime:74
2024-11-09-12-49-39-058(2000):使用了start  
2024-11-09-12-49-39-059(2000):使用了tick  TTTTT   cooldown:0   movingtime:74
2024-11-09-12-49-39-110(2001):使用了tick  TTTTT   cooldown:0   movingtime:75
2024-11-09-12-49-39-157(2002):使用了stop  
2024-11-09-12-49-39-157(2002):使用了canStart  TTTTTMovingtime  distance:29.589172143447406   cooldown:0   movingtime:73
2024-11-09-12-49-39-157(2002):使用了start  
2024-11-09-12-49-39-157(2002):使用了tick  TTTTT   cooldown:0   movingtime:73
2024-11-09-12-49-39-207(2003):使用了tick  TTTTT   cooldown:0   movingtime:74
2024-11-09-12-49-39-257(2004):使用了stop  
2024-11-09-12-49-39-257(2004):使用了canStart  TTTTTMovingtime  distance:29.029746847589095   cooldown:0   movingtime:72
2024-11-09-12-49-39-257(2004):使用了start  
2024-11-09-12-49-39-257(2004):使用了tick  TTTTT   cooldown:0   movingtime:72
2024-11-09-12-49-39-308(2005):使用了tick  TTTTT   cooldown:0   movingtime:73
2024-11-09-12-49-39-358(2006):使用了stop  
2024-11-09-12-49-39-359(2006):使用了canStart  TTTTTMovingtime  distance:28.47032475020418   cooldown:0   movingtime:71
2024-11-09-12-49-39-359(2006):使用了start  
2024-11-09-12-49-39-359(2006):使用了tick  TTTTT   cooldown:0   movingtime:71
2024-11-09-12-49-39-407(2007):使用了tick  TTTTT   cooldown:0   movingtime:72
2024-11-09-12-49-39-457(2008):使用了stop  
2024-11-09-12-49-39-459(2008):使用了canStart  TTTTTMovingtime  distance:27.910906044985836   cooldown:0   movingtime:70
2024-11-09-12-49-39-459(2008):使用了start  
2024-11-09-12-49-39-459(2008):使用了tick  TTTTT   cooldown:0   movingtime:70
2024-11-09-12-49-39-507(2009):使用了tick  TTTTT   cooldown:0   movingtime:71
2024-11-09-12-49-39-557(2010):使用了stop  
2024-11-09-12-49-39-558(2010):使用了canStart  TTTTTMovingtime  distance:27.351490940482837   cooldown:0   movingtime:69
2024-11-09-12-49-39-558(2010):使用了start  
2024-11-09-12-49-39-558(2010):使用了tick  TTTTT   cooldown:0   movingtime:69
2024-11-09-12-49-39-608(2011):使用了tick  TTTTT   cooldown:0   movingtime:70
2024-11-09-12-49-39-657(2012):使用了stop  
2024-11-09-12-49-39-657(2012):使用了canStart  TTTTTMovingtime  distance:26.7920796623648   cooldown:0   movingtime:68
2024-11-09-12-49-39-658(2012):使用了start  
2024-11-09-12-49-39-658(2012):使用了tick  TTTTT   cooldown:0   movingtime:68
2024-11-09-12-49-39-707(2013):使用了tick  TTTTT   cooldown:0   movingtime:69
2024-11-09-12-49-39-757(2014):使用了stop  
2024-11-09-12-49-39-758(2014):使用了canStart  TTTTTMovingtime  distance:26.232672455461024   cooldown:0   movingtime:67
2024-11-09-12-49-39-758(2014):使用了start  
2024-11-09-12-49-39-758(2014):使用了tick  TTTTT   cooldown:0   movingtime:67
2024-11-09-12-49-39-810(2015):使用了tick  TTTTT   cooldown:0   movingtime:68
2024-11-09-12-49-39-857(2016):使用了stop  
2024-11-09-12-49-39-858(2016):使用了canStart  TTTTTMovingtime  distance:25.67326958591133   cooldown:0   movingtime:66
2024-11-09-12-49-39-858(2016):使用了start  
2024-11-09-12-49-39-858(2016):使用了tick  TTTTT   cooldown:0   movingtime:66
2024-11-09-12-49-39-907(2017):使用了tick  TTTTT   cooldown:0   movingtime:67
2024-11-09-12-49-39-957(2018):使用了stop  
2024-11-09-12-49-39-957(2018):使用了canStart  TTTTTMovingtime  distance:25.11387134355821   cooldown:0   movingtime:65
2024-11-09-12-49-39-957(2018):使用了start  
2024-11-09-12-49-39-958(2018):使用了tick  TTTTT   cooldown:0   movingtime:65
2024-11-09-12-49-40-006(2019):使用了tick  TTTTT   cooldown:0   movingtime:66
2024-11-09-12-49-40-056(2020):使用了stop  
2024-11-09-12-49-40-057(2020):使用了canStart  TTTTTMovingtime  distance:24.554478044651937   cooldown:0   movingtime:64
2024-11-09-12-49-40-057(2020):使用了start  
2024-11-09-12-49-40-057(2020):使用了tick  TTTTT   cooldown:0   movingtime:64
2024-11-09-12-49-40-107(2021):使用了tick  TTTTT   cooldown:0   movingtime:65
2024-11-09-12-49-40-157(2022):使用了stop  
2024-11-09-12-49-40-158(2022):使用了canStart  TTTTTMovingtime  distance:23.99509003492992   cooldown:0   movingtime:63
2024-11-09-12-49-40-158(2022):使用了start  
2024-11-09-12-49-40-158(2022):使用了tick  TTTTT   cooldown:0   movingtime:63
2024-11-09-12-49-40-206(2023):使用了tick  TTTTT   cooldown:0   movingtime:64
2024-11-09-12-49-40-256(2024):使用了stop  
2024-11-09-12-49-40-257(2024):使用了canStart  TTTTTMovingtime  distance:23.435707693135623   cooldown:0   movingtime:62
2024-11-09-12-49-40-257(2024):使用了start  
2024-11-09-12-49-40-257(2024):使用了tick  TTTTT   cooldown:0   movingtime:62
2024-11-09-12-49-40-308(2025):使用了tick  TTTTT   cooldown:0   movingtime:63
2024-11-09-12-49-40-357(2026):使用了stop  
2024-11-09-12-49-40-357(2026):使用了canStart  TTTTTMovingtime  distance:22.876331435053224   cooldown:0   movingtime:61
2024-11-09-12-49-40-357(2026):使用了start  
2024-11-09-12-49-40-358(2026):使用了tick  TTTTT   cooldown:0   movingtime:61
2024-11-09-12-49-40-407(2027):使用了tick  TTTTT   cooldown:0   movingtime:62
2024-11-09-12-49-40-456(2028):使用了stop  
2024-11-09-12-49-40-457(2028):使用了canStart  TTTTTMovingtime  distance:22.31696171814876   cooldown:0   movingtime:60
2024-11-09-12-49-40-457(2028):使用了start  
2024-11-09-12-49-40-458(2028):使用了tick  TTTTT   cooldown:0   movingtime:60
2024-11-09-12-49-40-507(2029):使用了tick  TTTTT   cooldown:0   movingtime:61
2024-11-09-12-49-40-556(2030):使用了stop  
2024-11-09-12-49-40-557(2030):使用了canStart  TTTTTMovingtime  distance:21.757599046926934   cooldown:0   movingtime:59
2024-11-09-12-49-40-557(2030):使用了start  
2024-11-09-12-49-40-557(2030):使用了tick  TTTTT   cooldown:0   movingtime:59
2024-11-09-12-49-40-608(2031):使用了tick  TTTTT   cooldown:0   movingtime:60
2024-11-09-12-49-40-656(2032):使用了stop  
2024-11-09-12-49-40-657(2032):使用了canStart  TTTTTMovingtime  distance:21.394544242671092   cooldown:0   movingtime:58
2024-11-09-12-49-40-657(2032):使用了start  
2024-11-09-12-49-40-658(2032):使用了tick  TTTTT   cooldown:0   movingtime:58
2024-11-09-12-49-40-707(2033):使用了tick  TTTTT   cooldown:0   movingtime:59
2024-11-09-12-49-40-758(2034):使用了stop  
2024-11-09-12-49-40-758(2034):使用了canStart  TTTTTMovingtime  distance:20.893714024837745   cooldown:0   movingtime:57
2024-11-09-12-49-40-758(2034):使用了start  
2024-11-09-12-49-40-758(2034):使用了tick  TTTTT   cooldown:0   movingtime:57
2024-11-09-12-49-40-808(2035):使用了tick  TTTTT   cooldown:0   movingtime:58
2024-11-09-12-49-40-857(2036):使用了stop  
2024-11-09-12-49-40-857(2036):使用了canStart  TTTTTMovingtime  distance:20.351817308325163   cooldown:0   movingtime:56
2024-11-09-12-49-40-857(2036):使用了start  
2024-11-09-12-49-40-858(2036):使用了tick  TTTTT   cooldown:0   movingtime:56
2024-11-09-12-49-40-907(2037):使用了tick  TTTTT   cooldown:0   movingtime:57
2024-11-09-12-49-40-957(2038):使用了stop  
2024-11-09-12-49-40-957(2038):使用了canStart  TTTTTMovingtime  distance:19.797684891967442   cooldown:0   movingtime:55
2024-11-09-12-49-40-957(2038):使用了start  
2024-11-09-12-49-40-958(2038):使用了tick  TTTTT   cooldown:0   movingtime:55
2024-11-09-12-49-41-006(2039):使用了tick  TTTTT   cooldown:0   movingtime:56
2024-11-09-12-49-41-056(2040):使用了stop  
2024-11-09-12-49-41-058(2040):使用了canStart  TTTTTMovingtime  distance:19.239912193128987   cooldown:0   movingtime:54
2024-11-09-12-49-41-058(2040):使用了start  
2024-11-09-12-49-41-059(2040):使用了tick  TTTTT   cooldown:0   movingtime:54
2024-11-09-12-49-41-108(2041):使用了tick  TTTTT   cooldown:0   movingtime:55
2024-11-09-12-49-41-156(2042):使用了stop  
2024-11-09-12-49-41-157(2042):使用了canStart  TTTTTMovingtime  distance:18.68106227360279   cooldown:0   movingtime:53
2024-11-09-12-49-41-157(2042):使用了start  
2024-11-09-12-49-41-157(2042):使用了tick  TTTTT   cooldown:0   movingtime:53
2024-11-09-12-49-41-207(2043):使用了tick  TTTTT   cooldown:0   movingtime:54
2024-11-09-12-49-41-257(2044):使用了stop  
2024-11-09-12-49-41-258(2044):使用了canStart  TTTTTMovingtime  distance:18.121899959643734   cooldown:0   movingtime:52
2024-11-09-12-49-41-259(2044):使用了start  
2024-11-09-12-49-41-259(2044):使用了tick  TTTTT   cooldown:0   movingtime:52
2024-11-09-12-49-41-310(2045):使用了tick  TTTTT   cooldown:0   movingtime:53
2024-11-09-12-49-41-356(2046):使用了stop  
2024-11-09-12-49-41-357(2046):使用了canStart  TTTTTMovingtime  distance:17.562654098795477   cooldown:0   movingtime:51
2024-11-09-12-49-41-357(2046):使用了start  
2024-11-09-12-49-41-358(2046):使用了tick  TTTTT   cooldown:0   movingtime:51
2024-11-09-12-49-41-406(2047):使用了tick  TTTTT   cooldown:0   movingtime:52
2024-11-09-12-49-41-456(2048):使用了stop  
2024-11-09-12-49-41-457(2048):使用了canStart  TTTTTMovingtime  distance:17.00339386964244   cooldown:0   movingtime:50
2024-11-09-12-49-41-457(2048):使用了start  
2024-11-09-12-49-41-457(2048):使用了tick  TTTTT   cooldown:0   movingtime:50
2024-11-09-12-49-41-507(2049):使用了tick  TTTTT   cooldown:0   movingtime:51
2024-11-09-12-49-41-557(2050):使用了stop  
2024-11-09-12-49-41-557(2050):使用了canStart  TTTTTMovingtime  distance:16.44414098337223   cooldown:0   movingtime:49
2024-11-09-12-49-41-557(2050):使用了start  
2024-11-09-12-49-41-557(2050):使用了tick  TTTTT   cooldown:0   movingtime:49
2024-11-09-12-49-41-606(2051):使用了tick  TTTTT   cooldown:0   movingtime:50
2024-11-09-12-49-41-656(2052):使用了stop  
2024-11-09-12-49-41-657(2052):使用了canStart  TTTTTMovingtime  distance:15.884903155735978   cooldown:0   movingtime:48
2024-11-09-12-49-41-657(2052):使用了start  
2024-11-09-12-49-41-657(2052):使用了tick  TTTTT   cooldown:0   movingtime:48
2024-11-09-12-49-41-707(2053):使用了tick  TTTTT   cooldown:0   movingtime:49
2024-11-09-12-49-41-758(2054):使用了stop  
2024-11-09-12-49-41-759(2054):使用了canStart  TTTTTMovingtime  distance:15.32568411401543   cooldown:0   movingtime:47
2024-11-09-12-49-41-759(2054):使用了start  
2024-11-09-12-49-41-759(2054):使用了tick  TTTTT   cooldown:0   movingtime:47
2024-11-09-12-49-41-807(2055):使用了tick  TTTTT   cooldown:0   movingtime:48
2024-11-09-12-49-41-857(2056):使用了stop  
2024-11-09-12-49-41-857(2056):使用了canStart  TTTTTMovingtime  distance:14.766486615396866   cooldown:0   movingtime:46
2024-11-09-12-49-41-857(2056):使用了start  
2024-11-09-12-49-41-857(2056):使用了tick  TTTTT   cooldown:0   movingtime:46
2024-11-09-12-49-41-906(2057):使用了tick  TTTTT   cooldown:0   movingtime:47
2024-11-09-12-49-41-956(2058):使用了stop  
2024-11-09-12-49-41-957(2058):使用了canStart  TTTTTMovingtime  distance:14.207313390379124   cooldown:0   movingtime:45
2024-11-09-12-49-41-957(2058):使用了start  
2024-11-09-12-49-41-957(2058):使用了tick  TTTTT   cooldown:0   movingtime:45
2024-11-09-12-49-42-007(2059):使用了tick  TTTTT   cooldown:0   movingtime:46
2024-11-09-12-49-42-057(2060):使用了stop  
2024-11-09-12-49-42-057(2060):使用了canStart  TTTTTMovingtime  distance:13.6481674784569   cooldown:0   movingtime:44
2024-11-09-12-49-42-057(2060):使用了start  
2024-11-09-12-49-42-058(2060):使用了tick  TTTTT   cooldown:0   movingtime:44
2024-11-09-12-49-42-107(2061):使用了tick  TTTTT   cooldown:0   movingtime:45
2024-11-09-12-49-42-156(2062):使用了stop  
2024-11-09-12-49-42-157(2062):使用了canStart  TTTTTMovingtime  distance:13.089052396757149   cooldown:0   movingtime:43
2024-11-09-12-49-42-157(2062):使用了start  
2024-11-09-12-49-42-157(2062):使用了tick  TTTTT   cooldown:0   movingtime:43
2024-11-09-12-49-42-207(2063):使用了tick  TTTTT   cooldown:0   movingtime:44
2024-11-09-12-49-42-256(2064):使用了stop  
2024-11-09-12-49-42-256(2064):使用了canStart  TTTTTMovingtime  distance:12.52997227745996   cooldown:0   movingtime:42
2024-11-09-12-49-42-256(2064):使用了start  
2024-11-09-12-49-42-256(2064):使用了tick  TTTTT   cooldown:0   movingtime:42
2024-11-09-12-49-42-309(2065):使用了tick  TTTTT   cooldown:0   movingtime:43
2024-11-09-12-49-42-357(2066):使用了stop  
2024-11-09-12-49-42-357(2066):使用了canStart  TTTTTMovingtime  distance:11.97093202064236   cooldown:0   movingtime:41
2024-11-09-12-49-42-357(2066):使用了start  
2024-11-09-12-49-42-357(2066):使用了tick  TTTTT   cooldown:0   movingtime:41
2024-11-09-12-49-42-407(2067):使用了tick  TTTTT   cooldown:0   movingtime:42
2024-11-09-12-49-42-457(2068):使用了stop  
2024-11-09-12-49-42-458(2068):使用了canStart  TTTTTMovingtime  distance:11.41193748502924   cooldown:0   movingtime:40
2024-11-09-12-49-42-458(2068):使用了start  
2024-11-09-12-49-42-458(2068):使用了tick  TTTTT   cooldown:0   movingtime:40
2024-11-09-12-49-42-507(2069):使用了tick  TTTTT   cooldown:0   movingtime:41
2024-11-09-12-49-42-557(2070):使用了stop  
2024-11-09-12-49-42-557(2070):使用了canStart  TTTTTMovingtime  distance:10.852995735510548   cooldown:0   movingtime:39
2024-11-09-12-49-42-557(2070):使用了start  
2024-11-09-12-49-42-557(2070):使用了tick  TTTTT   cooldown:0   movingtime:39
2024-11-09-12-49-42-606(2071):使用了tick  TTTTT   cooldown:0   movingtime:40
2024-11-09-12-49-42-657(2072):使用了stop  
2024-11-09-12-49-42-657(2072):使用了canStart  TTTTTMovingtime  distance:10.294115370544112   cooldown:0   movingtime:38
2024-11-09-12-49-42-658(2072):使用了start  
2024-11-09-12-49-42-658(2072):使用了tick  TTTTT   cooldown:0   movingtime:38
2024-11-09-12-49-42-707(2073):使用了tick  TTTTT   cooldown:0   movingtime:39
2024-11-09-12-49-42-758(2074):使用了stop  
2024-11-09-12-49-42-758(2074):使用了canStart  TTTTTMovingtime  distance:9.73530696196296   cooldown:0   movingtime:37
2024-11-09-12-49-42-758(2074):使用了start  
2024-11-09-12-49-42-758(2074):使用了tick  TTTTT   cooldown:0   movingtime:37
2024-11-09-12-49-42-807(2075):使用了tick  TTTTT   cooldown:0   movingtime:38
2024-11-09-12-49-42-858(2076):使用了stop  
2024-11-09-12-49-42-858(2076):使用了canStart  TTTTTMovingtime  distance:9.176583655140655   cooldown:0   movingtime:36
2024-11-09-12-49-42-858(2076):使用了start  
2024-11-09-12-49-42-859(2076):使用了tick  TTTTT   cooldown:0   movingtime:36
2024-11-09-12-49-42-907(2077):使用了tick  TTTTT   cooldown:0   movingtime:37
2024-11-09-12-49-42-960(2078):使用了stop  
2024-11-09-12-49-42-961(2078):使用了canStart  TTTTTMovingtime  distance:8.617962002152389   cooldown:0   movingtime:35
2024-11-09-12-49-42-961(2078):使用了start  
2024-11-09-12-49-42-961(2078):使用了tick  TTTTT   cooldown:0   movingtime:35
2024-11-09-12-49-43-007(2079):使用了tick  TTTTT   cooldown:0   movingtime:36
2024-11-09-12-49-43-056(2080):使用了stop  
2024-11-09-12-49-43-057(2080):使用了canStart  TTTTTMovingtime  distance:8.05946314067466   cooldown:0   movingtime:34
2024-11-09-12-49-43-057(2080):使用了start  
2024-11-09-12-49-43-057(2080):使用了tick  TTTTT   cooldown:0   movingtime:34
2024-11-09-12-49-43-107(2081):使用了tick  TTTTT   cooldown:0   movingtime:35
2024-11-09-12-49-43-156(2082):使用了stop  
2024-11-09-12-49-43-157(2082):使用了canStart  TTTTTMovingtime  distance:7.501114498249527   cooldown:0   movingtime:33
2024-11-09-12-49-43-157(2082):使用了start  
2024-11-09-12-49-43-157(2082):使用了tick  TTTTT   cooldown:0   movingtime:33
2024-11-09-12-49-43-207(2083):使用了tick  TTTTT   cooldown:0   movingtime:34
2024-11-09-12-49-43-257(2084):使用了stop  
2024-11-09-12-49-43-257(2084):使用了canStart  TTTTTMovingtime  distance:6.942952316587682   cooldown:0   movingtime:32
2024-11-09-12-49-43-258(2084):使用了start  
2024-11-09-12-49-43-258(2084):使用了tick  TTTTT   cooldown:0   movingtime:32
2024-11-09-12-49-43-306(2085):使用了tick  TTTTT   cooldown:0   movingtime:33
2024-11-09-12-49-43-356(2086):使用了stop  
2024-11-09-12-49-43-357(2086):使用了canStart  TTTTTMovingtime  distance:6.385025495608967   cooldown:0   movingtime:31
2024-11-09-12-49-43-357(2086):使用了start  
2024-11-09-12-49-43-357(2086):使用了tick  TTTTT   cooldown:0   movingtime:31
2024-11-09-12-49-43-406(2087):使用了tick  TTTTT   cooldown:0   movingtime:32
2024-11-09-12-49-43-457(2088):使用了stop  
2024-11-09-12-49-43-458(2088):使用了canStart  TTTTTMovingtime  distance:5.827401637380778   cooldown:0   movingtime:30
2024-11-09-12-49-43-458(2088):使用了start  
2024-11-09-12-49-43-458(2088):使用了tick  TTTTT   cooldown:0   movingtime:30
2024-11-09-12-49-43-508(2089):使用了tick  TTTTT   cooldown:0   movingtime:31
2024-11-09-12-49-43-557(2090):使用了stop  
2024-11-09-12-49-43-557(2090):使用了canStart  TTTTTMovingtime  distance:5.465677349396614   cooldown:0   movingtime:29
2024-11-09-12-49-43-557(2090):使用了start  
2024-11-09-12-49-43-558(2090):使用了tick  TTTTT   cooldown:0   movingtime:29
2024-11-09-12-49-43-607(2091):使用了tick  TTTTT   cooldown:0   movingtime:30
2024-11-09-12-49-43-656(2092):使用了stop  
2024-11-09-12-49-43-657(2092):使用了canStart  TTTTTMovingtime  distance:4.967019083928894   cooldown:0   movingtime:28
2024-11-09-12-49-43-657(2092):使用了start  
2024-11-09-12-49-43-657(2092):使用了tick  TTTTT   cooldown:0   movingtime:28
2024-11-09-12-49-43-707(2093):使用了tick  TTTTT   cooldown:0   movingtime:29
2024-11-09-12-49-43-757(2094):使用了stop  
2024-11-09-12-49-43-757(2094):使用了canStart  TTTTTMovingtime  distance:4.428052627475497   cooldown:0   movingtime:27
2024-11-09-12-49-43-757(2094):使用了start  
2024-11-09-12-49-43-757(2094):使用了tick  TTTTT   cooldown:0   movingtime:27
2024-11-09-12-49-43-808(2095):使用了tick  TTTTT   cooldown:0   movingtime:28
2024-11-09-12-49-43-856(2096):使用了stop  
2024-11-09-12-49-43-857(2096):使用了canStart  TTTTTMovingtime  distance:3.8777984778708197   cooldown:0   movingtime:26
2024-11-09-12-49-43-857(2096):使用了start  
2024-11-09-12-49-43-857(2096):使用了tick  TTTTT   cooldown:0   movingtime:26
2024-11-09-12-49-43-906(2097):使用了tick  TTTTT   cooldown:0   movingtime:27
2024-11-09-12-49-43-957(2098):使用了stop  
2024-11-09-12-49-43-957(2098):使用了canStart  TTTTTMovingtime  distance:3.325278563227716   cooldown:0   movingtime:25
2024-11-09-12-49-43-958(2098):使用了start  
2024-11-09-12-49-43-958(2098):使用了tick  TTTTT   cooldown:0   movingtime:25
2024-11-09-12-49-44-006(2099):使用了tick  TTTTT   cooldown:0   movingtime:26
2024-11-09-12-49-44-057(2100):使用了stop  
2024-11-09-12-49-44-057(2100):使用了canStart  TTTTTMovingtime  distance:2.7738641279721943   cooldown:0   movingtime:24
2024-11-09-12-49-44-057(2100):使用了start  
2024-11-09-12-49-44-057(2100):使用了tick  TTTTT   cooldown:0   movingtime:24
2024-11-09-12-49-44-107(2101):使用了tick  TTTTT   cooldown:0   movingtime:25
2024-11-09-12-49-44-156(2102):使用了stop  
2024-11-09-12-49-44-157(2102):使用了canStart  TTTTTMovingtime  distance:2.225942549264915   cooldown:0   movingtime:23
2024-11-09-12-49-44-157(2102):使用了start  
2024-11-09-12-49-44-157(2102):使用了tick  TTTTT   cooldown:0   movingtime:23
2024-11-09-12-49-44-208(2103):使用了tick  TTTTT   cooldown:0   movingtime:24
2024-11-09-12-49-44-257(2104):使用了stop  
2024-11-09-12-49-44-257(2104):使用了canStart  TTTTTMovingtime  distance:1.685465496952759   cooldown:0   movingtime:22
2024-11-09-12-49-44-257(2104):使用了start  
2024-11-09-12-49-44-258(2104):使用了tick  TTTTT   cooldown:0   movingtime:22
2024-11-09-12-49-44-307(2105):使用了tick  TTTTT   cooldown:0   movingtime:23
2024-11-09-12-49-44-357(2106):使用了stop  
2024-11-09-12-49-44-357(2106):使用了canStart  TTTTTMovingtime  distance:1.1630609079039171   cooldown:0   movingtime:21
2024-11-09-12-49-44-357(2106):使用了start  
2024-11-09-12-49-44-357(2106):使用了tick  TTTTT   cooldown:0   movingtime:21
2024-11-09-12-49-44-406(2107):使用了tick  TTTTT   cooldown:0   movingtime:22
2024-11-09-12-49-44-457(2108):使用了stop  
2024-11-09-12-49-44-457(2108):使用了canStart  TTTTTMovingtime  distance:0.7946303382119608   cooldown:0   movingtime:20
2024-11-09-12-49-44-457(2108):使用了start  
2024-11-09-12-49-44-457(2108):使用了tick  TTTTT   cooldown:0   movingtime:20
2024-11-09-12-49-44-507(2109):使用了tick  TTTTT   cooldown:0   movingtime:21
2024-11-09-12-49-44-557(2110):使用了stop  
2024-11-09-12-49-44-557(2110):使用了canStart  TTTTTMovingtime  distance:0.6991432764997833   cooldown:0   movingtime:19
2024-11-09-12-49-44-558(2110):使用了start  
2024-11-09-12-49-44-558(2110):使用了tick  TTTTT   cooldown:0   movingtime:19
2024-11-09-12-49-44-606(2111):使用了tick  TTTTT   cooldown:0   movingtime:20
2024-11-09-12-49-44-656(2112):使用了stop  
2024-11-09-12-49-44-657(2112):使用了canStart  TTTTTMovingtime  distance:0.6728391299431439   cooldown:0   movingtime:18
2024-11-09-12-49-44-657(2112):使用了start  
2024-11-09-12-49-44-657(2112):使用了tick  TTTTT   cooldown:0   movingtime:18
2024-11-09-12-49-44-707(2113):使用了tick  TTTTT   cooldown:0   movingtime:19
2024-11-09-12-49-44-757(2114):使用了stop  
2024-11-09-12-49-44-757(2114):使用了canStart  TTTTTMovingtime  distance:0.6652259625616572   cooldown:0   movingtime:17
2024-11-09-12-49-44-757(2114):使用了start  
2024-11-09-12-49-44-757(2114):使用了tick  TTTTT   cooldown:0   movingtime:17
2024-11-09-12-49-44-808(2115):使用了tick  TTTTT   cooldown:0   movingtime:18
2024-11-09-12-49-44-856(2116):使用了stop  
2024-11-09-12-49-44-857(2116):使用了canStart  TTTTTMovingtime  distance:0.6652259625616572   cooldown:0   movingtime:16
2024-11-09-12-49-44-857(2116):使用了start  
2024-11-09-12-49-44-857(2116):使用了tick  TTTTT   cooldown:0   movingtime:16
2024-11-09-12-49-44-906(2117):使用了tick  TTTTT   cooldown:0   movingtime:17
2024-11-09-12-49-44-956(2118):使用了stop  
2024-11-09-12-49-44-957(2118):使用了canStart  TTTTTMovingtime  distance:0.6652259625616572   cooldown:0   movingtime:15
2024-11-09-12-49-44-957(2118):使用了start  
2024-11-09-12-49-44-957(2118):使用了tick  TTTTT   cooldown:0   movingtime:15
2024-11-09-12-49-45-006(2119):使用了tick  TTTTT   cooldown:0   movingtime:16
2024-11-09-12-49-45-056(2120):使用了stop  
2024-11-09-12-49-45-057(2120):使用了canStart  TTTTTMovingtime  distance:0.6652259625616572   cooldown:0   movingtime:14
2024-11-09-12-49-45-057(2120):使用了start  
2024-11-09-12-49-45-057(2120):使用了tick  TTTTT   cooldown:0   movingtime:14
2024-11-09-12-49-45-108(2121):使用了tick  TTTTT   cooldown:0   movingtime:15
2024-11-09-12-49-45-156(2122):使用了stop  
2024-11-09-12-49-45-157(2122):使用了canStart  TTTTTMovingtime  distance:0.6652259625616572   cooldown:0   movingtime:13
2024-11-09-12-49-45-157(2122):使用了start  
2024-11-09-12-49-45-157(2122):使用了tick  TTTTT   cooldown:0   movingtime:13
2024-11-09-12-49-45-207(2123):使用了tick  TTTTT   cooldown:0   movingtime:14
2024-11-09-12-49-45-257(2124):使用了stop  
2024-11-09-12-49-45-257(2124):使用了canStart  TTTTTMovingtime  distance:0.6652259625616572   cooldown:0   movingtime:12
2024-11-09-12-49-45-258(2124):使用了start  
2024-11-09-12-49-45-258(2124):使用了tick  TTTTT   cooldown:0   movingtime:12
2024-11-09-12-49-45-306(2125):使用了tick  TTTTT   cooldown:0   movingtime:13
2024-11-09-12-49-45-357(2126):使用了stop  
2024-11-09-12-49-45-357(2126):使用了canStart  TTTTTMovingtime  distance:0.6652259625616572   cooldown:0   movingtime:11
2024-11-09-12-49-45-357(2126):使用了start  
2024-11-09-12-49-45-358(2126):使用了tick  TTTTT   cooldown:0   movingtime:11
2024-11-09-12-49-45-406(2127):使用了tick  TTTTT   cooldown:0   movingtime:12
2024-11-09-12-49-45-456(2128):使用了stop  
2024-11-09-12-49-45-457(2128):使用了canStart  TTTTTMovingtime  distance:0.6652259625616572   cooldown:0   movingtime:10
2024-11-09-12-49-45-457(2128):使用了start  
2024-11-09-12-49-45-457(2128):使用了tick  TTTTT   cooldown:0   movingtime:10
2024-11-09-12-49-45-507(2129):使用了tick  TTTTT   cooldown:0   movingtime:11
2024-11-09-12-49-45-558(2130):使用了stop  
2024-11-09-12-49-45-558(2130):使用了canStart  TTTTTMovingtime  distance:0.6652259625616572   cooldown:0   movingtime:9
2024-11-09-12-49-45-558(2130):使用了start  
2024-11-09-12-49-45-558(2130):使用了tick  TTTTT   cooldown:0   movingtime:9
2024-11-09-12-49-45-606(2131):使用了tick  TTTTT   cooldown:0   movingtime:10
2024-11-09-12-49-45-656(2132):使用了stop  
2024-11-09-12-49-45-657(2132):使用了canStart  TTTTTMovingtime  distance:0.6652259625616572   cooldown:0   movingtime:8
2024-11-09-12-49-45-657(2132):使用了start  
2024-11-09-12-49-45-657(2132):使用了tick  TTTTT   cooldown:0   movingtime:8
2024-11-09-12-49-45-707(2133):使用了tick  TTTTT   cooldown:0   movingtime:9
2024-11-09-12-49-45-758(2134):使用了stop  
2024-11-09-12-49-45-758(2134):使用了canStart  TTTTTMovingtime  distance:0.6652259625616572   cooldown:0   movingtime:7
2024-11-09-12-49-45-758(2134):使用了start  
2024-11-09-12-49-45-758(2134):使用了tick  TTTTT   cooldown:0   movingtime:7
2024-11-09-12-49-45-809(2135):使用了tick  TTTTT   cooldown:0   movingtime:8
2024-11-09-12-49-45-856(2136):使用了stop  
2024-11-09-12-49-45-857(2136):使用了canStart  TTTTTMovingtime  distance:0.6652259625616572   cooldown:0   movingtime:6
2024-11-09-12-49-45-858(2136):使用了start  
2024-11-09-12-49-45-858(2136):使用了tick  TTTTT   cooldown:0   movingtime:6
2024-11-09-12-49-45-907(2137):使用了tick  TTTTT   cooldown:0   movingtime:7
2024-11-09-12-49-45-956(2138):使用了stop  
2024-11-09-12-49-45-957(2138):使用了canStart  TTTTTMovingtime  distance:0.6652259625616572   cooldown:0   movingtime:5
2024-11-09-12-49-45-957(2138):使用了start  
2024-11-09-12-49-45-957(2138):使用了tick  TTTTT   cooldown:0   movingtime:5
2024-11-09-12-49-46-006(2139):使用了tick  TTTTT   cooldown:0   movingtime:6
2024-11-09-12-49-46-056(2140):使用了stop  
2024-11-09-12-49-46-057(2140):使用了canStart  TTTTTMovingtime  distance:0.6652259625616572   cooldown:0   movingtime:4
2024-11-09-12-49-46-057(2140):使用了start  
2024-11-09-12-49-46-057(2140):使用了tick  TTTTT   cooldown:0   movingtime:4
2024-11-09-12-49-46-106(2141):使用了tick  TTTTT   cooldown:0   movingtime:5
2024-11-09-12-49-46-156(2142):使用了stop  
2024-11-09-12-49-46-157(2142):使用了canStart  TTTTTMovingtime  distance:0.6652259625616572   cooldown:0   movingtime:3
2024-11-09-12-49-46-157(2142):使用了start  
2024-11-09-12-49-46-166(2142):使用了tick  TTTTT   cooldown:0   movingtime:3
2024-11-09-12-49-46-206(2143):使用了tick  TTTTT   cooldown:0   movingtime:4
2024-11-09-12-49-46-257(2144):使用了stop  
2024-11-09-12-49-46-257(2144):使用了canStart  TTTTTMovingtime  distance:0.6652259625616572   cooldown:0   movingtime:2
2024-11-09-12-49-46-257(2144):使用了start  
2024-11-09-12-49-46-257(2144):使用了tick  TTTTT   cooldown:0   movingtime:2
2024-11-09-12-49-46-307(2145):使用了tick  TTTTT   cooldown:0   movingtime:3
2024-11-09-12-49-46-357(2146):使用了stop  
2024-11-09-12-49-46-357(2146):使用了canStart  TTTTTMovingtime  distance:0.6652259625616572   cooldown:0   movingtime:1
2024-11-09-12-49-46-357(2146):使用了start  
2024-11-09-12-49-46-357(2146):使用了tick  TTTTT   cooldown:0   movingtime:1
2024-11-09-12-49-46-407(2147):使用了tick  TTTTT   cooldown:0   movingtime:2
2024-11-09-12-49-46-457(2148):使用了stop  
2024-11-09-12-49-46-457(2148):使用了canStart  TTTTTMovingtime  distance:0.6652259625616572   cooldown:0   movingtime:0
2024-11-09-12-49-46-457(2148):使用了start  
2024-11-09-12-49-46-457(2148):使用了tick  TTTTT   cooldown:0   movingtime:0
2024-11-09-12-49-46-508(2149):使用了tick  TTTTT   cooldown:0   movingtime:1
2024-11-09-12-49-46-557(2150):使用了stop  
2024-11-09-12-49-46-557(2150):使用了canStart  FFFFF  distance:0.6652259625616572   cooldown:1   movingtime:2
2024-11-09-12-49-46-656(2150):使用了canStart  FFFFF  distance:0.6652259625616572   cooldown:2   movingtime:2
2024-11-09-12-49-46-756(2150):使用了canStart  FFFFF  distance:0.6652259625616572   cooldown:3   movingtime:2
2024-11-09-12-49-46-857(2150):使用了canStart  FFFFF  distance:0.6652259625616572   cooldown:4   movingtime:2
2024-11-09-12-49-46-956(2150):使用了canStart  FFFFF  distance:0.6652259625616572   cooldown:5   movingtime:2
2024-11-09-12-49-47-056(2150):使用了canStart  FFFFF  distance:0.6652259625616572   cooldown:6   movingtime:2
2024-11-09-12-49-47-156(2150):使用了canStart  FFFFF  distance:0.6652259625616572   cooldown:7   movingtime:2
2024-11-09-12-49-47-257(2150):使用了canStart  FFFFF  distance:0.6652259625616572   cooldown:8   movingtime:2
2024-11-09-12-49-47-357(2150):使用了canStart  FFFFF  distance:0.6652259625616572   cooldown:9   movingtime:2
2024-11-09-12-49-47-456(2150):使用了canStart  FFFFF  distance:0.6652259625616572   cooldown:10   movingtime:2
2024-11-09-12-49-47-556(2150):使用了canStart  FFFFF  distance:0.6652259625616572   cooldown:11   movingtime:2
2024-11-09-12-49-47-656(2150):使用了canStart  FFFFF  distance:0.6652259625616572   cooldown:12   movingtime:2
2024-11-09-12-49-47-756(2150):使用了canStart  FFFFF  distance:0.6652259625616572   cooldown:13   movingtime:2
2024-11-09-12-49-47-858(2150):使用了canStart  FFFFF  distance:0.6652259625616572   cooldown:14   movingtime:2
2024-11-09-12-49-47-956(2150):使用了canStart  FFFFF  distance:0.6652259625616572   cooldown:15   movingtime:2
2024-11-09-12-49-48-058(2150):使用了canStart  FFFFF  distance:0.6652259625616572   cooldown:16   movingtime:2
2024-11-09-12-49-48-157(2150):使用了canStart  FFFFF  distance:0.6652259625616572   cooldown:17   movingtime:2
2024-11-09-12-49-48-256(2150):使用了canStart  FFFFF  distance:0.6652259625616572   cooldown:18   movingtime:2
2024-11-09-12-49-48-356(2150):使用了canStart  FFFFF  distance:0.6652259625616572   cooldown:19   movingtime:2
2024-11-09-12-49-48-457(2150):使用了canStart  FFFFF  distance:0.6652259625616572   cooldown:20   movingtime:2
2024-11-09-12-49-48-557(2150):使用了canStart  FFFFF  distance:0.6652259625616572   cooldown:21   movingtime:2
2024-11-09-12-49-48-656(2150):使用了canStart  FFFFF  distance:0.6652259625616572   cooldown:22   movingtime:2
2024-11-09-12-49-48-757(2150):使用了canStart  FFFFF  distance:0.6652259625616572   cooldown:23   movingtime:2
2024-11-09-12-49-48-857(2150):使用了canStart  FFFFF  distance:0.6652259625616572   cooldown:24   movingtime:2
2024-11-09-12-49-48-956(2150):使用了canStart  FFFFF  distance:0.6652259625616572   cooldown:25   movingtime:2
2024-11-09-12-49-49-056(2150):使用了canStart  FFFFF  distance:0.6652259625616572   cooldown:26   movingtime:2
2024-11-09-12-49-49-157(2150):使用了canStart  FFFFF  distance:0.6652259625616572   cooldown:27   movingtime:2
2024-11-09-12-49-49-256(2150):使用了canStart  FFFFF  distance:0.6652259625616572   cooldown:28   movingtime:2
2024-11-09-12-49-49-356(2150):使用了canStart  FFFFF  distance:0.6652259625616572   cooldown:29   movingtime:2
2024-11-09-12-49-49-456(2150):使用了canStart  FFFFF  distance:0.6652259625616572   cooldown:30   movingtime:2
2024-11-09-12-49-49-556(2150):使用了canStart  FFFFF  distance:0.6652259625616572   cooldown:31   movingtime:2
2024-11-09-12-49-49-657(2150):使用了canStart  FFFFF  distance:0.6652259625616572   cooldown:32   movingtime:2
2024-11-09-12-49-49-757(2150):使用了canStart  FFFFF  distance:0.6652259625616572   cooldown:33   movingtime:2
2024-11-09-12-49-49-859(2150):使用了canStart  FFFFF  distance:0.6652259625616572   cooldown:34   movingtime:2
2024-11-09-12-49-49-957(2150):使用了canStart  FFFFF  distance:0.6652259625616572   cooldown:35   movingtime:2
2024-11-09-12-49-50-057(2150):使用了canStart  FFFFF  distance:0.6652259625616572   cooldown:36   movingtime:2
2024-11-09-12-49-50-157(2150):使用了canStart  FFFFF  distance:0.6652259625616572   cooldown:37   movingtime:2
2024-11-09-12-49-50-257(2150):使用了canStart  FFFFF  distance:0.6652259625616572   cooldown:38   movingtime:2
2024-11-09-12-49-50-358(2150):使用了canStart  FFFFF  distance:0.6652259625616572   cooldown:39   movingtime:2
2024-11-09-12-49-50-456(2150):使用了canStart  FFFFF  distance:0.6652259625616572   cooldown:40   movingtime:2
2024-11-09-12-49-50-557(2150):使用了canStart  FFFFF  distance:0.6652259625616572   cooldown:41   movingtime:2
2024-11-09-12-49-50-658(2150):使用了canStart  FFFFF  distance:0.6652259625616572   cooldown:42   movingtime:2
2024-11-09-12-49-50-756(2150):使用了canStart  FFFFF  distance:0.6652259625616572   cooldown:43   movingtime:2
2024-11-09-12-49-50-857(2150):使用了canStart  FFFFF  distance:0.6652259625616572   cooldown:44   movingtime:2
2024-11-09-12-49-50-957(2150):使用了canStart  FFFFF  distance:0.6652259625616572   cooldown:45   movingtime:2
2024-11-09-12-49-51-058(2150):使用了canStart  FFFFF  distance:0.6652259625616572   cooldown:46   movingtime:2
2024-11-09-12-49-51-158(2150):使用了canStart  FFFFF  distance:0.6652259625616572   cooldown:47   movingtime:2
2024-11-09-12-49-51-256(2150):使用了canStart  FFFFF  distance:0.6652259625616572   cooldown:48   movingtime:2
2024-11-09-12-49-51-357(2150):使用了canStart  FFFFF  distance:0.6652259625616572   cooldown:49   movingtime:2
2024-11-09-12-49-51-456(2150):使用了canStart  FFFFF  distance:0.6652259625616572   cooldown:50   movingtime:2
2024-11-09-12-49-51-556(2150):使用了canStart  FFFFF  distance:0.6652259625616572   cooldown:51   movingtime:2
2024-11-09-12-49-51-657(2150):使用了canStart  FFFFF  distance:0.6652259625616572   cooldown:52   movingtime:2
2024-11-09-12-49-51-756(2150):使用了canStart  FFFFF  distance:0.6652259625616572   cooldown:53   movingtime:2
2024-11-09-12-49-51-857(2150):使用了canStart  FFFFF  distance:0.6652259625616572   cooldown:54   movingtime:2
2024-11-09-12-49-51-957(2150):使用了canStart  FFFFF  distance:0.6652259625616572   cooldown:55   movingtime:2
2024-11-09-12-49-52-057(2150):使用了canStart  FFFFF  distance:0.6652259625616572   cooldown:56   movingtime:2
2024-11-09-12-49-52-156(2150):使用了canStart  FFFFF  distance:0.6652259625616572   cooldown:57   movingtime:2
2024-11-09-12-49-52-257(2150):使用了canStart  FFFFF  distance:0.6652259625616572   cooldown:58   movingtime:2
2024-11-09-12-49-52-357(2150):使用了canStart  FFFFF  distance:0.6652259625616572   cooldown:59   movingtime:2
2024-11-09-12-49-52-456(2150):使用了canStart  FFFFF  distance:0.6652259625616572   cooldown:60   movingtime:2
2024-11-09-12-49-52-557(2150):使用了canStart  FFFFF  distance:0.6652259625616572   cooldown:61   movingtime:2
2024-11-09-12-49-52-658(2150):使用了canStart  FFFFF  distance:0.6652259625616572   cooldown:62   movingtime:2
2024-11-09-12-49-52-768(2150):使用了canStart  FFFFF  distance:0.6652259625616572   cooldown:63   movingtime:2
2024-11-09-12-49-52-859(2150):使用了canStart  FFFFF  distance:0.6652259625616572   cooldown:64   movingtime:2
2024-11-09-12-49-52-957(2150):使用了canStart  FFFFF  distance:0.6652259625616572   cooldown:65   movingtime:2
2024-11-09-12-49-53-058(2150):使用了canStart  FFFFF  distance:0.6652259625616572   cooldown:66   movingtime:2
2024-11-09-12-49-53-157(2150):使用了canStart  FFFFF  distance:0.6652259625616572   cooldown:67   movingtime:2
2024-11-09-12-49-53-256(2150):使用了canStart  FFFFF  distance:0.6652259625616572   cooldown:68   movingtime:2
2024-11-09-12-49-53-356(2150):使用了canStart  FFFFF  distance:0.6652259625616572   cooldown:69   movingtime:2
2024-11-09-12-49-53-457(2150):使用了canStart  FFFFF  distance:0.6652259625616572   cooldown:70   movingtime:2
2024-11-09-12-49-53-557(2150):使用了canStart  FFFFF  distance:0.6652259625616572   cooldown:71   movingtime:2
2024-11-09-12-49-53-656(2150):使用了canStart  FFFFF  distance:0.6652259625616572   cooldown:72   movingtime:2
2024-11-09-12-49-53-756(2150):使用了canStart  FFFFF  distance:0.6652259625616572   cooldown:73   movingtime:2
2024-11-09-12-49-53-858(2150):使用了canStart  FFFFF  distance:0.6652259625616572   cooldown:74   movingtime:2
2024-11-09-12-49-53-956(2150):使用了canStart  FFFFF  distance:0.6652259625616572   cooldown:75   movingtime:2
2024-11-09-12-49-54-057(2150):使用了canStart  FFFFF  distance:0.6652259625616572   cooldown:76   movingtime:2
2024-11-09-12-49-54-156(2150):使用了canStart  FFFFF  distance:0.6652259625616572   cooldown:77   movingtime:2
2024-11-09-12-49-54-256(2150):使用了canStart  FFFFF  distance:0.6652259625616572   cooldown:78   movingtime:2
2024-11-09-12-49-54-357(2150):使用了canStart  FFFFF  distance:0.6652259625616572   cooldown:79   movingtime:2
2024-11-09-12-49-54-459(2150):使用了canStart  FFFFF  distance:0.6652259625616572   cooldown:80   movingtime:2
2024-11-09-12-49-54-558(2150):使用了canStart  FFFFF  distance:0.6652259625616572   cooldown:81   movingtime:2
2024-11-09-12-49-54-657(2150):使用了canStart  FFFFF  distance:0.6652259625616572   cooldown:82   movingtime:2
2024-11-09-12-49-54-756(2150):使用了canStart  FFFFF  distance:0.6652259625616572   cooldown:83   movingtime:2
2024-11-09-12-49-54-857(2150):使用了canStart  FFFFF  distance:0.6652259625616572   cooldown:84   movingtime:2
2024-11-09-12-49-54-957(2150):使用了canStart  FFFFF  distance:0.6652259625616572   cooldown:85   movingtime:2
2024-11-09-12-49-55-056(2150):使用了canStart  FFFFF  distance:0.6652259625616572   cooldown:86   movingtime:2
2024-11-09-12-49-55-157(2150):使用了canStart  FFFFF  distance:0.6652259625616572   cooldown:87   movingtime:2
2024-11-09-12-49-55-257(2150):使用了canStart  FFFFF  distance:0.6652259625616572   cooldown:88   movingtime:2
2024-11-09-12-49-55-357(2150):使用了canStart  FFFFF  distance:0.6652259625616572   cooldown:89   movingtime:2
2024-11-09-12-49-55-461(2150):使用了canStart  FFFFF  distance:0.6652259625616572   cooldown:90   movingtime:2
2024-11-09-12-49-55-557(2150):使用了canStart  FFFFF  distance:0.6652259625616572   cooldown:91   movingtime:2
2024-11-09-12-49-55-657(2150):使用了canStart  FFFFF  distance:0.6652259625616572   cooldown:92   movingtime:2
2024-11-09-12-49-55-762(2150):使用了canStart  FFFFF  distance:0.6652259625616572   cooldown:93   movingtime:2
